<?xml version="1.0" encoding="UTF-8"?>
<testsuite xmlns:xsi="http://www.w3.org/2001/XMLSchema-instance" xsi:noNamespaceSchemaLocation="https://maven.apache.org/surefire/maven-surefire-plugin/xsd/surefire-test-report-3.0.xsd" version="3.0" name="examples.auth.auth_Test" time="5.567" tests="7" errors="0" skipped="0" failures="0">
  <properties>
[...]
</properties>
  <testcase name="[1:7] Login with valid credentials" classname="examples/auth/auth" time="1.676">
    <system-out><![CDATA[15:31:41.014 [main] DEBUG com.intuit.karate.Suite - [config] classpath:karate-config.js
15:31:41.822 [main] INFO  com.intuit.karate - karate.env system property was: null 
15:31:42.122 [main] DEBUG com.intuit.karate - request:
1 > POST https://fakestoreapi.com/auth/login
1 > Content-Type: application/json; charset=UTF-8
1 > Content-Length: 41
1 > Host: fakestoreapi.com
1 > Connection: Keep-Alive
1 > User-Agent: Apache-HttpClient/4.5.14 (Java/17.0.17)
1 > Accept-Encoding: gzip,deflate
{"username":"johnd","password":"m38rmF$"}

15:31:42.714 [main] DEBUG com.intuit.karate - response time in milliseconds: 588
1 < 201
1 < Date: Tue, 02 Dec 2025 20:31:42 GMT
1 < Content-Type: application/json; charset=utf-8
1 < Content-Length: 148
1 < Connection: keep-alive
1 < access-control-allow-origin: *
1 < etag: W/"94-0cflH4sPArWujtDa8iUgF6aqa0g"
1 < x-powered-by: Express
1 < cf-cache-status: DYNAMIC
1 < Nel: {"report_to":"cf-nel","success_fraction":0.0,"max_age":604800}
1 < Server-Timing: cfCacheStatus;desc="DYNAMIC"
1 < Server-Timing: cfEdge;dur=5,cfOrigin;dur=225
1 < Report-To: {"group":"cf-nel","max_age":604800,"endpoints":[{"url":"https://a.nel.cloudflare.com/report/v4?s=rfnc%2FzLR7aOTxXCtqTpbiuUQarrebHmAHSvRm5yR4AibPr6v2%2Bb6P9%2BFbXpY6xOna9RIDz0GhyyO9WI%2B4EHc%2BYs%2Bdy4M6fxa4qCDpjmte2o%3D"}]}
1 < Server: cloudflare
1 < CF-RAY: 9a7d96e4398c99b9-MIA
1 < alt-svc: h3=":443"; ma=86400
{"token":"eyJhbGciOiJIUzI1NiIsInR5cCI6IkpXVCJ9.eyJzdWIiOjEsInVzZXIiOiJqb2huZCIsImlhdCI6MTc2NDcwNzUwMn0.UfLaeHo2u3eBVyLKsvzLq2k1dZZOiACAwQufGj9Q1Z8"}

15:31:42.725 [main] INFO  com.intuit.karate - [print] {
  "token": "eyJhbGciOiJIUzI1NiIsInR5cCI6IkpXVCJ9.eyJzdWIiOjEsInVzZXIiOiJqb2huZCIsImlhdCI6MTc2NDcwNzUwMn0.UfLaeHo2u3eBVyLKsvzLq2k1dZZOiACAwQufGj9Q1Z8"
}
 
]]></system-out>
  </testcase>
  <testcase name="[2:18] validate response time" classname="examples/auth/auth" time="0.461">
    <system-out><![CDATA[15:31:42.737 [main] INFO  com.intuit.karate - karate.env system property was: null 
15:31:42.741 [main] DEBUG com.intuit.karate - request:
1 > POST https://fakestoreapi.com/auth/login
1 > Content-Type: application/json; charset=UTF-8
1 > Content-Length: 41
1 > Host: fakestoreapi.com
1 > Connection: Keep-Alive
1 > User-Agent: Apache-HttpClient/4.5.14 (Java/17.0.17)
1 > Accept-Encoding: gzip,deflate
{"username":"johnd","password":"m38rmF$"}

15:31:43.186 [main] DEBUG com.intuit.karate - response time in milliseconds: 445
1 < 201
1 < Date: Tue, 02 Dec 2025 20:31:43 GMT
1 < Content-Type: application/json; charset=utf-8
1 < Content-Length: 148
1 < Connection: keep-alive
1 < access-control-allow-origin: *
1 < etag: W/"94-qUTSZuUDjnS7eGQLg5gUqAknQzQ"
1 < x-powered-by: Express
1 < cf-cache-status: DYNAMIC
1 < Nel: {"report_to":"cf-nel","success_fraction":0.0,"max_age":604800}
1 < Server-Timing: cfCacheStatus;desc="DYNAMIC"
1 < Server-Timing: cfEdge;dur=5,cfOrigin;dur=227
1 < Report-To: {"group":"cf-nel","max_age":604800,"endpoints":[{"url":"https://a.nel.cloudflare.com/report/v4?s=0tg369YI3KFfOBv0mdAYiwgPeJ%2BFP0Us0vtP%2Fiq4mSes1e0IKeHFCrm4W0Zjm%2FYzk9MEGkBLJuULTPLgn1Erfhri%2FlRACcaHTk3tUr%2FsJ8I%3D"}]}
1 < Server: cloudflare
1 < CF-RAY: 9a7d96e73ad6c9e6-MIA
1 < alt-svc: h3=":443"; ma=86400
{"token":"eyJhbGciOiJIUzI1NiIsInR5cCI6IkpXVCJ9.eyJzdWIiOjEsInVzZXIiOiJqb2huZCIsImlhdCI6MTc2NDcwNzUwM30.p0gP6D_jQ12yTYOVyo_oTdXuHmIAJPYJBAheMjKGoMw"}

15:31:43.190 [main] INFO  com.intuit.karate - [print] {
  "token": "eyJhbGciOiJIUzI1NiIsInR5cCI6IkpXVCJ9.eyJzdWIiOjEsInVzZXIiOiJqb2huZCIsImlhdCI6MTc2NDcwNzUwM30.p0gP6D_jQ12yTYOVyo_oTdXuHmIAJPYJBAheMjKGoMw"
}
 
]]></system-out>
  </testcase>
  <testcase name="[3:27] validate token not empty" classname="examples/auth/auth" time="0.445">
    <system-out><![CDATA[15:31:43.197 [main] INFO  com.intuit.karate - karate.env system property was: null 
15:31:43.200 [main] DEBUG com.intuit.karate - request:
1 > POST https://fakestoreapi.com/auth/login
1 > Content-Type: application/json; charset=UTF-8
1 > Content-Length: 41
1 > Host: fakestoreapi.com
1 > Connection: Keep-Alive
1 > User-Agent: Apache-HttpClient/4.5.14 (Java/17.0.17)
1 > Accept-Encoding: gzip,deflate
{"username":"johnd","password":"m38rmF$"}

15:31:43.634 [main] DEBUG com.intuit.karate - response time in milliseconds: 433
1 < 201
1 < Date: Tue, 02 Dec 2025 20:31:43 GMT
1 < Content-Type: application/json; charset=utf-8
1 < Content-Length: 148
1 < Connection: keep-alive
1 < access-control-allow-origin: *
1 < etag: W/"94-qUTSZuUDjnS7eGQLg5gUqAknQzQ"
1 < x-powered-by: Express
1 < cf-cache-status: DYNAMIC
1 < Nel: {"report_to":"cf-nel","success_fraction":0.0,"max_age":604800}
1 < Server-Timing: cfCacheStatus;desc="DYNAMIC"
1 < Server-Timing: cfEdge;dur=5,cfOrigin;dur=224
1 < Report-To: {"group":"cf-nel","max_age":604800,"endpoints":[{"url":"https://a.nel.cloudflare.com/report/v4?s=clYeM%2BSpcdn2DumPut4fF0MWzVQC79YrUL75cmPNURVVwxPYto7MOAzxF2rNqY1FFTnakq82iuLYszxEnnOqS0wKVtAx7ltU3IqEKeXYkqk%3D"}]}
1 < Server: cloudflare
1 < CF-RAY: 9a7d96ea088cf498-MIA
1 < alt-svc: h3=":443"; ma=86400
{"token":"eyJhbGciOiJIUzI1NiIsInR5cCI6IkpXVCJ9.eyJzdWIiOjEsInVzZXIiOiJqb2huZCIsImlhdCI6MTc2NDcwNzUwM30.p0gP6D_jQ12yTYOVyo_oTdXuHmIAJPYJBAheMjKGoMw"}

15:31:43.637 [main] INFO  com.intuit.karate - [print] {
  "token": "eyJhbGciOiJIUzI1NiIsInR5cCI6IkpXVCJ9.eyJzdWIiOjEsInVzZXIiOiJqb2huZCIsImlhdCI6MTc2NDcwNzUwM30.p0gP6D_jQ12yTYOVyo_oTdXuHmIAJPYJBAheMjKGoMw"
}
 
]]></system-out>
  </testcase>
  <testcase name="[4:40] Login with non-existent user" classname="examples/auth/auth" time="0.454">
    <system-out><![CDATA[15:31:43.643 [main] INFO  com.intuit.karate - karate.env system property was: null 
15:31:43.646 [main] DEBUG com.intuit.karate - request:
1 > POST https://fakestoreapi.com/auth/login
1 > Content-Type: application/json; charset=UTF-8
1 > Content-Length: 46
1 > Host: fakestoreapi.com
1 > Connection: Keep-Alive
1 > User-Agent: Apache-HttpClient/4.5.14 (Java/17.0.17)
1 > Accept-Encoding: gzip,deflate
{"username":"invalido","password":"invalido!"}

15:31:44.089 [main] DEBUG com.intuit.karate - response time in milliseconds: 443
1 < 401
1 < Date: Tue, 02 Dec 2025 20:31:44 GMT
1 < Content-Type: text/html; charset=utf-8
1 < Content-Length: 33
1 < Connection: keep-alive
1 < access-control-allow-origin: *
1 < etag: W/"21-kqEUlF5d6RRpf3XO8rj97canyAM"
1 < x-powered-by: Express
1 < cf-cache-status: DYNAMIC
1 < Nel: {"report_to":"cf-nel","success_fraction":0.0,"max_age":604800}
1 < Server-Timing: cfCacheStatus;desc="DYNAMIC"
1 < Server-Timing: cfEdge;dur=6,cfOrigin;dur=229
1 < Report-To: {"group":"cf-nel","max_age":604800,"endpoints":[{"url":"https://a.nel.cloudflare.com/report/v4?s=uwLdlEUBQFLfi4C0ON%2B5edU7zw%2BUpAkey3Grj9v6Flp%2Fw4dgKdW7HzamTDouD7RVGto8Pp%2Fk7G09ph%2F26Jbk7pg20SmvCpO5NOTRIZEcyBQ%3D"}]}
1 < Server: cloudflare
1 < CF-RAY: 9a7d96ecdd9be55c-MIA
1 < alt-svc: h3=":443"; ma=86400
username or password is incorrect

15:31:44.091 [main] INFO  com.intuit.karate - [print] username or password is incorrect 
]]></system-out>
  </testcase>
  <testcase name="[5:48] Login with a invalid password" classname="examples/auth/auth" time="0.43">
    <system-out><![CDATA[15:31:44.097 [main] INFO  com.intuit.karate - karate.env system property was: null 
15:31:44.100 [main] DEBUG com.intuit.karate - request:
1 > POST https://fakestoreapi.com/auth/login
1 > Content-Type: application/json; charset=UTF-8
1 > Content-Length: 43
1 > Host: fakestoreapi.com
1 > Connection: Keep-Alive
1 > User-Agent: Apache-HttpClient/4.5.14 (Java/17.0.17)
1 > Accept-Encoding: gzip,deflate
{"username":"johnd","password":"invalido!"}

15:31:44.521 [main] DEBUG com.intuit.karate - response time in milliseconds: 420
1 < 401
1 < Date: Tue, 02 Dec 2025 20:31:44 GMT
1 < Content-Type: text/html; charset=utf-8
1 < Content-Length: 33
1 < Connection: keep-alive
1 < access-control-allow-origin: *
1 < etag: W/"21-kqEUlF5d6RRpf3XO8rj97canyAM"
1 < x-powered-by: Express
1 < cf-cache-status: DYNAMIC
1 < Nel: {"report_to":"cf-nel","success_fraction":0.0,"max_age":604800}
1 < Server-Timing: cfCacheStatus;desc="DYNAMIC"
1 < Server-Timing: cfEdge;dur=5,cfOrigin;dur=227
1 < Report-To: {"group":"cf-nel","max_age":604800,"endpoints":[{"url":"https://a.nel.cloudflare.com/report/v4?s=ycgYnJgCKNX80qGG1fHXfV3cqZDhWONung6gnLw3Mp7YxQ4lwmErYjtCM2P7FDQyND0bhirUx%2BOFvGR9nLyi2ibaL9%2B%2Bg108EhySeCBXwAM%3D"}]}
1 < Server: cloudflare
1 < CF-RAY: 9a7d96ef9fc59471-MIA
1 < alt-svc: h3=":443"; ma=86400
username or password is incorrect

15:31:44.522 [main] INFO  com.intuit.karate - [print] username or password is incorrect 
]]></system-out>
  </testcase>
  <testcase name="[6:57] Login without data" classname="examples/auth/auth" time="0.332">
    <system-out><![CDATA[15:31:44.528 [main] INFO  com.intuit.karate - karate.env system property was: null 
15:31:44.530 [main] DEBUG com.intuit.karate - request:
1 > POST https://fakestoreapi.com/auth/login
1 > Content-Type: application/json; charset=UTF-8
1 > Content-Length: 2
1 > Host: fakestoreapi.com
1 > Connection: Keep-Alive
1 > User-Agent: Apache-HttpClient/4.5.14 (Java/17.0.17)
1 > Accept-Encoding: gzip,deflate
{}

15:31:44.854 [main] DEBUG com.intuit.karate - response time in milliseconds: 323
1 < 400
1 < Date: Tue, 02 Dec 2025 20:31:45 GMT
1 < Content-Type: text/html; charset=utf-8
1 < Content-Length: 53
1 < Connection: keep-alive
1 < access-control-allow-origin: *
1 < etag: W/"35-rdWdMc+5t+Ebsw3LCVarsmPsFiQ"
1 < x-powered-by: Express
1 < cf-cache-status: DYNAMIC
1 < Nel: {"report_to":"cf-nel","success_fraction":0.0,"max_age":604800}
1 < Server-Timing: cfCacheStatus;desc="DYNAMIC"
1 < Server-Timing: cfEdge;dur=5,cfOrigin;dur=124
1 < Report-To: {"group":"cf-nel","max_age":604800,"endpoints":[{"url":"https://a.nel.cloudflare.com/report/v4?s=vyXc5AVvPneaaTamxWjXjj4evdlyKTCPbT%2Bq5woHtB0UTF18YCewfk8zvvRk4YknzReuyR%2BPgjIjRATFtUg2I1C8k1X2mjd4MxCit2s7G2s%3D"}]}
1 < Server: cloudflare
1 < CF-RAY: 9a7d96f24af4c594-MIA
1 < alt-svc: h3=":443"; ma=86400
username and password are not provided in JSON format

15:31:44.855 [main] INFO  com.intuit.karate - [print] username and password are not provided in JSON format 
]]></system-out>
  </testcase>
  <testcase name="[7:65] Validate bad JSON body" classname="examples/auth/auth" time="1.043">
    <system-out><![CDATA[15:31:44.861 [main] INFO  com.intuit.karate - karate.env system property was: null 
15:31:44.864 [main] DEBUG com.intuit.karate - request:
1 > POST https://fakestoreapi.com/auth/login
1 > Content-Type: application/json; charset=UTF-8
1 > Content-Length: 44
1 > Host: fakestoreapi.com
1 > Connection: Keep-Alive
1 > User-Agent: Apache-HttpClient/4.5.14 (Java/17.0.17)
1 > Accept-Encoding: gzip,deflate
{ "username": "johnd", "password": m38rmF$ }

15:31:45.176 [main] DEBUG com.intuit.karate - response time in milliseconds: 312
1 < 400
1 < Date: Tue, 02 Dec 2025 20:31:45 GMT
1 < Content-Type: text/html; charset=utf-8
1 < Transfer-Encoding: chunked
1 < Connection: keep-alive
1 < access-control-allow-origin: *
1 < content-security-policy: default-src 'none'
1 < x-content-type-options: nosniff
1 < x-powered-by: Express
1 < cf-cache-status: DYNAMIC
1 < Nel: {"report_to":"cf-nel","success_fraction":0.0,"max_age":604800}
1 < Server-Timing: cfCacheStatus;desc="DYNAMIC"
1 < Server-Timing: cfEdge;dur=4,cfOrigin;dur=123
1 < Report-To: {"group":"cf-nel","max_age":604800,"endpoints":[{"url":"https://a.nel.cloudflare.com/report/v4?s=%2FnhcCdeyL7HDhNYtVxJSpOHnhpaWl7MoM%2FOh%2B3%2FtJiktnFhwWuYVNbBwQ%2FcB3ers7BStB7epsUtGMoYeGAZDL%2Bql2AUT0dXWWsRGyP0RTaY%3D"}]}
1 < Server: cloudflare
1 < CF-RAY: 9a7d96f45fcc341d-MIA
1 < alt-svc: h3=":443"; ma=86400
<!DOCTYPE html>
<html lang="en">
<head>
<meta charset="utf-8">
<title>Error</title>
</head>
<body>
<pre>Bad Request</pre>
<script>(function(){function c(){var b=a.contentDocument||a.contentWindow.document;if(b){var d=b.createElement('script');d.innerHTML="window.__CF$cv$params={r:'9a7d96f45fcc341d',t:'MTc2NDcwNzUwNQ=='};var a=document.createElement('script');a.src='/cdn-cgi/challenge-platform/scripts/jsd/main.js';document.getElementsByTagName('head')[0].appendChild(a);";b.getElementsByTagName('head')[0].appendChild(d)}}if(document.body){var a=document.createElement('iframe');a.height=1;a.width=1;a.style.position='absolute';a.style.top=0;a.style.left=0;a.style.border='none';a.style.visibility='hidden';document.body.appendChild(a);if('loading'!==document.readyState)c();else if(window.addEventListener)document.addEventListener('DOMContentLoaded',c);else{var e=document.onreadystatechange||function(){};document.onreadystatechange=function(b){e(b);'loading'!==document.readyState&&(document.onreadystatechange=e,c())}}}})();</script><script defer src="https://static.cloudflareinsights.com/beacon.min.js/vcd15cbe7772f49c399c6a5babf22c1241717689176015" integrity="sha512-ZpsOmlRQV6y907TI0dKBHq9Md29nnaEIPlkf84rnaERnq6zvWvPUqr2ft8M1aS28oN72PdrCzSjY4U6VaAw1EQ==" data-cf-beacon='{"version":"2024.11.0","token":"329b29d772ea4dc784f67579bb41165d","r":1,"server_timing":{"name":{"cfCacheStatus":true,"cfEdge":true,"cfExtPri":true,"cfL4":true,"cfOrigin":true,"cfSpeedBrain":true},"location_startswith":null}}' crossorigin="anonymous"></script>
</body>
</html>


15:31:45.178 [main] INFO  com.intuit.karate - [print] <!DOCTYPE html>
<html lang="en">
<head>
<meta charset="utf-8">
<title>Error</title>
</head>
<body>
<pre>Bad Request</pre>
<script>(function(){function c(){var b=a.contentDocument||a.contentWindow.document;if(b){var d=b.createElement('script');d.innerHTML="window.__CF$cv$params={r:'9a7d96f45fcc341d',t:'MTc2NDcwNzUwNQ=='};var a=document.createElement('script');a.src='/cdn-cgi/challenge-platform/scripts/jsd/main.js';document.getElementsByTagName('head')[0].appendChild(a);";b.getElementsByTagName('head')[0].appendChild(d)}}if(document.body){var a=document.createElement('iframe');a.height=1;a.width=1;a.style.position='absolute';a.style.top=0;a.style.left=0;a.style.border='none';a.style.visibility='hidden';document.body.appendChild(a);if('loading'!==document.readyState)c();else if(window.addEventListener)document.addEventListener('DOMContentLoaded',c);else{var e=document.onreadystatechange||function(){};document.onreadystatechange=function(b){e(b);'loading'!==document.readyState&&(document.onreadystatechange=e,c())}}}})();</script><script defer src="https://static.cloudflareinsights.com/beacon.min.js/vcd15cbe7772f49c399c6a5babf22c1241717689176015" integrity="sha512-ZpsOmlRQV6y907TI0dKBHq9Md29nnaEIPlkf84rnaERnq6zvWvPUqr2ft8M1aS28oN72PdrCzSjY4U6VaAw1EQ==" data-cf-beacon='{"version":"2024.11.0","token":"329b29d772ea4dc784f67579bb41165d","r":1,"server_timing":{"name":{"cfCacheStatus":true,"cfEdge":true,"cfExtPri":true,"cfL4":true,"cfOrigin":true,"cfSpeedBrain":true},"location_startswith":null}}' crossorigin="anonymous"></script>
</body>
</html>
 
---------------------------------------------------------
feature: classpath:examples/auth/auth.feature
scenarios:  7 | passed:  7 | failed:  0 | time: 3.2838
---------------------------------------------------------

Karate version: 1.4.1
======================================================
elapsed:   4.87 | threads:    1 | thread time: 3.28 
features:     1 | skipped:    0 | efficiency: 0.67
scenarios:    7 | passed:     7 | failed: 0
======================================================

HTML report: (paste into browser to view) | Karate version: 1.4.1
file:///C:/Users/Mairon/Documents/Karate%20automation/technical_test/target/karate-reports/karate-summary.html
===================================================================

]]></system-out>
  </testcase>
</testsuite>