<?xml version="1.0" encoding="UTF-8"?>
<testsuite xmlns:xsi="http://www.w3.org/2001/XMLSchema-instance" xsi:noNamespaceSchemaLocation="https://maven.apache.org/surefire/maven-surefire-plugin/xsd/surefire-test-report-3.0.xsd" version="3.0" name="examples.carts.carts_Test" time="6.426" tests="14" errors="0" skipped="0" failures="5">
  <properties>
[...]
</properties>
  <testcase name="[1:8] get all carts" classname="examples/carts/carts" time="0.443">
    <system-out><![CDATA[15:31:45.913 [main] DEBUG com.intuit.karate.Suite - [config] classpath:karate-config.js
15:31:45.921 [main] INFO  com.intuit.karate - karate.env system property was: null 
15:31:45.924 [main] DEBUG com.intuit.karate - request:
1 > GET https://fakestoreapi.com/carts
1 > Host: fakestoreapi.com
1 > Connection: Keep-Alive
1 > User-Agent: Apache-HttpClient/4.5.14 (Java/17.0.17)
1 > Accept-Encoding: gzip,deflate


15:31:46.356 [main] DEBUG com.intuit.karate - response time in milliseconds: 431
1 < 200
1 < Date: Tue, 02 Dec 2025 20:31:46 GMT
1 < Content-Type: application/json; charset=utf-8
1 < Transfer-Encoding: chunked
1 < Connection: keep-alive
1 < access-control-allow-origin: *
1 < etag: W/"3a8-j3C8983spvK8GpaSYa+SyYlAS2A"
1 < x-powered-by: Express
1 < cf-cache-status: DYNAMIC
1 < Nel: {"report_to":"cf-nel","success_fraction":0.0,"max_age":604800}
1 < Server-Timing: cfCacheStatus;desc="DYNAMIC"
1 < Server-Timing: cfEdge;dur=3,cfOrigin;dur=230
1 < Report-To: {"group":"cf-nel","max_age":604800,"endpoints":[{"url":"https://a.nel.cloudflare.com/report/v4?s=Qq64AQAxDE8ItWaBMJ6xMwJUVvnvyV7AkCR%2F%2BJpqGPSF1%2BEGwOOb%2FCXxHKi2BIAcwu7S33zWFhVQufjbgVVUbrMZ1cI%2FJS%2FnSD2cCHaDLm8%3D"}]}
1 < Server: cloudflare
1 < CF-RAY: 9a7d96fb0d332634-MIA
1 < alt-svc: h3=":443"; ma=86400
[{"id":1,"userId":1,"date":"2020-03-02T00:00:00.000Z","products":[{"productId":1,"quantity":4},{"productId":2,"quantity":1},{"productId":3,"quantity":6}],"__v":0},{"id":2,"userId":1,"date":"2020-01-02T00:00:00.000Z","products":[{"productId":2,"quantity":4},{"productId":1,"quantity":10},{"productId":5,"quantity":2}],"__v":0},{"id":3,"userId":2,"date":"2020-03-01T00:00:00.000Z","products":[{"productId":1,"quantity":2},{"productId":9,"quantity":1}],"__v":0},{"id":4,"userId":3,"date":"2020-01-01T00:00:00.000Z","products":[{"productId":1,"quantity":4}],"__v":0},{"id":5,"userId":3,"date":"2020-03-01T00:00:00.000Z","products":[{"productId":7,"quantity":1},{"productId":8,"quantity":1}],"__v":0},{"id":6,"userId":4,"date":"2020-03-01T00:00:00.000Z","products":[{"productId":10,"quantity":2},{"productId":12,"quantity":3}],"__v":0},{"id":7,"userId":8,"date":"2020-03-01T00:00:00.000Z","products":[{"productId":18,"quantity":1}],"__v":0}]

15:31:46.358 [main] INFO  com.intuit.karate - [print] [
  {
    "id": 1,
    "userId": 1,
    "date": "2020-03-02T00:00:00.000Z",
    "products": [
      {
        "productId": 1,
        "quantity": 4
      },
      {
        "productId": 2,
        "quantity": 1
      },
      {
        "productId": 3,
        "quantity": 6
      }
    ],
    "__v": 0
  },
  {
    "id": 2,
    "userId": 1,
    "date": "2020-01-02T00:00:00.000Z",
    "products": [
      {
        "productId": 2,
        "quantity": 4
      },
      {
        "productId": 1,
        "quantity": 10
      },
      {
        "productId": 5,
        "quantity": 2
      }
    ],
    "__v": 0
  },
  {
    "id": 3,
    "userId": 2,
    "date": "2020-03-01T00:00:00.000Z",
    "products": [
      {
        "productId": 1,
        "quantity": 2
      },
      {
        "productId": 9,
        "quantity": 1
      }
    ],
    "__v": 0
  },
  {
    "id": 4,
    "userId": 3,
    "date": "2020-01-01T00:00:00.000Z",
    "products": [
      {
        "productId": 1,
        "quantity": 4
      }
    ],
    "__v": 0
  },
  {
    "id": 5,
    "userId": 3,
    "date": "2020-03-01T00:00:00.000Z",
    "products": [
      {
        "productId": 7,
        "quantity": 1
      },
      {
        "productId": 8,
        "quantity": 1
      }
    ],
    "__v": 0
  },
  {
    "id": 6,
    "userId": 4,
    "date": "2020-03-01T00:00:00.000Z",
    "products": [
      {
        "productId": 10,
        "quantity": 2
      },
      {
        "productId": 12,
        "quantity": 3
      }
    ],
    "__v": 0
  },
  {
    "id": 7,
    "userId": 8,
    "date": "2020-03-01T00:00:00.000Z",
    "products": [
      {
        "productId": 18,
        "quantity": 1
      }
    ],
    "__v": 0
  }
]
 
]]></system-out>
  </testcase>
  <testcase name="[2:14] get cart id" classname="examples/carts/carts" time="0.428">
    <system-out><![CDATA[15:31:46.362 [main] INFO  com.intuit.karate - karate.env system property was: null 
15:31:46.364 [main] DEBUG com.intuit.karate - request:
1 > GET https://fakestoreapi.com/carts/1
1 > Host: fakestoreapi.com
1 > Connection: Keep-Alive
1 > User-Agent: Apache-HttpClient/4.5.14 (Java/17.0.17)
1 > Accept-Encoding: gzip,deflate


15:31:46.786 [main] DEBUG com.intuit.karate - response time in milliseconds: 422
1 < 200
1 < Date: Tue, 02 Dec 2025 20:31:47 GMT
1 < Content-Type: application/json; charset=utf-8
1 < Transfer-Encoding: chunked
1 < Connection: keep-alive
1 < access-control-allow-origin: *
1 < etag: W/"a1-wvAyaNKAHffOoZd5/I4wHuNFvSs"
1 < x-powered-by: Express
1 < cf-cache-status: DYNAMIC
1 < Nel: {"report_to":"cf-nel","success_fraction":0.0,"max_age":604800}
1 < Server-Timing: cfCacheStatus;desc="DYNAMIC"
1 < Server-Timing: cfEdge;dur=5,cfOrigin;dur=220
1 < Report-To: {"group":"cf-nel","max_age":604800,"endpoints":[{"url":"https://a.nel.cloudflare.com/report/v4?s=QBvf63BouF4WG%2BuGesmTFCWA5%2F0z2EMggkYAEoWiI9jkWIoULdEC0UYG5J1rDdFmNqIthNJYN7NmtJrnGPM%2FyUzbh7AniV0xvYatWmPCV%2BA%3D"}]}
1 < Server: cloudflare
1 < CF-RAY: 9a7d96fdcc255d6c-MIA
1 < alt-svc: h3=":443"; ma=86400
{"id":1,"userId":1,"date":"2020-03-02T00:00:00.000Z","products":[{"productId":1,"quantity":4},{"productId":2,"quantity":1},{"productId":3,"quantity":6}],"__v":0}

15:31:46.787 [main] INFO  com.intuit.karate - [print] {
  "id": 1,
  "userId": 1,
  "date": "2020-03-02T00:00:00.000Z",
  "products": [
    {
      "productId": 1,
      "quantity": 4
    },
    {
      "productId": 2,
      "quantity": 1
    },
    {
      "productId": 3,
      "quantity": 6
    }
  ],
  "__v": 0
}
 
]]></system-out>
  </testcase>
  <testcase name="[3:20] get user id" classname="examples/carts/carts" time="0.436">
    <system-out><![CDATA[15:31:46.791 [main] INFO  com.intuit.karate - karate.env system property was: null 
15:31:46.793 [main] DEBUG com.intuit.karate - request:
1 > GET https://fakestoreapi.com/carts/1
1 > Host: fakestoreapi.com
1 > Connection: Keep-Alive
1 > User-Agent: Apache-HttpClient/4.5.14 (Java/17.0.17)
1 > Accept-Encoding: gzip,deflate


15:31:47.223 [main] DEBUG com.intuit.karate - response time in milliseconds: 430
1 < 200
1 < Date: Tue, 02 Dec 2025 20:31:47 GMT
1 < Content-Type: application/json; charset=utf-8
1 < Transfer-Encoding: chunked
1 < Connection: keep-alive
1 < access-control-allow-origin: *
1 < etag: W/"a1-wvAyaNKAHffOoZd5/I4wHuNFvSs"
1 < x-powered-by: Express
1 < cf-cache-status: DYNAMIC
1 < Nel: {"report_to":"cf-nel","success_fraction":0.0,"max_age":604800}
1 < Server-Timing: cfCacheStatus;desc="DYNAMIC"
1 < Server-Timing: cfEdge;dur=2,cfOrigin;dur=223
1 < Report-To: {"group":"cf-nel","max_age":604800,"endpoints":[{"url":"https://a.nel.cloudflare.com/report/v4?s=vpCakHc3RXLI47mNShzfmproQ47eD53rvBSXSTg4WuSw5oJGSRMQ%2BUKBOLF0ZRYm%2FXWIOIIs8KbK9c7JLa%2BqXK%2BCZeCzPNRhpgGJADooL%2Bg%3D"}]}
1 < Server: cloudflare
1 < CF-RAY: 9a7d97007facf498-MIA
1 < alt-svc: h3=":443"; ma=86400
{"id":1,"userId":1,"date":"2020-03-02T00:00:00.000Z","products":[{"productId":1,"quantity":4},{"productId":2,"quantity":1},{"productId":3,"quantity":6}],"__v":0}

15:31:47.225 [main] INFO  com.intuit.karate - [print] 1 
]]></system-out>
  </testcase>
  <testcase name="[4:27] get products by cart id" classname="examples/carts/carts" time="0.441">
    <system-out><![CDATA[15:31:47.229 [main] INFO  com.intuit.karate - karate.env system property was: null 
15:31:47.230 [main] DEBUG com.intuit.karate - request:
1 > GET https://fakestoreapi.com/carts/2
1 > Host: fakestoreapi.com
1 > Connection: Keep-Alive
1 > User-Agent: Apache-HttpClient/4.5.14 (Java/17.0.17)
1 > Accept-Encoding: gzip,deflate


15:31:47.666 [main] DEBUG com.intuit.karate - response time in milliseconds: 435
1 < 200
1 < Date: Tue, 02 Dec 2025 20:31:47 GMT
1 < Content-Type: application/json; charset=utf-8
1 < Transfer-Encoding: chunked
1 < Connection: keep-alive
1 < access-control-allow-origin: *
1 < etag: W/"a2-iVKAFZNDVn5u19OI7Bz+kha8xjg"
1 < x-powered-by: Express
1 < cf-cache-status: DYNAMIC
1 < Nel: {"report_to":"cf-nel","success_fraction":0.0,"max_age":604800}
1 < Server-Timing: cfCacheStatus;desc="DYNAMIC"
1 < Server-Timing: cfEdge;dur=4,cfOrigin;dur=226
1 < Report-To: {"group":"cf-nel","max_age":604800,"endpoints":[{"url":"https://a.nel.cloudflare.com/report/v4?s=KTLrgHwU4Pr6SbXTdYM5OWN51MaD1hIa4TJHJwtpCb60ixe0JdOUGL7i0Wb4Mc2B8Alo34zg2%2BevIzfIqZ7MMmwxv5snv4BND2pFCl%2F7X88%3D"}]}
1 < Server: cloudflare
1 < CF-RAY: 9a7d97033c3a7ea1-MIA
1 < alt-svc: h3=":443"; ma=86400
{"id":2,"userId":1,"date":"2020-01-02T00:00:00.000Z","products":[{"productId":2,"quantity":4},{"productId":1,"quantity":10},{"productId":5,"quantity":2}],"__v":0}

15:31:47.667 [main] INFO  com.intuit.karate - [print] {
  "id": 2,
  "userId": 1,
  "date": "2020-01-02T00:00:00.000Z",
  "products": [
    {
      "productId": 2,
      "quantity": 4
    },
    {
      "productId": 1,
      "quantity": 10
    },
    {
      "productId": 5,
      "quantity": 2
    }
  ],
  "__v": 0
}
 
]]></system-out>
  </testcase>
  <testcase name="[5:34] Post new cart" classname="examples/carts/carts" time="0.602">
    <system-out><![CDATA[15:31:47.671 [main] INFO  com.intuit.karate - karate.env system property was: null 
15:31:47.678 [main] DEBUG com.intuit.karate - request:
1 > POST https://fakestoreapi.com/carts
1 > Host: fakestoreapi.com
1 > Connection: Keep-Alive
1 > User-Agent: Apache-HttpClient/4.5.14 (Java/17.0.17)
1 > Accept-Encoding: gzip,deflate


15:31:48.270 [main] DEBUG com.intuit.karate - response time in milliseconds: 590
1 < 201
1 < Date: Tue, 02 Dec 2025 20:31:48 GMT
1 < Content-Type: application/json; charset=utf-8
1 < Content-Length: 9
1 < Connection: keep-alive
1 < access-control-allow-origin: *
1 < etag: W/"9-hVv0cNJophUD7CGn+ZqXp8tVGo0"
1 < x-powered-by: Express
1 < cf-cache-status: DYNAMIC
1 < Nel: {"report_to":"cf-nel","success_fraction":0.0,"max_age":604800}
1 < Server-Timing: cfCacheStatus;desc="DYNAMIC"
1 < Server-Timing: cfEdge;dur=7,cfOrigin;dur=386
1 < Report-To: {"group":"cf-nel","max_age":604800,"endpoints":[{"url":"https://a.nel.cloudflare.com/report/v4?s=o2%2Bf0daqyLQmhhUAF7W9DiRsaEx946ex5mlF4RX2dG%2BHU3gWyhvNPiek5xKvGmul%2F6F%2BZ6knySq2Inh9SxKGCA0aGB1f8w%2F4gM8GLzldLPw%3D"}]}
1 < Server: cloudflare
1 < CF-RAY: 9a7d9705fbe22878-MIA
1 < alt-svc: h3=":443"; ma=86400
{"id":11}

15:31:48.271 [main] INFO  com.intuit.karate - [print] {
  "id": 11
}
 
]]></system-out>
  </testcase>
  <testcase name="[6:42] Post new cart inside another cart" classname="examples/carts/carts" time="0.329">
    <system-out><![CDATA[15:31:48.275 [main] INFO  com.intuit.karate - karate.env system property was: null 
15:31:48.277 [main] DEBUG com.intuit.karate - request:
1 > POST https://fakestoreapi.com/carts/1
1 > Host: fakestoreapi.com
1 > Connection: Keep-Alive
1 > User-Agent: Apache-HttpClient/4.5.14 (Java/17.0.17)
1 > Accept-Encoding: gzip,deflate


15:31:48.601 [main] DEBUG com.intuit.karate - response time in milliseconds: 324
1 < 404
1 < Date: Tue, 02 Dec 2025 20:31:48 GMT
1 < Content-Type: text/html; charset=utf-8
1 < Transfer-Encoding: chunked
1 < Connection: keep-alive
1 < access-control-allow-origin: *
1 < content-security-policy: default-src 'none'
1 < x-content-type-options: nosniff
1 < x-powered-by: Express
1 < cf-cache-status: DYNAMIC
1 < Nel: {"report_to":"cf-nel","success_fraction":0.0,"max_age":604800}
1 < Server-Timing: cfCacheStatus;desc="DYNAMIC"
1 < Server-Timing: cfEdge;dur=5,cfOrigin;dur=123
1 < Report-To: {"group":"cf-nel","max_age":604800,"endpoints":[{"url":"https://a.nel.cloudflare.com/report/v4?s=LDyhI3jivKfYWXj5zonoC77Tg%2BBjB8nF%2B%2B7zquFgyfpGvYSO8DnokCj1WTAeoU6KkF70iaKTbFGXbokYcVwKwJZZK7%2BQOBsqzR6UUZQrt%2BU%3D"}]}
1 < Server: cloudflare
1 < CF-RAY: 9a7d9709beb83043-MIA
1 < alt-svc: h3=":443"; ma=86400
<!DOCTYPE html>
<html lang="en">
<head>
<meta charset="utf-8">
<title>Error</title>
</head>
<body>
<pre>Cannot POST /carts/1</pre>
<script>(function(){function c(){var b=a.contentDocument||a.contentWindow.document;if(b){var d=b.createElement('script');d.innerHTML="window.__CF$cv$params={r:'9a7d9709beb83043',t:'MTc2NDcwNzUwOA=='};var a=document.createElement('script');a.src='/cdn-cgi/challenge-platform/scripts/jsd/main.js';document.getElementsByTagName('head')[0].appendChild(a);";b.getElementsByTagName('head')[0].appendChild(d)}}if(document.body){var a=document.createElement('iframe');a.height=1;a.width=1;a.style.position='absolute';a.style.top=0;a.style.left=0;a.style.border='none';a.style.visibility='hidden';document.body.appendChild(a);if('loading'!==document.readyState)c();else if(window.addEventListener)document.addEventListener('DOMContentLoaded',c);else{var e=document.onreadystatechange||function(){};document.onreadystatechange=function(b){e(b);'loading'!==document.readyState&&(document.onreadystatechange=e,c())}}}})();</script><script defer src="https://static.cloudflareinsights.com/beacon.min.js/vcd15cbe7772f49c399c6a5babf22c1241717689176015" integrity="sha512-ZpsOmlRQV6y907TI0dKBHq9Md29nnaEIPlkf84rnaERnq6zvWvPUqr2ft8M1aS28oN72PdrCzSjY4U6VaAw1EQ==" data-cf-beacon='{"version":"2024.11.0","token":"329b29d772ea4dc784f67579bb41165d","r":1,"server_timing":{"name":{"cfCacheStatus":true,"cfEdge":true,"cfExtPri":true,"cfL4":true,"cfOrigin":true,"cfSpeedBrain":true},"location_startswith":null}}' crossorigin="anonymous"></script>
</body>
</html>


15:31:48.602 [main] INFO  com.intuit.karate - [print] <!DOCTYPE html>
<html lang="en">
<head>
<meta charset="utf-8">
<title>Error</title>
</head>
<body>
<pre>Cannot POST /carts/1</pre>
<script>(function(){function c(){var b=a.contentDocument||a.contentWindow.document;if(b){var d=b.createElement('script');d.innerHTML="window.__CF$cv$params={r:'9a7d9709beb83043',t:'MTc2NDcwNzUwOA=='};var a=document.createElement('script');a.src='/cdn-cgi/challenge-platform/scripts/jsd/main.js';document.getElementsByTagName('head')[0].appendChild(a);";b.getElementsByTagName('head')[0].appendChild(d)}}if(document.body){var a=document.createElement('iframe');a.height=1;a.width=1;a.style.position='absolute';a.style.top=0;a.style.left=0;a.style.border='none';a.style.visibility='hidden';document.body.appendChild(a);if('loading'!==document.readyState)c();else if(window.addEventListener)document.addEventListener('DOMContentLoaded',c);else{var e=document.onreadystatechange||function(){};document.onreadystatechange=function(b){e(b);'loading'!==document.readyState&&(document.onreadystatechange=e,c())}}}})();</script><script defer src="https://static.cloudflareinsights.com/beacon.min.js/vcd15cbe7772f49c399c6a5babf22c1241717689176015" integrity="sha512-ZpsOmlRQV6y907TI0dKBHq9Md29nnaEIPlkf84rnaERnq6zvWvPUqr2ft8M1aS28oN72PdrCzSjY4U6VaAw1EQ==" data-cf-beacon='{"version":"2024.11.0","token":"329b29d772ea4dc784f67579bb41165d","r":1,"server_timing":{"name":{"cfCacheStatus":true,"cfEdge":true,"cfExtPri":true,"cfL4":true,"cfOrigin":true,"cfSpeedBrain":true},"location_startswith":null}}' crossorigin="anonymous"></script>
</body>
</html>
 
]]></system-out>
  </testcase>
  <testcase name="[7:50] Add new products to cart" classname="examples/carts/carts" time="0.319">
    <system-out><![CDATA[15:31:48.606 [main] INFO  com.intuit.karate - karate.env system property was: null 
15:31:48.609 [main] DEBUG com.intuit.karate - request:
1 > PUT https://fakestoreapi.com/carts/2
1 > Host: fakestoreapi.com
1 > Connection: Keep-Alive
1 > User-Agent: Apache-HttpClient/4.5.14 (Java/17.0.17)
1 > Accept-Encoding: gzip,deflate


15:31:48.922 [main] DEBUG com.intuit.karate - response time in milliseconds: 313
1 < 200
1 < Date: Tue, 02 Dec 2025 20:31:49 GMT
1 < Content-Type: application/json; charset=utf-8
1 < Transfer-Encoding: chunked
1 < Connection: keep-alive
1 < access-control-allow-origin: *
1 < etag: W/"8-M1u4Sc28uxk+zyXJvSTJaEkyIGw"
1 < x-powered-by: Express
1 < cf-cache-status: DYNAMIC
1 < Nel: {"report_to":"cf-nel","success_fraction":0.0,"max_age":604800}
1 < Server-Timing: cfCacheStatus;desc="DYNAMIC"
1 < Server-Timing: cfEdge;dur=7,cfOrigin;dur=124
1 < Report-To: {"group":"cf-nel","max_age":604800,"endpoints":[{"url":"https://a.nel.cloudflare.com/report/v4?s=0mIpcy8yUm1PbMS5E0MUg0U2k30Tf3sFD6dfnLTkr0ItEfXPIjCI%2FXldj5P1GxP29UCbLbM2BYyUm5n2l9cnFCwJRo4HYkCljxZvY6Vgt78%3D"}]}
1 < Server: cloudflare
1 < CF-RAY: 9a7d970bb9bbb989-MIA
1 < alt-svc: h3=":443"; ma=86400
{"id":2}

15:31:48.923 [main] INFO  com.intuit.karate - [print] {
  "id": 2
}
 
]]></system-out>
  </testcase>
  <testcase name="[8:60] Post the same product to the cart" classname="examples/carts/carts" time="0.338">
    <system-out><![CDATA[15:31:48.927 [main] INFO  com.intuit.karate - karate.env system property was: null 
15:31:48.929 [main] DEBUG com.intuit.karate - request:
1 > PUT https://fakestoreapi.com/carts/2
1 > Host: fakestoreapi.com
1 > Connection: Keep-Alive
1 > User-Agent: Apache-HttpClient/4.5.14 (Java/17.0.17)
1 > Accept-Encoding: gzip,deflate


15:31:49.261 [main] DEBUG com.intuit.karate - response time in milliseconds: 331
1 < 200
1 < Date: Tue, 02 Dec 2025 20:31:49 GMT
1 < Content-Type: application/json; charset=utf-8
1 < Transfer-Encoding: chunked
1 < Connection: keep-alive
1 < access-control-allow-origin: *
1 < etag: W/"8-M1u4Sc28uxk+zyXJvSTJaEkyIGw"
1 < x-powered-by: Express
1 < cf-cache-status: DYNAMIC
1 < Nel: {"report_to":"cf-nel","success_fraction":0.0,"max_age":604800}
1 < Server-Timing: cfCacheStatus;desc="DYNAMIC"
1 < Server-Timing: cfEdge;dur=7,cfOrigin;dur=124
1 < Report-To: {"group":"cf-nel","max_age":604800,"endpoints":[{"url":"https://a.nel.cloudflare.com/report/v4?s=r1Ct2auhqYfCwgqDPYprZrR%2B7yJzAVSk7SSAts%2BUrgpbn7wySO4oc1lQ4JdMKaI6YUpMtPjPMsRKuvfq%2BTjDg06nmg%2FMYc%2FPKhdE5m8dG8U%3D"}]}
1 < Server: cloudflare
1 < CF-RAY: 9a7d970ddde17445-MIA
1 < alt-svc: h3=":443"; ma=86400
{"id":2}

15:31:49.262 [main] INFO  com.intuit.karate - [print] {
  "id": 2
}
 
]]></system-out>
  </testcase>
  <testcase name="[9:70] Delete carts" classname="examples/carts/carts" time="0.425">
    <system-out><![CDATA[15:31:49.265 [main] INFO  com.intuit.karate - karate.env system property was: null 
15:31:49.267 [main] DEBUG com.intuit.karate - request:
1 > DELETE https://fakestoreapi.com/carts/2
1 > Host: fakestoreapi.com
1 > Connection: Keep-Alive
1 > User-Agent: Apache-HttpClient/4.5.14 (Java/17.0.17)
1 > Accept-Encoding: gzip,deflate


15:31:49.686 [main] DEBUG com.intuit.karate - response time in milliseconds: 419
1 < 200
1 < Date: Tue, 02 Dec 2025 20:31:49 GMT
1 < Content-Type: application/json; charset=utf-8
1 < Transfer-Encoding: chunked
1 < Connection: keep-alive
1 < access-control-allow-origin: *
1 < etag: W/"a2-iVKAFZNDVn5u19OI7Bz+kha8xjg"
1 < x-powered-by: Express
1 < cf-cache-status: DYNAMIC
1 < Nel: {"report_to":"cf-nel","success_fraction":0.0,"max_age":604800}
1 < Server-Timing: cfCacheStatus;desc="DYNAMIC"
1 < Server-Timing: cfEdge;dur=3,cfOrigin;dur=226
1 < Report-To: {"group":"cf-nel","max_age":604800,"endpoints":[{"url":"https://a.nel.cloudflare.com/report/v4?s=u9NrjqIuxXblXa0CKI9GstnvA8X5zO%2B8XkTYdUwETVUPGwwy2g9QtkDksgXen7kFyo9VjV34338T6l2G7Ye0ObyaMzd3xq%2BnYDRuOQIRRrQ%3D"}]}
1 < Server: cloudflare
1 < CF-RAY: 9a7d970fdadd8f0e-MIA
1 < alt-svc: h3=":443"; ma=86400
{"id":2,"userId":1,"date":"2020-01-02T00:00:00.000Z","products":[{"productId":2,"quantity":4},{"productId":1,"quantity":10},{"productId":5,"quantity":2}],"__v":0}

15:31:49.688 [main] INFO  com.intuit.karate - [print] {
  "id": 2,
  "userId": 1,
  "date": "2020-01-02T00:00:00.000Z",
  "products": [
    {
      "productId": 2,
      "quantity": 4
    },
    {
      "productId": 1,
      "quantity": 10
    },
    {
      "productId": 5,
      "quantity": 2
    }
  ],
  "__v": 0
}
 
]]></system-out>
  </testcase>
  <testcase name="[10:77] Get a cart non-existent" classname="examples/carts/carts" time="0.43">
    <failure message="status code was: 200, expected: 400, response time in milliseconds: 414, url: https://fakestoreapi.com/carts/100, response: &#10;null&#10;classpath:examples/carts/carts.feature:80" type="org.opentest4j.AssertionFailedError"><![CDATA[org.opentest4j.AssertionFailedError: 
status code was: 200, expected: 400, response time in milliseconds: 414, url: https://fakestoreapi.com/carts/100, response: 
null
classpath:examples/carts/carts.feature:80
	at org.junit.jupiter.api.AssertionUtils.fail(AssertionUtils.java:38)
	at org.junit.jupiter.api.Assertions.fail(Assertions.java:135)
	at com.intuit.karate.junit5.FeatureNode.lambda$next$1(FeatureNode.java:86)
	at org.junit.jupiter.engine.descriptor.DynamicTestTestDescriptor.lambda$execute$0(DynamicTestTestDescriptor.java:53)
	at org.junit.jupiter.engine.execution.InvocationInterceptorChain$ValidatingInvocation.proceed(InvocationInterceptorChain.java:131)
	at org.junit.jupiter.api.extension.InvocationInterceptor.interceptDynamicTest(InvocationInterceptor.java:167)
	at org.junit.jupiter.api.extension.InvocationInterceptor.interceptDynamicTest(InvocationInterceptor.java:184)
	at org.junit.jupiter.engine.descriptor.DynamicTestTestDescriptor.lambda$execute$1(DynamicTestTestDescriptor.java:61)
	at org.junit.jupiter.engine.execution.InvocationInterceptorChain$InterceptorCall.lambda$ofVoid$0(InvocationInterceptorChain.java:78)
	at org.junit.jupiter.engine.execution.InvocationInterceptorChain$InterceptedInvocation.proceed(InvocationInterceptorChain.java:106)
	at org.junit.jupiter.engine.execution.InvocationInterceptorChain.proceed(InvocationInterceptorChain.java:64)
	at org.junit.jupiter.engine.execution.InvocationInterceptorChain.chainAndInvoke(InvocationInterceptorChain.java:45)
	at org.junit.jupiter.engine.execution.InvocationInterceptorChain.invoke(InvocationInterceptorChain.java:37)
	at org.junit.jupiter.engine.descriptor.DynamicTestTestDescriptor.execute(DynamicTestTestDescriptor.java:60)
	at org.junit.jupiter.engine.descriptor.DynamicTestTestDescriptor.execute(DynamicTestTestDescriptor.java:32)
	at org.junit.platform.engine.support.hierarchical.NodeTestTask.lambda$executeRecursively$6(NodeTestTask.java:151)
	at org.junit.platform.engine.support.hierarchical.ThrowableCollector.execute(ThrowableCollector.java:73)
	at org.junit.platform.engine.support.hierarchical.NodeTestTask.lambda$executeRecursively$8(NodeTestTask.java:141)
	at org.junit.platform.engine.support.hierarchical.Node.around(Node.java:137)
	at org.junit.platform.engine.support.hierarchical.NodeTestTask.lambda$executeRecursively$9(NodeTestTask.java:139)
	at org.junit.platform.engine.support.hierarchical.ThrowableCollector.execute(ThrowableCollector.java:73)
	at org.junit.platform.engine.support.hierarchical.NodeTestTask.executeRecursively(NodeTestTask.java:138)
	at org.junit.platform.engine.support.hierarchical.NodeTestTask.execute(NodeTestTask.java:95)
	at org.junit.platform.engine.support.hierarchical.SameThreadHierarchicalTestExecutorService.submit(SameThreadHierarchicalTestExecutorService.java:35)
	at org.junit.platform.engine.support.hierarchical.NodeTestTask$DefaultDynamicTestExecutor.execute(NodeTestTask.java:226)
	at org.junit.platform.engine.support.hierarchical.NodeTestTask$DefaultDynamicTestExecutor.execute(NodeTestTask.java:204)
	at java.base/java.util.stream.ForEachOps$ForEachOp$OfRef.accept(ForEachOps.java:183)
	at java.base/java.util.stream.ReferencePipeline$3$1.accept(ReferencePipeline.java:197)
	at java.base/java.util.stream.ReferencePipeline$2$1.accept(ReferencePipeline.java:179)
	at java.base/java.util.stream.ReferencePipeline$3$1.accept(ReferencePipeline.java:197)
	at java.base/java.util.Iterator.forEachRemaining(Iterator.java:133)
	at java.base/java.util.Spliterators$IteratorSpliterator.forEachRemaining(Spliterators.java:1845)
	at java.base/java.util.stream.AbstractPipeline.copyInto(AbstractPipeline.java:509)
	at java.base/java.util.stream.AbstractPipeline.wrapAndCopyInto(AbstractPipeline.java:499)
	at java.base/java.util.stream.ForEachOps$ForEachOp.evaluateSequential(ForEachOps.java:150)
	at java.base/java.util.stream.ForEachOps$ForEachOp$OfRef.evaluateSequential(ForEachOps.java:173)
	at java.base/java.util.stream.AbstractPipeline.evaluate(AbstractPipeline.java:234)
	at java.base/java.util.stream.ReferencePipeline.forEachOrdered(ReferencePipeline.java:601)
	at org.junit.jupiter.engine.descriptor.DynamicContainerTestDescriptor.execute(DynamicContainerTestDescriptor.java:67)
	at org.junit.jupiter.engine.descriptor.DynamicContainerTestDescriptor.execute(DynamicContainerTestDescriptor.java:33)
	at org.junit.platform.engine.support.hierarchical.NodeTestTask.lambda$executeRecursively$6(NodeTestTask.java:151)
	at org.junit.platform.engine.support.hierarchical.ThrowableCollector.execute(ThrowableCollector.java:73)
	at org.junit.platform.engine.support.hierarchical.NodeTestTask.lambda$executeRecursively$8(NodeTestTask.java:141)
	at org.junit.platform.engine.support.hierarchical.Node.around(Node.java:137)
	at org.junit.platform.engine.support.hierarchical.NodeTestTask.lambda$executeRecursively$9(NodeTestTask.java:139)
	at org.junit.platform.engine.support.hierarchical.ThrowableCollector.execute(ThrowableCollector.java:73)
	at org.junit.platform.engine.support.hierarchical.NodeTestTask.executeRecursively(NodeTestTask.java:138)
	at org.junit.platform.engine.support.hierarchical.NodeTestTask.execute(NodeTestTask.java:95)
	at org.junit.platform.engine.support.hierarchical.SameThreadHierarchicalTestExecutorService.submit(SameThreadHierarchicalTestExecutorService.java:35)
	at org.junit.platform.engine.support.hierarchical.NodeTestTask$DefaultDynamicTestExecutor.execute(NodeTestTask.java:226)
	at org.junit.platform.engine.support.hierarchical.NodeTestTask$DefaultDynamicTestExecutor.execute(NodeTestTask.java:204)
	at java.base/java.util.Optional.ifPresent(Optional.java:178)
	at org.junit.jupiter.engine.descriptor.TestFactoryTestDescriptor.lambda$invokeTestMethod$1(TestFactoryTestDescriptor.java:108)
	at org.junit.platform.engine.support.hierarchical.ThrowableCollector.execute(ThrowableCollector.java:73)
	at org.junit.jupiter.engine.descriptor.TestFactoryTestDescriptor.invokeTestMethod(TestFactoryTestDescriptor.java:95)
	at org.junit.jupiter.engine.descriptor.TestMethodTestDescriptor.execute(TestMethodTestDescriptor.java:138)
	at org.junit.jupiter.engine.descriptor.TestMethodTestDescriptor.execute(TestMethodTestDescriptor.java:68)
	at org.junit.platform.engine.support.hierarchical.NodeTestTask.lambda$executeRecursively$6(NodeTestTask.java:151)
	at org.junit.platform.engine.support.hierarchical.ThrowableCollector.execute(ThrowableCollector.java:73)
	at org.junit.platform.engine.support.hierarchical.NodeTestTask.lambda$executeRecursively$8(NodeTestTask.java:141)
	at org.junit.platform.engine.support.hierarchical.Node.around(Node.java:137)
	at org.junit.platform.engine.support.hierarchical.NodeTestTask.lambda$executeRecursively$9(NodeTestTask.java:139)
	at org.junit.platform.engine.support.hierarchical.ThrowableCollector.execute(ThrowableCollector.java:73)
	at org.junit.platform.engine.support.hierarchical.NodeTestTask.executeRecursively(NodeTestTask.java:138)
	at org.junit.platform.engine.support.hierarchical.NodeTestTask.execute(NodeTestTask.java:95)
	at java.base/java.util.ArrayList.forEach(ArrayList.java:1511)
	at org.junit.platform.engine.support.hierarchical.SameThreadHierarchicalTestExecutorService.invokeAll(SameThreadHierarchicalTestExecutorService.java:41)
	at org.junit.platform.engine.support.hierarchical.NodeTestTask.lambda$executeRecursively$6(NodeTestTask.java:155)
	at org.junit.platform.engine.support.hierarchical.ThrowableCollector.execute(ThrowableCollector.java:73)
	at org.junit.platform.engine.support.hierarchical.NodeTestTask.lambda$executeRecursively$8(NodeTestTask.java:141)
	at org.junit.platform.engine.support.hierarchical.Node.around(Node.java:137)
	at org.junit.platform.engine.support.hierarchical.NodeTestTask.lambda$executeRecursively$9(NodeTestTask.java:139)
	at org.junit.platform.engine.support.hierarchical.ThrowableCollector.execute(ThrowableCollector.java:73)
	at org.junit.platform.engine.support.hierarchical.NodeTestTask.executeRecursively(NodeTestTask.java:138)
	at org.junit.platform.engine.support.hierarchical.NodeTestTask.execute(NodeTestTask.java:95)
	at java.base/java.util.ArrayList.forEach(ArrayList.java:1511)
	at org.junit.platform.engine.support.hierarchical.SameThreadHierarchicalTestExecutorService.invokeAll(SameThreadHierarchicalTestExecutorService.java:41)
	at org.junit.platform.engine.support.hierarchical.NodeTestTask.lambda$executeRecursively$6(NodeTestTask.java:155)
	at org.junit.platform.engine.support.hierarchical.ThrowableCollector.execute(ThrowableCollector.java:73)
	at org.junit.platform.engine.support.hierarchical.NodeTestTask.lambda$executeRecursively$8(NodeTestTask.java:141)
	at org.junit.platform.engine.support.hierarchical.Node.around(Node.java:137)
	at org.junit.platform.engine.support.hierarchical.NodeTestTask.lambda$executeRecursively$9(NodeTestTask.java:139)
	at org.junit.platform.engine.support.hierarchical.ThrowableCollector.execute(ThrowableCollector.java:73)
	at org.junit.platform.engine.support.hierarchical.NodeTestTask.executeRecursively(NodeTestTask.java:138)
	at org.junit.platform.engine.support.hierarchical.NodeTestTask.execute(NodeTestTask.java:95)
	at org.junit.platform.engine.support.hierarchical.SameThreadHierarchicalTestExecutorService.submit(SameThreadHierarchicalTestExecutorService.java:35)
	at org.junit.platform.engine.support.hierarchical.HierarchicalTestExecutor.execute(HierarchicalTestExecutor.java:57)
	at org.junit.platform.engine.support.hierarchical.HierarchicalTestEngine.execute(HierarchicalTestEngine.java:54)
	at org.junit.platform.launcher.core.EngineExecutionOrchestrator.execute(EngineExecutionOrchestrator.java:147)
	at org.junit.platform.launcher.core.EngineExecutionOrchestrator.execute(EngineExecutionOrchestrator.java:127)
	at org.junit.platform.launcher.core.EngineExecutionOrchestrator.execute(EngineExecutionOrchestrator.java:90)
	at org.junit.platform.launcher.core.EngineExecutionOrchestrator.lambda$execute$0(EngineExecutionOrchestrator.java:55)
	at org.junit.platform.launcher.core.EngineExecutionOrchestrator.withInterceptedStreams(EngineExecutionOrchestrator.java:102)
	at org.junit.platform.launcher.core.EngineExecutionOrchestrator.execute(EngineExecutionOrchestrator.java:54)
	at org.junit.platform.launcher.core.DefaultLauncher.execute(DefaultLauncher.java:114)
	at org.junit.platform.launcher.core.DefaultLauncher.execute(DefaultLauncher.java:86)
	at org.junit.platform.launcher.core.DefaultLauncherSession$DelegatingLauncher.execute(DefaultLauncherSession.java:86)
	at org.apache.maven.surefire.junitplatform.LazyLauncher.execute(LazyLauncher.java:50)
	at org.apache.maven.surefire.junitplatform.JUnitPlatformProvider.execute(JUnitPlatformProvider.java:184)
	at org.apache.maven.surefire.junitplatform.JUnitPlatformProvider.invokeAllTests(JUnitPlatformProvider.java:148)
	at org.apache.maven.surefire.junitplatform.JUnitPlatformProvider.invoke(JUnitPlatformProvider.java:122)
	at org.apache.maven.surefire.booter.ForkedBooter.runSuitesInProcess(ForkedBooter.java:385)
	at org.apache.maven.surefire.booter.ForkedBooter.execute(ForkedBooter.java:162)
	at org.apache.maven.surefire.booter.ForkedBooter.run(ForkedBooter.java:507)
	at org.apache.maven.surefire.booter.ForkedBooter.main(ForkedBooter.java:495)
]]></failure>
    <system-out><![CDATA[15:31:49.692 [main] INFO  com.intuit.karate - karate.env system property was: null 
15:31:49.693 [main] DEBUG com.intuit.karate - request:
1 > GET https://fakestoreapi.com/carts/100
1 > Host: fakestoreapi.com
1 > Connection: Keep-Alive
1 > User-Agent: Apache-HttpClient/4.5.14 (Java/17.0.17)
1 > Accept-Encoding: gzip,deflate


15:31:50.109 [main] DEBUG com.intuit.karate - response time in milliseconds: 414
1 < 200
1 < Date: Tue, 02 Dec 2025 20:31:50 GMT
1 < Content-Type: application/json; charset=utf-8
1 < Transfer-Encoding: chunked
1 < Connection: keep-alive
1 < access-control-allow-origin: *
1 < etag: W/"4-K+iMpCQsduglOsYkdIUQZQMtaDM"
1 < x-powered-by: Express
1 < cf-cache-status: DYNAMIC
1 < Nel: {"report_to":"cf-nel","success_fraction":0.0,"max_age":604800}
1 < Server-Timing: cfCacheStatus;desc="DYNAMIC"
1 < Server-Timing: cfEdge;dur=4,cfOrigin;dur=222
1 < Report-To: {"group":"cf-nel","max_age":604800,"endpoints":[{"url":"https://a.nel.cloudflare.com/report/v4?s=PVzEqF3n6wZPBvb%2FJimJdT8%2Fn4CCBWytMD6i7MHxgFb%2Fv7lnqS9XVM1fa0qkmHD3lBXMpJvFb%2Fp%2F2IbfV%2FWezYx7ej4yJiEEjZjb4295aW4%3D"}]}
1 < Server: cloudflare
1 < CF-RAY: 9a7d97128b87f42a-MIA
1 < alt-svc: h3=":443"; ma=86400
null

15:31:50.114 [main] ERROR com.intuit.karate - classpath:examples/carts/carts.feature:80
Then status 400
status code was: 200, expected: 400, response time in milliseconds: 414, url: https://fakestoreapi.com/carts/100, response: 
null
classpath:examples/carts/carts.feature:80
]]></system-out>
  </testcase>
  <testcase name="[11:83] Delete cart that doesn&apos;t exist" classname="examples/carts/carts" time="0.453">
    <failure message="status code was: 200, expected: 400, response time in milliseconds: 446, url: https://fakestoreapi.com/carts/500, response: &#10;null&#10;classpath:examples/carts/carts.feature:86" type="org.opentest4j.AssertionFailedError"><![CDATA[org.opentest4j.AssertionFailedError: 
status code was: 200, expected: 400, response time in milliseconds: 446, url: https://fakestoreapi.com/carts/500, response: 
null
classpath:examples/carts/carts.feature:86
	at org.junit.jupiter.api.AssertionUtils.fail(AssertionUtils.java:38)
	at org.junit.jupiter.api.Assertions.fail(Assertions.java:135)
	at com.intuit.karate.junit5.FeatureNode.lambda$next$1(FeatureNode.java:86)
	at org.junit.jupiter.engine.descriptor.DynamicTestTestDescriptor.lambda$execute$0(DynamicTestTestDescriptor.java:53)
	at org.junit.jupiter.engine.execution.InvocationInterceptorChain$ValidatingInvocation.proceed(InvocationInterceptorChain.java:131)
	at org.junit.jupiter.api.extension.InvocationInterceptor.interceptDynamicTest(InvocationInterceptor.java:167)
	at org.junit.jupiter.api.extension.InvocationInterceptor.interceptDynamicTest(InvocationInterceptor.java:184)
	at org.junit.jupiter.engine.descriptor.DynamicTestTestDescriptor.lambda$execute$1(DynamicTestTestDescriptor.java:61)
	at org.junit.jupiter.engine.execution.InvocationInterceptorChain$InterceptorCall.lambda$ofVoid$0(InvocationInterceptorChain.java:78)
	at org.junit.jupiter.engine.execution.InvocationInterceptorChain$InterceptedInvocation.proceed(InvocationInterceptorChain.java:106)
	at org.junit.jupiter.engine.execution.InvocationInterceptorChain.proceed(InvocationInterceptorChain.java:64)
	at org.junit.jupiter.engine.execution.InvocationInterceptorChain.chainAndInvoke(InvocationInterceptorChain.java:45)
	at org.junit.jupiter.engine.execution.InvocationInterceptorChain.invoke(InvocationInterceptorChain.java:37)
	at org.junit.jupiter.engine.descriptor.DynamicTestTestDescriptor.execute(DynamicTestTestDescriptor.java:60)
	at org.junit.jupiter.engine.descriptor.DynamicTestTestDescriptor.execute(DynamicTestTestDescriptor.java:32)
	at org.junit.platform.engine.support.hierarchical.NodeTestTask.lambda$executeRecursively$6(NodeTestTask.java:151)
	at org.junit.platform.engine.support.hierarchical.ThrowableCollector.execute(ThrowableCollector.java:73)
	at org.junit.platform.engine.support.hierarchical.NodeTestTask.lambda$executeRecursively$8(NodeTestTask.java:141)
	at org.junit.platform.engine.support.hierarchical.Node.around(Node.java:137)
	at org.junit.platform.engine.support.hierarchical.NodeTestTask.lambda$executeRecursively$9(NodeTestTask.java:139)
	at org.junit.platform.engine.support.hierarchical.ThrowableCollector.execute(ThrowableCollector.java:73)
	at org.junit.platform.engine.support.hierarchical.NodeTestTask.executeRecursively(NodeTestTask.java:138)
	at org.junit.platform.engine.support.hierarchical.NodeTestTask.execute(NodeTestTask.java:95)
	at org.junit.platform.engine.support.hierarchical.SameThreadHierarchicalTestExecutorService.submit(SameThreadHierarchicalTestExecutorService.java:35)
	at org.junit.platform.engine.support.hierarchical.NodeTestTask$DefaultDynamicTestExecutor.execute(NodeTestTask.java:226)
	at org.junit.platform.engine.support.hierarchical.NodeTestTask$DefaultDynamicTestExecutor.execute(NodeTestTask.java:204)
	at java.base/java.util.stream.ForEachOps$ForEachOp$OfRef.accept(ForEachOps.java:183)
	at java.base/java.util.stream.ReferencePipeline$3$1.accept(ReferencePipeline.java:197)
	at java.base/java.util.stream.ReferencePipeline$2$1.accept(ReferencePipeline.java:179)
	at java.base/java.util.stream.ReferencePipeline$3$1.accept(ReferencePipeline.java:197)
	at java.base/java.util.Iterator.forEachRemaining(Iterator.java:133)
	at java.base/java.util.Spliterators$IteratorSpliterator.forEachRemaining(Spliterators.java:1845)
	at java.base/java.util.stream.AbstractPipeline.copyInto(AbstractPipeline.java:509)
	at java.base/java.util.stream.AbstractPipeline.wrapAndCopyInto(AbstractPipeline.java:499)
	at java.base/java.util.stream.ForEachOps$ForEachOp.evaluateSequential(ForEachOps.java:150)
	at java.base/java.util.stream.ForEachOps$ForEachOp$OfRef.evaluateSequential(ForEachOps.java:173)
	at java.base/java.util.stream.AbstractPipeline.evaluate(AbstractPipeline.java:234)
	at java.base/java.util.stream.ReferencePipeline.forEachOrdered(ReferencePipeline.java:601)
	at org.junit.jupiter.engine.descriptor.DynamicContainerTestDescriptor.execute(DynamicContainerTestDescriptor.java:67)
	at org.junit.jupiter.engine.descriptor.DynamicContainerTestDescriptor.execute(DynamicContainerTestDescriptor.java:33)
	at org.junit.platform.engine.support.hierarchical.NodeTestTask.lambda$executeRecursively$6(NodeTestTask.java:151)
	at org.junit.platform.engine.support.hierarchical.ThrowableCollector.execute(ThrowableCollector.java:73)
	at org.junit.platform.engine.support.hierarchical.NodeTestTask.lambda$executeRecursively$8(NodeTestTask.java:141)
	at org.junit.platform.engine.support.hierarchical.Node.around(Node.java:137)
	at org.junit.platform.engine.support.hierarchical.NodeTestTask.lambda$executeRecursively$9(NodeTestTask.java:139)
	at org.junit.platform.engine.support.hierarchical.ThrowableCollector.execute(ThrowableCollector.java:73)
	at org.junit.platform.engine.support.hierarchical.NodeTestTask.executeRecursively(NodeTestTask.java:138)
	at org.junit.platform.engine.support.hierarchical.NodeTestTask.execute(NodeTestTask.java:95)
	at org.junit.platform.engine.support.hierarchical.SameThreadHierarchicalTestExecutorService.submit(SameThreadHierarchicalTestExecutorService.java:35)
	at org.junit.platform.engine.support.hierarchical.NodeTestTask$DefaultDynamicTestExecutor.execute(NodeTestTask.java:226)
	at org.junit.platform.engine.support.hierarchical.NodeTestTask$DefaultDynamicTestExecutor.execute(NodeTestTask.java:204)
	at java.base/java.util.Optional.ifPresent(Optional.java:178)
	at org.junit.jupiter.engine.descriptor.TestFactoryTestDescriptor.lambda$invokeTestMethod$1(TestFactoryTestDescriptor.java:108)
	at org.junit.platform.engine.support.hierarchical.ThrowableCollector.execute(ThrowableCollector.java:73)
	at org.junit.jupiter.engine.descriptor.TestFactoryTestDescriptor.invokeTestMethod(TestFactoryTestDescriptor.java:95)
	at org.junit.jupiter.engine.descriptor.TestMethodTestDescriptor.execute(TestMethodTestDescriptor.java:138)
	at org.junit.jupiter.engine.descriptor.TestMethodTestDescriptor.execute(TestMethodTestDescriptor.java:68)
	at org.junit.platform.engine.support.hierarchical.NodeTestTask.lambda$executeRecursively$6(NodeTestTask.java:151)
	at org.junit.platform.engine.support.hierarchical.ThrowableCollector.execute(ThrowableCollector.java:73)
	at org.junit.platform.engine.support.hierarchical.NodeTestTask.lambda$executeRecursively$8(NodeTestTask.java:141)
	at org.junit.platform.engine.support.hierarchical.Node.around(Node.java:137)
	at org.junit.platform.engine.support.hierarchical.NodeTestTask.lambda$executeRecursively$9(NodeTestTask.java:139)
	at org.junit.platform.engine.support.hierarchical.ThrowableCollector.execute(ThrowableCollector.java:73)
	at org.junit.platform.engine.support.hierarchical.NodeTestTask.executeRecursively(NodeTestTask.java:138)
	at org.junit.platform.engine.support.hierarchical.NodeTestTask.execute(NodeTestTask.java:95)
	at java.base/java.util.ArrayList.forEach(ArrayList.java:1511)
	at org.junit.platform.engine.support.hierarchical.SameThreadHierarchicalTestExecutorService.invokeAll(SameThreadHierarchicalTestExecutorService.java:41)
	at org.junit.platform.engine.support.hierarchical.NodeTestTask.lambda$executeRecursively$6(NodeTestTask.java:155)
	at org.junit.platform.engine.support.hierarchical.ThrowableCollector.execute(ThrowableCollector.java:73)
	at org.junit.platform.engine.support.hierarchical.NodeTestTask.lambda$executeRecursively$8(NodeTestTask.java:141)
	at org.junit.platform.engine.support.hierarchical.Node.around(Node.java:137)
	at org.junit.platform.engine.support.hierarchical.NodeTestTask.lambda$executeRecursively$9(NodeTestTask.java:139)
	at org.junit.platform.engine.support.hierarchical.ThrowableCollector.execute(ThrowableCollector.java:73)
	at org.junit.platform.engine.support.hierarchical.NodeTestTask.executeRecursively(NodeTestTask.java:138)
	at org.junit.platform.engine.support.hierarchical.NodeTestTask.execute(NodeTestTask.java:95)
	at java.base/java.util.ArrayList.forEach(ArrayList.java:1511)
	at org.junit.platform.engine.support.hierarchical.SameThreadHierarchicalTestExecutorService.invokeAll(SameThreadHierarchicalTestExecutorService.java:41)
	at org.junit.platform.engine.support.hierarchical.NodeTestTask.lambda$executeRecursively$6(NodeTestTask.java:155)
	at org.junit.platform.engine.support.hierarchical.ThrowableCollector.execute(ThrowableCollector.java:73)
	at org.junit.platform.engine.support.hierarchical.NodeTestTask.lambda$executeRecursively$8(NodeTestTask.java:141)
	at org.junit.platform.engine.support.hierarchical.Node.around(Node.java:137)
	at org.junit.platform.engine.support.hierarchical.NodeTestTask.lambda$executeRecursively$9(NodeTestTask.java:139)
	at org.junit.platform.engine.support.hierarchical.ThrowableCollector.execute(ThrowableCollector.java:73)
	at org.junit.platform.engine.support.hierarchical.NodeTestTask.executeRecursively(NodeTestTask.java:138)
	at org.junit.platform.engine.support.hierarchical.NodeTestTask.execute(NodeTestTask.java:95)
	at org.junit.platform.engine.support.hierarchical.SameThreadHierarchicalTestExecutorService.submit(SameThreadHierarchicalTestExecutorService.java:35)
	at org.junit.platform.engine.support.hierarchical.HierarchicalTestExecutor.execute(HierarchicalTestExecutor.java:57)
	at org.junit.platform.engine.support.hierarchical.HierarchicalTestEngine.execute(HierarchicalTestEngine.java:54)
	at org.junit.platform.launcher.core.EngineExecutionOrchestrator.execute(EngineExecutionOrchestrator.java:147)
	at org.junit.platform.launcher.core.EngineExecutionOrchestrator.execute(EngineExecutionOrchestrator.java:127)
	at org.junit.platform.launcher.core.EngineExecutionOrchestrator.execute(EngineExecutionOrchestrator.java:90)
	at org.junit.platform.launcher.core.EngineExecutionOrchestrator.lambda$execute$0(EngineExecutionOrchestrator.java:55)
	at org.junit.platform.launcher.core.EngineExecutionOrchestrator.withInterceptedStreams(EngineExecutionOrchestrator.java:102)
	at org.junit.platform.launcher.core.EngineExecutionOrchestrator.execute(EngineExecutionOrchestrator.java:54)
	at org.junit.platform.launcher.core.DefaultLauncher.execute(DefaultLauncher.java:114)
	at org.junit.platform.launcher.core.DefaultLauncher.execute(DefaultLauncher.java:86)
	at org.junit.platform.launcher.core.DefaultLauncherSession$DelegatingLauncher.execute(DefaultLauncherSession.java:86)
	at org.apache.maven.surefire.junitplatform.LazyLauncher.execute(LazyLauncher.java:50)
	at org.apache.maven.surefire.junitplatform.JUnitPlatformProvider.execute(JUnitPlatformProvider.java:184)
	at org.apache.maven.surefire.junitplatform.JUnitPlatformProvider.invokeAllTests(JUnitPlatformProvider.java:148)
	at org.apache.maven.surefire.junitplatform.JUnitPlatformProvider.invoke(JUnitPlatformProvider.java:122)
	at org.apache.maven.surefire.booter.ForkedBooter.runSuitesInProcess(ForkedBooter.java:385)
	at org.apache.maven.surefire.booter.ForkedBooter.execute(ForkedBooter.java:162)
	at org.apache.maven.surefire.booter.ForkedBooter.run(ForkedBooter.java:507)
	at org.apache.maven.surefire.booter.ForkedBooter.main(ForkedBooter.java:495)
]]></failure>
    <system-out><![CDATA[15:31:50.127 [main] INFO  com.intuit.karate - karate.env system property was: null 
15:31:50.129 [main] DEBUG com.intuit.karate - request:
1 > DELETE https://fakestoreapi.com/carts/500
1 > Host: fakestoreapi.com
1 > Connection: Keep-Alive
1 > User-Agent: Apache-HttpClient/4.5.14 (Java/17.0.17)
1 > Accept-Encoding: gzip,deflate


15:31:50.575 [main] DEBUG com.intuit.karate - response time in milliseconds: 446
1 < 200
1 < Date: Tue, 02 Dec 2025 20:31:50 GMT
1 < Content-Type: application/json; charset=utf-8
1 < Transfer-Encoding: chunked
1 < Connection: keep-alive
1 < access-control-allow-origin: *
1 < etag: W/"4-K+iMpCQsduglOsYkdIUQZQMtaDM"
1 < x-powered-by: Express
1 < cf-cache-status: DYNAMIC
1 < Nel: {"report_to":"cf-nel","success_fraction":0.0,"max_age":604800}
1 < Server-Timing: cfCacheStatus;desc="DYNAMIC"
1 < Server-Timing: cfEdge;dur=7,cfOrigin;dur=231
1 < Report-To: {"group":"cf-nel","max_age":604800,"endpoints":[{"url":"https://a.nel.cloudflare.com/report/v4?s=JYJskuqJVE5O4mKY6SxsZevj%2Bz2raZv%2FEVZybjxNWZ%2B44wFhxjuFse24906xHFCXxJmXFlrzvO6tFCn%2FocKP3rLSNryTKwYEO0X9ZbMaKoQ%3D"}]}
1 < Server: cloudflare
1 < CF-RAY: 9a7d97155925a69e-MIA
1 < alt-svc: h3=":443"; ma=86400
null

15:31:50.576 [main] ERROR com.intuit.karate - classpath:examples/carts/carts.feature:86
Then status 400
status code was: 200, expected: 400, response time in milliseconds: 446, url: https://fakestoreapi.com/carts/500, response: 
null
classpath:examples/carts/carts.feature:86
]]></system-out>
  </testcase>
  <testcase name="[12:89] Post a cart without products" classname="examples/carts/carts" time="0.337">
    <failure message="status code was: 201, expected: 400, response time in milliseconds: 331, url: https://fakestoreapi.com/carts, response: &#10;{&quot;id&quot;:11}&#10;classpath:examples/carts/carts.feature:94" type="org.opentest4j.AssertionFailedError"><![CDATA[org.opentest4j.AssertionFailedError: 
status code was: 201, expected: 400, response time in milliseconds: 331, url: https://fakestoreapi.com/carts, response: 
{"id":11}
classpath:examples/carts/carts.feature:94
	at org.junit.jupiter.api.AssertionUtils.fail(AssertionUtils.java:38)
	at org.junit.jupiter.api.Assertions.fail(Assertions.java:135)
	at com.intuit.karate.junit5.FeatureNode.lambda$next$1(FeatureNode.java:86)
	at org.junit.jupiter.engine.descriptor.DynamicTestTestDescriptor.lambda$execute$0(DynamicTestTestDescriptor.java:53)
	at org.junit.jupiter.engine.execution.InvocationInterceptorChain$ValidatingInvocation.proceed(InvocationInterceptorChain.java:131)
	at org.junit.jupiter.api.extension.InvocationInterceptor.interceptDynamicTest(InvocationInterceptor.java:167)
	at org.junit.jupiter.api.extension.InvocationInterceptor.interceptDynamicTest(InvocationInterceptor.java:184)
	at org.junit.jupiter.engine.descriptor.DynamicTestTestDescriptor.lambda$execute$1(DynamicTestTestDescriptor.java:61)
	at org.junit.jupiter.engine.execution.InvocationInterceptorChain$InterceptorCall.lambda$ofVoid$0(InvocationInterceptorChain.java:78)
	at org.junit.jupiter.engine.execution.InvocationInterceptorChain$InterceptedInvocation.proceed(InvocationInterceptorChain.java:106)
	at org.junit.jupiter.engine.execution.InvocationInterceptorChain.proceed(InvocationInterceptorChain.java:64)
	at org.junit.jupiter.engine.execution.InvocationInterceptorChain.chainAndInvoke(InvocationInterceptorChain.java:45)
	at org.junit.jupiter.engine.execution.InvocationInterceptorChain.invoke(InvocationInterceptorChain.java:37)
	at org.junit.jupiter.engine.descriptor.DynamicTestTestDescriptor.execute(DynamicTestTestDescriptor.java:60)
	at org.junit.jupiter.engine.descriptor.DynamicTestTestDescriptor.execute(DynamicTestTestDescriptor.java:32)
	at org.junit.platform.engine.support.hierarchical.NodeTestTask.lambda$executeRecursively$6(NodeTestTask.java:151)
	at org.junit.platform.engine.support.hierarchical.ThrowableCollector.execute(ThrowableCollector.java:73)
	at org.junit.platform.engine.support.hierarchical.NodeTestTask.lambda$executeRecursively$8(NodeTestTask.java:141)
	at org.junit.platform.engine.support.hierarchical.Node.around(Node.java:137)
	at org.junit.platform.engine.support.hierarchical.NodeTestTask.lambda$executeRecursively$9(NodeTestTask.java:139)
	at org.junit.platform.engine.support.hierarchical.ThrowableCollector.execute(ThrowableCollector.java:73)
	at org.junit.platform.engine.support.hierarchical.NodeTestTask.executeRecursively(NodeTestTask.java:138)
	at org.junit.platform.engine.support.hierarchical.NodeTestTask.execute(NodeTestTask.java:95)
	at org.junit.platform.engine.support.hierarchical.SameThreadHierarchicalTestExecutorService.submit(SameThreadHierarchicalTestExecutorService.java:35)
	at org.junit.platform.engine.support.hierarchical.NodeTestTask$DefaultDynamicTestExecutor.execute(NodeTestTask.java:226)
	at org.junit.platform.engine.support.hierarchical.NodeTestTask$DefaultDynamicTestExecutor.execute(NodeTestTask.java:204)
	at java.base/java.util.stream.ForEachOps$ForEachOp$OfRef.accept(ForEachOps.java:183)
	at java.base/java.util.stream.ReferencePipeline$3$1.accept(ReferencePipeline.java:197)
	at java.base/java.util.stream.ReferencePipeline$2$1.accept(ReferencePipeline.java:179)
	at java.base/java.util.stream.ReferencePipeline$3$1.accept(ReferencePipeline.java:197)
	at java.base/java.util.Iterator.forEachRemaining(Iterator.java:133)
	at java.base/java.util.Spliterators$IteratorSpliterator.forEachRemaining(Spliterators.java:1845)
	at java.base/java.util.stream.AbstractPipeline.copyInto(AbstractPipeline.java:509)
	at java.base/java.util.stream.AbstractPipeline.wrapAndCopyInto(AbstractPipeline.java:499)
	at java.base/java.util.stream.ForEachOps$ForEachOp.evaluateSequential(ForEachOps.java:150)
	at java.base/java.util.stream.ForEachOps$ForEachOp$OfRef.evaluateSequential(ForEachOps.java:173)
	at java.base/java.util.stream.AbstractPipeline.evaluate(AbstractPipeline.java:234)
	at java.base/java.util.stream.ReferencePipeline.forEachOrdered(ReferencePipeline.java:601)
	at org.junit.jupiter.engine.descriptor.DynamicContainerTestDescriptor.execute(DynamicContainerTestDescriptor.java:67)
	at org.junit.jupiter.engine.descriptor.DynamicContainerTestDescriptor.execute(DynamicContainerTestDescriptor.java:33)
	at org.junit.platform.engine.support.hierarchical.NodeTestTask.lambda$executeRecursively$6(NodeTestTask.java:151)
	at org.junit.platform.engine.support.hierarchical.ThrowableCollector.execute(ThrowableCollector.java:73)
	at org.junit.platform.engine.support.hierarchical.NodeTestTask.lambda$executeRecursively$8(NodeTestTask.java:141)
	at org.junit.platform.engine.support.hierarchical.Node.around(Node.java:137)
	at org.junit.platform.engine.support.hierarchical.NodeTestTask.lambda$executeRecursively$9(NodeTestTask.java:139)
	at org.junit.platform.engine.support.hierarchical.ThrowableCollector.execute(ThrowableCollector.java:73)
	at org.junit.platform.engine.support.hierarchical.NodeTestTask.executeRecursively(NodeTestTask.java:138)
	at org.junit.platform.engine.support.hierarchical.NodeTestTask.execute(NodeTestTask.java:95)
	at org.junit.platform.engine.support.hierarchical.SameThreadHierarchicalTestExecutorService.submit(SameThreadHierarchicalTestExecutorService.java:35)
	at org.junit.platform.engine.support.hierarchical.NodeTestTask$DefaultDynamicTestExecutor.execute(NodeTestTask.java:226)
	at org.junit.platform.engine.support.hierarchical.NodeTestTask$DefaultDynamicTestExecutor.execute(NodeTestTask.java:204)
	at java.base/java.util.Optional.ifPresent(Optional.java:178)
	at org.junit.jupiter.engine.descriptor.TestFactoryTestDescriptor.lambda$invokeTestMethod$1(TestFactoryTestDescriptor.java:108)
	at org.junit.platform.engine.support.hierarchical.ThrowableCollector.execute(ThrowableCollector.java:73)
	at org.junit.jupiter.engine.descriptor.TestFactoryTestDescriptor.invokeTestMethod(TestFactoryTestDescriptor.java:95)
	at org.junit.jupiter.engine.descriptor.TestMethodTestDescriptor.execute(TestMethodTestDescriptor.java:138)
	at org.junit.jupiter.engine.descriptor.TestMethodTestDescriptor.execute(TestMethodTestDescriptor.java:68)
	at org.junit.platform.engine.support.hierarchical.NodeTestTask.lambda$executeRecursively$6(NodeTestTask.java:151)
	at org.junit.platform.engine.support.hierarchical.ThrowableCollector.execute(ThrowableCollector.java:73)
	at org.junit.platform.engine.support.hierarchical.NodeTestTask.lambda$executeRecursively$8(NodeTestTask.java:141)
	at org.junit.platform.engine.support.hierarchical.Node.around(Node.java:137)
	at org.junit.platform.engine.support.hierarchical.NodeTestTask.lambda$executeRecursively$9(NodeTestTask.java:139)
	at org.junit.platform.engine.support.hierarchical.ThrowableCollector.execute(ThrowableCollector.java:73)
	at org.junit.platform.engine.support.hierarchical.NodeTestTask.executeRecursively(NodeTestTask.java:138)
	at org.junit.platform.engine.support.hierarchical.NodeTestTask.execute(NodeTestTask.java:95)
	at java.base/java.util.ArrayList.forEach(ArrayList.java:1511)
	at org.junit.platform.engine.support.hierarchical.SameThreadHierarchicalTestExecutorService.invokeAll(SameThreadHierarchicalTestExecutorService.java:41)
	at org.junit.platform.engine.support.hierarchical.NodeTestTask.lambda$executeRecursively$6(NodeTestTask.java:155)
	at org.junit.platform.engine.support.hierarchical.ThrowableCollector.execute(ThrowableCollector.java:73)
	at org.junit.platform.engine.support.hierarchical.NodeTestTask.lambda$executeRecursively$8(NodeTestTask.java:141)
	at org.junit.platform.engine.support.hierarchical.Node.around(Node.java:137)
	at org.junit.platform.engine.support.hierarchical.NodeTestTask.lambda$executeRecursively$9(NodeTestTask.java:139)
	at org.junit.platform.engine.support.hierarchical.ThrowableCollector.execute(ThrowableCollector.java:73)
	at org.junit.platform.engine.support.hierarchical.NodeTestTask.executeRecursively(NodeTestTask.java:138)
	at org.junit.platform.engine.support.hierarchical.NodeTestTask.execute(NodeTestTask.java:95)
	at java.base/java.util.ArrayList.forEach(ArrayList.java:1511)
	at org.junit.platform.engine.support.hierarchical.SameThreadHierarchicalTestExecutorService.invokeAll(SameThreadHierarchicalTestExecutorService.java:41)
	at org.junit.platform.engine.support.hierarchical.NodeTestTask.lambda$executeRecursively$6(NodeTestTask.java:155)
	at org.junit.platform.engine.support.hierarchical.ThrowableCollector.execute(ThrowableCollector.java:73)
	at org.junit.platform.engine.support.hierarchical.NodeTestTask.lambda$executeRecursively$8(NodeTestTask.java:141)
	at org.junit.platform.engine.support.hierarchical.Node.around(Node.java:137)
	at org.junit.platform.engine.support.hierarchical.NodeTestTask.lambda$executeRecursively$9(NodeTestTask.java:139)
	at org.junit.platform.engine.support.hierarchical.ThrowableCollector.execute(ThrowableCollector.java:73)
	at org.junit.platform.engine.support.hierarchical.NodeTestTask.executeRecursively(NodeTestTask.java:138)
	at org.junit.platform.engine.support.hierarchical.NodeTestTask.execute(NodeTestTask.java:95)
	at org.junit.platform.engine.support.hierarchical.SameThreadHierarchicalTestExecutorService.submit(SameThreadHierarchicalTestExecutorService.java:35)
	at org.junit.platform.engine.support.hierarchical.HierarchicalTestExecutor.execute(HierarchicalTestExecutor.java:57)
	at org.junit.platform.engine.support.hierarchical.HierarchicalTestEngine.execute(HierarchicalTestEngine.java:54)
	at org.junit.platform.launcher.core.EngineExecutionOrchestrator.execute(EngineExecutionOrchestrator.java:147)
	at org.junit.platform.launcher.core.EngineExecutionOrchestrator.execute(EngineExecutionOrchestrator.java:127)
	at org.junit.platform.launcher.core.EngineExecutionOrchestrator.execute(EngineExecutionOrchestrator.java:90)
	at org.junit.platform.launcher.core.EngineExecutionOrchestrator.lambda$execute$0(EngineExecutionOrchestrator.java:55)
	at org.junit.platform.launcher.core.EngineExecutionOrchestrator.withInterceptedStreams(EngineExecutionOrchestrator.java:102)
	at org.junit.platform.launcher.core.EngineExecutionOrchestrator.execute(EngineExecutionOrchestrator.java:54)
	at org.junit.platform.launcher.core.DefaultLauncher.execute(DefaultLauncher.java:114)
	at org.junit.platform.launcher.core.DefaultLauncher.execute(DefaultLauncher.java:86)
	at org.junit.platform.launcher.core.DefaultLauncherSession$DelegatingLauncher.execute(DefaultLauncherSession.java:86)
	at org.apache.maven.surefire.junitplatform.LazyLauncher.execute(LazyLauncher.java:50)
	at org.apache.maven.surefire.junitplatform.JUnitPlatformProvider.execute(JUnitPlatformProvider.java:184)
	at org.apache.maven.surefire.junitplatform.JUnitPlatformProvider.invokeAllTests(JUnitPlatformProvider.java:148)
	at org.apache.maven.surefire.junitplatform.JUnitPlatformProvider.invoke(JUnitPlatformProvider.java:122)
	at org.apache.maven.surefire.booter.ForkedBooter.runSuitesInProcess(ForkedBooter.java:385)
	at org.apache.maven.surefire.booter.ForkedBooter.execute(ForkedBooter.java:162)
	at org.apache.maven.surefire.booter.ForkedBooter.run(ForkedBooter.java:507)
	at org.apache.maven.surefire.booter.ForkedBooter.main(ForkedBooter.java:495)
]]></failure>
    <system-out><![CDATA[15:31:50.580 [main] INFO  com.intuit.karate - karate.env system property was: null 
15:31:50.582 [main] DEBUG com.intuit.karate - request:
1 > POST https://fakestoreapi.com/carts
1 > Host: fakestoreapi.com
1 > Connection: Keep-Alive
1 > User-Agent: Apache-HttpClient/4.5.14 (Java/17.0.17)
1 > Accept-Encoding: gzip,deflate


15:31:50.914 [main] DEBUG com.intuit.karate - response time in milliseconds: 331
1 < 201
1 < Date: Tue, 02 Dec 2025 20:31:51 GMT
1 < Content-Type: application/json; charset=utf-8
1 < Content-Length: 9
1 < Connection: keep-alive
1 < access-control-allow-origin: *
1 < etag: W/"9-hVv0cNJophUD7CGn+ZqXp8tVGo0"
1 < x-powered-by: Express
1 < cf-cache-status: DYNAMIC
1 < Nel: {"report_to":"cf-nel","success_fraction":0.0,"max_age":604800}
1 < Server-Timing: cfCacheStatus;desc="DYNAMIC"
1 < Server-Timing: cfEdge;dur=7,cfOrigin;dur=128
1 < Report-To: {"group":"cf-nel","max_age":604800,"endpoints":[{"url":"https://a.nel.cloudflare.com/report/v4?s=5Fu%2F%2BuDQycmaDTRS0eebAM1jWLdHuJiMMpwY%2BxQN8JRoDZnKMy%2BbUAuwpoLNjfWaGg5HwloLdN%2Fp5Clzwz1HOVTmPmQvvBezcYpBP8RMd6I%3D"}]}
1 < Server: cloudflare
1 < CF-RAY: 9a7d9718196667ea-MIA
1 < alt-svc: h3=":443"; ma=86400
{"id":11}

15:31:50.914 [main] ERROR com.intuit.karate - classpath:examples/carts/carts.feature:94
Then status 400
status code was: 201, expected: 400, response time in milliseconds: 331, url: https://fakestoreapi.com/carts, response: 
{"id":11}
classpath:examples/carts/carts.feature:94
]]></system-out>
  </testcase>
  <testcase name="[13:97] Post a product with zero quantity" classname="examples/carts/carts" time="0.336">
    <failure message="status code was: 201, expected: 400, response time in milliseconds: 331, url: https://fakestoreapi.com/carts, response: &#10;{&quot;id&quot;:11}&#10;classpath:examples/carts/carts.feature:102" type="org.opentest4j.AssertionFailedError"><![CDATA[org.opentest4j.AssertionFailedError: 
status code was: 201, expected: 400, response time in milliseconds: 331, url: https://fakestoreapi.com/carts, response: 
{"id":11}
classpath:examples/carts/carts.feature:102
	at org.junit.jupiter.api.AssertionUtils.fail(AssertionUtils.java:38)
	at org.junit.jupiter.api.Assertions.fail(Assertions.java:135)
	at com.intuit.karate.junit5.FeatureNode.lambda$next$1(FeatureNode.java:86)
	at org.junit.jupiter.engine.descriptor.DynamicTestTestDescriptor.lambda$execute$0(DynamicTestTestDescriptor.java:53)
	at org.junit.jupiter.engine.execution.InvocationInterceptorChain$ValidatingInvocation.proceed(InvocationInterceptorChain.java:131)
	at org.junit.jupiter.api.extension.InvocationInterceptor.interceptDynamicTest(InvocationInterceptor.java:167)
	at org.junit.jupiter.api.extension.InvocationInterceptor.interceptDynamicTest(InvocationInterceptor.java:184)
	at org.junit.jupiter.engine.descriptor.DynamicTestTestDescriptor.lambda$execute$1(DynamicTestTestDescriptor.java:61)
	at org.junit.jupiter.engine.execution.InvocationInterceptorChain$InterceptorCall.lambda$ofVoid$0(InvocationInterceptorChain.java:78)
	at org.junit.jupiter.engine.execution.InvocationInterceptorChain$InterceptedInvocation.proceed(InvocationInterceptorChain.java:106)
	at org.junit.jupiter.engine.execution.InvocationInterceptorChain.proceed(InvocationInterceptorChain.java:64)
	at org.junit.jupiter.engine.execution.InvocationInterceptorChain.chainAndInvoke(InvocationInterceptorChain.java:45)
	at org.junit.jupiter.engine.execution.InvocationInterceptorChain.invoke(InvocationInterceptorChain.java:37)
	at org.junit.jupiter.engine.descriptor.DynamicTestTestDescriptor.execute(DynamicTestTestDescriptor.java:60)
	at org.junit.jupiter.engine.descriptor.DynamicTestTestDescriptor.execute(DynamicTestTestDescriptor.java:32)
	at org.junit.platform.engine.support.hierarchical.NodeTestTask.lambda$executeRecursively$6(NodeTestTask.java:151)
	at org.junit.platform.engine.support.hierarchical.ThrowableCollector.execute(ThrowableCollector.java:73)
	at org.junit.platform.engine.support.hierarchical.NodeTestTask.lambda$executeRecursively$8(NodeTestTask.java:141)
	at org.junit.platform.engine.support.hierarchical.Node.around(Node.java:137)
	at org.junit.platform.engine.support.hierarchical.NodeTestTask.lambda$executeRecursively$9(NodeTestTask.java:139)
	at org.junit.platform.engine.support.hierarchical.ThrowableCollector.execute(ThrowableCollector.java:73)
	at org.junit.platform.engine.support.hierarchical.NodeTestTask.executeRecursively(NodeTestTask.java:138)
	at org.junit.platform.engine.support.hierarchical.NodeTestTask.execute(NodeTestTask.java:95)
	at org.junit.platform.engine.support.hierarchical.SameThreadHierarchicalTestExecutorService.submit(SameThreadHierarchicalTestExecutorService.java:35)
	at org.junit.platform.engine.support.hierarchical.NodeTestTask$DefaultDynamicTestExecutor.execute(NodeTestTask.java:226)
	at org.junit.platform.engine.support.hierarchical.NodeTestTask$DefaultDynamicTestExecutor.execute(NodeTestTask.java:204)
	at java.base/java.util.stream.ForEachOps$ForEachOp$OfRef.accept(ForEachOps.java:183)
	at java.base/java.util.stream.ReferencePipeline$3$1.accept(ReferencePipeline.java:197)
	at java.base/java.util.stream.ReferencePipeline$2$1.accept(ReferencePipeline.java:179)
	at java.base/java.util.stream.ReferencePipeline$3$1.accept(ReferencePipeline.java:197)
	at java.base/java.util.Iterator.forEachRemaining(Iterator.java:133)
	at java.base/java.util.Spliterators$IteratorSpliterator.forEachRemaining(Spliterators.java:1845)
	at java.base/java.util.stream.AbstractPipeline.copyInto(AbstractPipeline.java:509)
	at java.base/java.util.stream.AbstractPipeline.wrapAndCopyInto(AbstractPipeline.java:499)
	at java.base/java.util.stream.ForEachOps$ForEachOp.evaluateSequential(ForEachOps.java:150)
	at java.base/java.util.stream.ForEachOps$ForEachOp$OfRef.evaluateSequential(ForEachOps.java:173)
	at java.base/java.util.stream.AbstractPipeline.evaluate(AbstractPipeline.java:234)
	at java.base/java.util.stream.ReferencePipeline.forEachOrdered(ReferencePipeline.java:601)
	at org.junit.jupiter.engine.descriptor.DynamicContainerTestDescriptor.execute(DynamicContainerTestDescriptor.java:67)
	at org.junit.jupiter.engine.descriptor.DynamicContainerTestDescriptor.execute(DynamicContainerTestDescriptor.java:33)
	at org.junit.platform.engine.support.hierarchical.NodeTestTask.lambda$executeRecursively$6(NodeTestTask.java:151)
	at org.junit.platform.engine.support.hierarchical.ThrowableCollector.execute(ThrowableCollector.java:73)
	at org.junit.platform.engine.support.hierarchical.NodeTestTask.lambda$executeRecursively$8(NodeTestTask.java:141)
	at org.junit.platform.engine.support.hierarchical.Node.around(Node.java:137)
	at org.junit.platform.engine.support.hierarchical.NodeTestTask.lambda$executeRecursively$9(NodeTestTask.java:139)
	at org.junit.platform.engine.support.hierarchical.ThrowableCollector.execute(ThrowableCollector.java:73)
	at org.junit.platform.engine.support.hierarchical.NodeTestTask.executeRecursively(NodeTestTask.java:138)
	at org.junit.platform.engine.support.hierarchical.NodeTestTask.execute(NodeTestTask.java:95)
	at org.junit.platform.engine.support.hierarchical.SameThreadHierarchicalTestExecutorService.submit(SameThreadHierarchicalTestExecutorService.java:35)
	at org.junit.platform.engine.support.hierarchical.NodeTestTask$DefaultDynamicTestExecutor.execute(NodeTestTask.java:226)
	at org.junit.platform.engine.support.hierarchical.NodeTestTask$DefaultDynamicTestExecutor.execute(NodeTestTask.java:204)
	at java.base/java.util.Optional.ifPresent(Optional.java:178)
	at org.junit.jupiter.engine.descriptor.TestFactoryTestDescriptor.lambda$invokeTestMethod$1(TestFactoryTestDescriptor.java:108)
	at org.junit.platform.engine.support.hierarchical.ThrowableCollector.execute(ThrowableCollector.java:73)
	at org.junit.jupiter.engine.descriptor.TestFactoryTestDescriptor.invokeTestMethod(TestFactoryTestDescriptor.java:95)
	at org.junit.jupiter.engine.descriptor.TestMethodTestDescriptor.execute(TestMethodTestDescriptor.java:138)
	at org.junit.jupiter.engine.descriptor.TestMethodTestDescriptor.execute(TestMethodTestDescriptor.java:68)
	at org.junit.platform.engine.support.hierarchical.NodeTestTask.lambda$executeRecursively$6(NodeTestTask.java:151)
	at org.junit.platform.engine.support.hierarchical.ThrowableCollector.execute(ThrowableCollector.java:73)
	at org.junit.platform.engine.support.hierarchical.NodeTestTask.lambda$executeRecursively$8(NodeTestTask.java:141)
	at org.junit.platform.engine.support.hierarchical.Node.around(Node.java:137)
	at org.junit.platform.engine.support.hierarchical.NodeTestTask.lambda$executeRecursively$9(NodeTestTask.java:139)
	at org.junit.platform.engine.support.hierarchical.ThrowableCollector.execute(ThrowableCollector.java:73)
	at org.junit.platform.engine.support.hierarchical.NodeTestTask.executeRecursively(NodeTestTask.java:138)
	at org.junit.platform.engine.support.hierarchical.NodeTestTask.execute(NodeTestTask.java:95)
	at java.base/java.util.ArrayList.forEach(ArrayList.java:1511)
	at org.junit.platform.engine.support.hierarchical.SameThreadHierarchicalTestExecutorService.invokeAll(SameThreadHierarchicalTestExecutorService.java:41)
	at org.junit.platform.engine.support.hierarchical.NodeTestTask.lambda$executeRecursively$6(NodeTestTask.java:155)
	at org.junit.platform.engine.support.hierarchical.ThrowableCollector.execute(ThrowableCollector.java:73)
	at org.junit.platform.engine.support.hierarchical.NodeTestTask.lambda$executeRecursively$8(NodeTestTask.java:141)
	at org.junit.platform.engine.support.hierarchical.Node.around(Node.java:137)
	at org.junit.platform.engine.support.hierarchical.NodeTestTask.lambda$executeRecursively$9(NodeTestTask.java:139)
	at org.junit.platform.engine.support.hierarchical.ThrowableCollector.execute(ThrowableCollector.java:73)
	at org.junit.platform.engine.support.hierarchical.NodeTestTask.executeRecursively(NodeTestTask.java:138)
	at org.junit.platform.engine.support.hierarchical.NodeTestTask.execute(NodeTestTask.java:95)
	at java.base/java.util.ArrayList.forEach(ArrayList.java:1511)
	at org.junit.platform.engine.support.hierarchical.SameThreadHierarchicalTestExecutorService.invokeAll(SameThreadHierarchicalTestExecutorService.java:41)
	at org.junit.platform.engine.support.hierarchical.NodeTestTask.lambda$executeRecursively$6(NodeTestTask.java:155)
	at org.junit.platform.engine.support.hierarchical.ThrowableCollector.execute(ThrowableCollector.java:73)
	at org.junit.platform.engine.support.hierarchical.NodeTestTask.lambda$executeRecursively$8(NodeTestTask.java:141)
	at org.junit.platform.engine.support.hierarchical.Node.around(Node.java:137)
	at org.junit.platform.engine.support.hierarchical.NodeTestTask.lambda$executeRecursively$9(NodeTestTask.java:139)
	at org.junit.platform.engine.support.hierarchical.ThrowableCollector.execute(ThrowableCollector.java:73)
	at org.junit.platform.engine.support.hierarchical.NodeTestTask.executeRecursively(NodeTestTask.java:138)
	at org.junit.platform.engine.support.hierarchical.NodeTestTask.execute(NodeTestTask.java:95)
	at org.junit.platform.engine.support.hierarchical.SameThreadHierarchicalTestExecutorService.submit(SameThreadHierarchicalTestExecutorService.java:35)
	at org.junit.platform.engine.support.hierarchical.HierarchicalTestExecutor.execute(HierarchicalTestExecutor.java:57)
	at org.junit.platform.engine.support.hierarchical.HierarchicalTestEngine.execute(HierarchicalTestEngine.java:54)
	at org.junit.platform.launcher.core.EngineExecutionOrchestrator.execute(EngineExecutionOrchestrator.java:147)
	at org.junit.platform.launcher.core.EngineExecutionOrchestrator.execute(EngineExecutionOrchestrator.java:127)
	at org.junit.platform.launcher.core.EngineExecutionOrchestrator.execute(EngineExecutionOrchestrator.java:90)
	at org.junit.platform.launcher.core.EngineExecutionOrchestrator.lambda$execute$0(EngineExecutionOrchestrator.java:55)
	at org.junit.platform.launcher.core.EngineExecutionOrchestrator.withInterceptedStreams(EngineExecutionOrchestrator.java:102)
	at org.junit.platform.launcher.core.EngineExecutionOrchestrator.execute(EngineExecutionOrchestrator.java:54)
	at org.junit.platform.launcher.core.DefaultLauncher.execute(DefaultLauncher.java:114)
	at org.junit.platform.launcher.core.DefaultLauncher.execute(DefaultLauncher.java:86)
	at org.junit.platform.launcher.core.DefaultLauncherSession$DelegatingLauncher.execute(DefaultLauncherSession.java:86)
	at org.apache.maven.surefire.junitplatform.LazyLauncher.execute(LazyLauncher.java:50)
	at org.apache.maven.surefire.junitplatform.JUnitPlatformProvider.execute(JUnitPlatformProvider.java:184)
	at org.apache.maven.surefire.junitplatform.JUnitPlatformProvider.invokeAllTests(JUnitPlatformProvider.java:148)
	at org.apache.maven.surefire.junitplatform.JUnitPlatformProvider.invoke(JUnitPlatformProvider.java:122)
	at org.apache.maven.surefire.booter.ForkedBooter.runSuitesInProcess(ForkedBooter.java:385)
	at org.apache.maven.surefire.booter.ForkedBooter.execute(ForkedBooter.java:162)
	at org.apache.maven.surefire.booter.ForkedBooter.run(ForkedBooter.java:507)
	at org.apache.maven.surefire.booter.ForkedBooter.main(ForkedBooter.java:495)
]]></failure>
    <system-out><![CDATA[15:31:50.918 [main] INFO  com.intuit.karate - karate.env system property was: null 
15:31:50.920 [main] DEBUG com.intuit.karate - request:
1 > POST https://fakestoreapi.com/carts
1 > Host: fakestoreapi.com
1 > Connection: Keep-Alive
1 > User-Agent: Apache-HttpClient/4.5.14 (Java/17.0.17)
1 > Accept-Encoding: gzip,deflate


15:31:51.251 [main] DEBUG com.intuit.karate - response time in milliseconds: 331
1 < 201
1 < Date: Tue, 02 Dec 2025 20:31:51 GMT
1 < Content-Type: application/json; charset=utf-8
1 < Content-Length: 9
1 < Connection: keep-alive
1 < access-control-allow-origin: *
1 < etag: W/"9-hVv0cNJophUD7CGn+ZqXp8tVGo0"
1 < x-powered-by: Express
1 < cf-cache-status: DYNAMIC
1 < Nel: {"report_to":"cf-nel","success_fraction":0.0,"max_age":604800}
1 < Server-Timing: cfCacheStatus;desc="DYNAMIC"
1 < Server-Timing: cfEdge;dur=6,cfOrigin;dur=123
1 < Report-To: {"group":"cf-nel","max_age":604800,"endpoints":[{"url":"https://a.nel.cloudflare.com/report/v4?s=yDsNHpu0uhymCOl9nuh%2FB2RV7%2Bh%2FUwNjnUoGjc2qbd8N5fBrGSHBeWGa1UA04bI51NhMD8hR2va%2FMQdvsd7%2F9o%2Bvwhvq45HY%2BoiqaGU6N6A%3D"}]}
1 < Server: cloudflare
1 < CF-RAY: 9a7d971a4cfdd8af-MIA
1 < alt-svc: h3=":443"; ma=86400
{"id":11}

15:31:51.252 [main] ERROR com.intuit.karate - classpath:examples/carts/carts.feature:102
Then status 400
status code was: 201, expected: 400, response time in milliseconds: 331, url: https://fakestoreapi.com/carts, response: 
{"id":11}
classpath:examples/carts/carts.feature:102
]]></system-out>
  </testcase>
  <testcase name="[14:105] Change the owner of the cart" classname="examples/carts/carts" time="1.078">
    <failure message="status code was: 200, expected: 400, response time in milliseconds: 419, url: https://fakestoreapi.com/carts, response: &#10;[{&quot;id&quot;:1,&quot;userId&quot;:1,&quot;date&quot;:&quot;2020-03-02T00:00:00.000Z&quot;,&quot;products&quot;:[{&quot;productId&quot;:1,&quot;quantity&quot;:4},{&quot;productId&quot;:2,&quot;quantity&quot;:1},{&quot;productId&quot;:3,&quot;quantity&quot;:6}],&quot;__v&quot;:0},{&quot;id&quot;:2,&quot;userId&quot;:1,&quot;date&quot;:&quot;2020-01-02T00:00:00.000Z&quot;,&quot;products&quot;:[{&quot;productId&quot;:2,&quot;quantity&quot;:4},{&quot;productId&quot;:1,&quot;quantity&quot;:10},{&quot;productId&quot;:5,&quot;quantity&quot;:2}],&quot;__v&quot;:0},{&quot;id&quot;:3,&quot;userId&quot;:2,&quot;date&quot;:&quot;2020-03-01T00:00:00.000Z&quot;,&quot;products&quot;:[{&quot;productId&quot;:1,&quot;quantity&quot;:2},{&quot;productId&quot;:9,&quot;quantity&quot;:1}],&quot;__v&quot;:0},{&quot;id&quot;:4,&quot;userId&quot;:3,&quot;date&quot;:&quot;2020-01-01T00:00:00.000Z&quot;,&quot;products&quot;:[{&quot;productId&quot;:1,&quot;quantity&quot;:4}],&quot;__v&quot;:0},{&quot;id&quot;:5,&quot;userId&quot;:3,&quot;date&quot;:&quot;2020-03-01T00:00:00.000Z&quot;,&quot;products&quot;:[{&quot;productId&quot;:7,&quot;quantity&quot;:1},{&quot;productId&quot;:8,&quot;quantity&quot;:1}],&quot;__v&quot;:0},{&quot;id&quot;:6,&quot;userId&quot;:4,&quot;date&quot;:&quot;2020-03-01T00:00:00.000Z&quot;,&quot;products&quot;:[{&quot;productId&quot;:10,&quot;quantity&quot;:2},{&quot;productId&quot;:12,&quot;quantity&quot;:3}],&quot;__v&quot;:0},{&quot;id&quot;:7,&quot;userId&quot;:8,&quot;date&quot;:&quot;2020-03-01T00:00:00.000Z&quot;,&quot;products&quot;:[{&quot;productId&quot;:18,&quot;quantity&quot;:1}],&quot;__v&quot;:0}]&#10;classpath:examples/carts/carts.feature:114" type="org.opentest4j.AssertionFailedError"><![CDATA[org.opentest4j.AssertionFailedError: 
status code was: 200, expected: 400, response time in milliseconds: 419, url: https://fakestoreapi.com/carts, response: 
[{"id":1,"userId":1,"date":"2020-03-02T00:00:00.000Z","products":[{"productId":1,"quantity":4},{"productId":2,"quantity":1},{"productId":3,"quantity":6}],"__v":0},{"id":2,"userId":1,"date":"2020-01-02T00:00:00.000Z","products":[{"productId":2,"quantity":4},{"productId":1,"quantity":10},{"productId":5,"quantity":2}],"__v":0},{"id":3,"userId":2,"date":"2020-03-01T00:00:00.000Z","products":[{"productId":1,"quantity":2},{"productId":9,"quantity":1}],"__v":0},{"id":4,"userId":3,"date":"2020-01-01T00:00:00.000Z","products":[{"productId":1,"quantity":4}],"__v":0},{"id":5,"userId":3,"date":"2020-03-01T00:00:00.000Z","products":[{"productId":7,"quantity":1},{"productId":8,"quantity":1}],"__v":0},{"id":6,"userId":4,"date":"2020-03-01T00:00:00.000Z","products":[{"productId":10,"quantity":2},{"productId":12,"quantity":3}],"__v":0},{"id":7,"userId":8,"date":"2020-03-01T00:00:00.000Z","products":[{"productId":18,"quantity":1}],"__v":0}]
classpath:examples/carts/carts.feature:114
	at org.junit.jupiter.api.AssertionUtils.fail(AssertionUtils.java:38)
	at org.junit.jupiter.api.Assertions.fail(Assertions.java:135)
	at com.intuit.karate.junit5.FeatureNode.lambda$next$1(FeatureNode.java:86)
	at org.junit.jupiter.engine.descriptor.DynamicTestTestDescriptor.lambda$execute$0(DynamicTestTestDescriptor.java:53)
	at org.junit.jupiter.engine.execution.InvocationInterceptorChain$ValidatingInvocation.proceed(InvocationInterceptorChain.java:131)
	at org.junit.jupiter.api.extension.InvocationInterceptor.interceptDynamicTest(InvocationInterceptor.java:167)
	at org.junit.jupiter.api.extension.InvocationInterceptor.interceptDynamicTest(InvocationInterceptor.java:184)
	at org.junit.jupiter.engine.descriptor.DynamicTestTestDescriptor.lambda$execute$1(DynamicTestTestDescriptor.java:61)
	at org.junit.jupiter.engine.execution.InvocationInterceptorChain$InterceptorCall.lambda$ofVoid$0(InvocationInterceptorChain.java:78)
	at org.junit.jupiter.engine.execution.InvocationInterceptorChain$InterceptedInvocation.proceed(InvocationInterceptorChain.java:106)
	at org.junit.jupiter.engine.execution.InvocationInterceptorChain.proceed(InvocationInterceptorChain.java:64)
	at org.junit.jupiter.engine.execution.InvocationInterceptorChain.chainAndInvoke(InvocationInterceptorChain.java:45)
	at org.junit.jupiter.engine.execution.InvocationInterceptorChain.invoke(InvocationInterceptorChain.java:37)
	at org.junit.jupiter.engine.descriptor.DynamicTestTestDescriptor.execute(DynamicTestTestDescriptor.java:60)
	at org.junit.jupiter.engine.descriptor.DynamicTestTestDescriptor.execute(DynamicTestTestDescriptor.java:32)
	at org.junit.platform.engine.support.hierarchical.NodeTestTask.lambda$executeRecursively$6(NodeTestTask.java:151)
	at org.junit.platform.engine.support.hierarchical.ThrowableCollector.execute(ThrowableCollector.java:73)
	at org.junit.platform.engine.support.hierarchical.NodeTestTask.lambda$executeRecursively$8(NodeTestTask.java:141)
	at org.junit.platform.engine.support.hierarchical.Node.around(Node.java:137)
	at org.junit.platform.engine.support.hierarchical.NodeTestTask.lambda$executeRecursively$9(NodeTestTask.java:139)
	at org.junit.platform.engine.support.hierarchical.ThrowableCollector.execute(ThrowableCollector.java:73)
	at org.junit.platform.engine.support.hierarchical.NodeTestTask.executeRecursively(NodeTestTask.java:138)
	at org.junit.platform.engine.support.hierarchical.NodeTestTask.execute(NodeTestTask.java:95)
	at org.junit.platform.engine.support.hierarchical.SameThreadHierarchicalTestExecutorService.submit(SameThreadHierarchicalTestExecutorService.java:35)
	at org.junit.platform.engine.support.hierarchical.NodeTestTask$DefaultDynamicTestExecutor.execute(NodeTestTask.java:226)
	at org.junit.platform.engine.support.hierarchical.NodeTestTask$DefaultDynamicTestExecutor.execute(NodeTestTask.java:204)
	at java.base/java.util.stream.ForEachOps$ForEachOp$OfRef.accept(ForEachOps.java:183)
	at java.base/java.util.stream.ReferencePipeline$3$1.accept(ReferencePipeline.java:197)
	at java.base/java.util.stream.ReferencePipeline$2$1.accept(ReferencePipeline.java:179)
	at java.base/java.util.stream.ReferencePipeline$3$1.accept(ReferencePipeline.java:197)
	at java.base/java.util.Iterator.forEachRemaining(Iterator.java:133)
	at java.base/java.util.Spliterators$IteratorSpliterator.forEachRemaining(Spliterators.java:1845)
	at java.base/java.util.stream.AbstractPipeline.copyInto(AbstractPipeline.java:509)
	at java.base/java.util.stream.AbstractPipeline.wrapAndCopyInto(AbstractPipeline.java:499)
	at java.base/java.util.stream.ForEachOps$ForEachOp.evaluateSequential(ForEachOps.java:150)
	at java.base/java.util.stream.ForEachOps$ForEachOp$OfRef.evaluateSequential(ForEachOps.java:173)
	at java.base/java.util.stream.AbstractPipeline.evaluate(AbstractPipeline.java:234)
	at java.base/java.util.stream.ReferencePipeline.forEachOrdered(ReferencePipeline.java:601)
	at org.junit.jupiter.engine.descriptor.DynamicContainerTestDescriptor.execute(DynamicContainerTestDescriptor.java:67)
	at org.junit.jupiter.engine.descriptor.DynamicContainerTestDescriptor.execute(DynamicContainerTestDescriptor.java:33)
	at org.junit.platform.engine.support.hierarchical.NodeTestTask.lambda$executeRecursively$6(NodeTestTask.java:151)
	at org.junit.platform.engine.support.hierarchical.ThrowableCollector.execute(ThrowableCollector.java:73)
	at org.junit.platform.engine.support.hierarchical.NodeTestTask.lambda$executeRecursively$8(NodeTestTask.java:141)
	at org.junit.platform.engine.support.hierarchical.Node.around(Node.java:137)
	at org.junit.platform.engine.support.hierarchical.NodeTestTask.lambda$executeRecursively$9(NodeTestTask.java:139)
	at org.junit.platform.engine.support.hierarchical.ThrowableCollector.execute(ThrowableCollector.java:73)
	at org.junit.platform.engine.support.hierarchical.NodeTestTask.executeRecursively(NodeTestTask.java:138)
	at org.junit.platform.engine.support.hierarchical.NodeTestTask.execute(NodeTestTask.java:95)
	at org.junit.platform.engine.support.hierarchical.SameThreadHierarchicalTestExecutorService.submit(SameThreadHierarchicalTestExecutorService.java:35)
	at org.junit.platform.engine.support.hierarchical.NodeTestTask$DefaultDynamicTestExecutor.execute(NodeTestTask.java:226)
	at org.junit.platform.engine.support.hierarchical.NodeTestTask$DefaultDynamicTestExecutor.execute(NodeTestTask.java:204)
	at java.base/java.util.Optional.ifPresent(Optional.java:178)
	at org.junit.jupiter.engine.descriptor.TestFactoryTestDescriptor.lambda$invokeTestMethod$1(TestFactoryTestDescriptor.java:108)
	at org.junit.platform.engine.support.hierarchical.ThrowableCollector.execute(ThrowableCollector.java:73)
	at org.junit.jupiter.engine.descriptor.TestFactoryTestDescriptor.invokeTestMethod(TestFactoryTestDescriptor.java:95)
	at org.junit.jupiter.engine.descriptor.TestMethodTestDescriptor.execute(TestMethodTestDescriptor.java:138)
	at org.junit.jupiter.engine.descriptor.TestMethodTestDescriptor.execute(TestMethodTestDescriptor.java:68)
	at org.junit.platform.engine.support.hierarchical.NodeTestTask.lambda$executeRecursively$6(NodeTestTask.java:151)
	at org.junit.platform.engine.support.hierarchical.ThrowableCollector.execute(ThrowableCollector.java:73)
	at org.junit.platform.engine.support.hierarchical.NodeTestTask.lambda$executeRecursively$8(NodeTestTask.java:141)
	at org.junit.platform.engine.support.hierarchical.Node.around(Node.java:137)
	at org.junit.platform.engine.support.hierarchical.NodeTestTask.lambda$executeRecursively$9(NodeTestTask.java:139)
	at org.junit.platform.engine.support.hierarchical.ThrowableCollector.execute(ThrowableCollector.java:73)
	at org.junit.platform.engine.support.hierarchical.NodeTestTask.executeRecursively(NodeTestTask.java:138)
	at org.junit.platform.engine.support.hierarchical.NodeTestTask.execute(NodeTestTask.java:95)
	at java.base/java.util.ArrayList.forEach(ArrayList.java:1511)
	at org.junit.platform.engine.support.hierarchical.SameThreadHierarchicalTestExecutorService.invokeAll(SameThreadHierarchicalTestExecutorService.java:41)
	at org.junit.platform.engine.support.hierarchical.NodeTestTask.lambda$executeRecursively$6(NodeTestTask.java:155)
	at org.junit.platform.engine.support.hierarchical.ThrowableCollector.execute(ThrowableCollector.java:73)
	at org.junit.platform.engine.support.hierarchical.NodeTestTask.lambda$executeRecursively$8(NodeTestTask.java:141)
	at org.junit.platform.engine.support.hierarchical.Node.around(Node.java:137)
	at org.junit.platform.engine.support.hierarchical.NodeTestTask.lambda$executeRecursively$9(NodeTestTask.java:139)
	at org.junit.platform.engine.support.hierarchical.ThrowableCollector.execute(ThrowableCollector.java:73)
	at org.junit.platform.engine.support.hierarchical.NodeTestTask.executeRecursively(NodeTestTask.java:138)
	at org.junit.platform.engine.support.hierarchical.NodeTestTask.execute(NodeTestTask.java:95)
	at java.base/java.util.ArrayList.forEach(ArrayList.java:1511)
	at org.junit.platform.engine.support.hierarchical.SameThreadHierarchicalTestExecutorService.invokeAll(SameThreadHierarchicalTestExecutorService.java:41)
	at org.junit.platform.engine.support.hierarchical.NodeTestTask.lambda$executeRecursively$6(NodeTestTask.java:155)
	at org.junit.platform.engine.support.hierarchical.ThrowableCollector.execute(ThrowableCollector.java:73)
	at org.junit.platform.engine.support.hierarchical.NodeTestTask.lambda$executeRecursively$8(NodeTestTask.java:141)
	at org.junit.platform.engine.support.hierarchical.Node.around(Node.java:137)
	at org.junit.platform.engine.support.hierarchical.NodeTestTask.lambda$executeRecursively$9(NodeTestTask.java:139)
	at org.junit.platform.engine.support.hierarchical.ThrowableCollector.execute(ThrowableCollector.java:73)
	at org.junit.platform.engine.support.hierarchical.NodeTestTask.executeRecursively(NodeTestTask.java:138)
	at org.junit.platform.engine.support.hierarchical.NodeTestTask.execute(NodeTestTask.java:95)
	at org.junit.platform.engine.support.hierarchical.SameThreadHierarchicalTestExecutorService.submit(SameThreadHierarchicalTestExecutorService.java:35)
	at org.junit.platform.engine.support.hierarchical.HierarchicalTestExecutor.execute(HierarchicalTestExecutor.java:57)
	at org.junit.platform.engine.support.hierarchical.HierarchicalTestEngine.execute(HierarchicalTestEngine.java:54)
	at org.junit.platform.launcher.core.EngineExecutionOrchestrator.execute(EngineExecutionOrchestrator.java:147)
	at org.junit.platform.launcher.core.EngineExecutionOrchestrator.execute(EngineExecutionOrchestrator.java:127)
	at org.junit.platform.launcher.core.EngineExecutionOrchestrator.execute(EngineExecutionOrchestrator.java:90)
	at org.junit.platform.launcher.core.EngineExecutionOrchestrator.lambda$execute$0(EngineExecutionOrchestrator.java:55)
	at org.junit.platform.launcher.core.EngineExecutionOrchestrator.withInterceptedStreams(EngineExecutionOrchestrator.java:102)
	at org.junit.platform.launcher.core.EngineExecutionOrchestrator.execute(EngineExecutionOrchestrator.java:54)
	at org.junit.platform.launcher.core.DefaultLauncher.execute(DefaultLauncher.java:114)
	at org.junit.platform.launcher.core.DefaultLauncher.execute(DefaultLauncher.java:86)
	at org.junit.platform.launcher.core.DefaultLauncherSession$DelegatingLauncher.execute(DefaultLauncherSession.java:86)
	at org.apache.maven.surefire.junitplatform.LazyLauncher.execute(LazyLauncher.java:50)
	at org.apache.maven.surefire.junitplatform.JUnitPlatformProvider.execute(JUnitPlatformProvider.java:184)
	at org.apache.maven.surefire.junitplatform.JUnitPlatformProvider.invokeAllTests(JUnitPlatformProvider.java:148)
	at org.apache.maven.surefire.junitplatform.JUnitPlatformProvider.invoke(JUnitPlatformProvider.java:122)
	at org.apache.maven.surefire.booter.ForkedBooter.runSuitesInProcess(ForkedBooter.java:385)
	at org.apache.maven.surefire.booter.ForkedBooter.execute(ForkedBooter.java:162)
	at org.apache.maven.surefire.booter.ForkedBooter.run(ForkedBooter.java:507)
	at org.apache.maven.surefire.booter.ForkedBooter.main(ForkedBooter.java:495)
]]></failure>
    <system-out><![CDATA[15:31:51.256 [main] INFO  com.intuit.karate - karate.env system property was: null 
15:31:51.257 [main] DEBUG com.intuit.karate - request:
1 > GET https://fakestoreapi.com/carts/1
1 > Host: fakestoreapi.com
1 > Connection: Keep-Alive
1 > User-Agent: Apache-HttpClient/4.5.14 (Java/17.0.17)
1 > Accept-Encoding: gzip,deflate


15:31:51.684 [main] DEBUG com.intuit.karate - response time in milliseconds: 426
1 < 200
1 < Date: Tue, 02 Dec 2025 20:31:51 GMT
1 < Content-Type: application/json; charset=utf-8
1 < Transfer-Encoding: chunked
1 < Connection: keep-alive
1 < access-control-allow-origin: *
1 < etag: W/"a1-wvAyaNKAHffOoZd5/I4wHuNFvSs"
1 < x-powered-by: Express
1 < cf-cache-status: DYNAMIC
1 < Nel: {"report_to":"cf-nel","success_fraction":0.0,"max_age":604800}
1 < Server-Timing: cfCacheStatus;desc="DYNAMIC"
1 < Server-Timing: cfEdge;dur=3,cfOrigin;dur=228
1 < Report-To: {"group":"cf-nel","max_age":604800,"endpoints":[{"url":"https://a.nel.cloudflare.com/report/v4?s=Atw6o0Nb5mEZSxjnCTKVrfdyVtfHR1g%2FAWMvoRbw0p%2Fyd4YbNFsWxbckwOTSfo0ieXAlJnIbLyid4msDWUXWgcjV%2BgxLSb1n%2FufDhok0kk0%3D"}]}
1 < Server: cloudflare
1 < CF-RAY: 9a7d971c5eb0b180-MIA
1 < alt-svc: h3=":443"; ma=86400
{"id":1,"userId":1,"date":"2020-03-02T00:00:00.000Z","products":[{"productId":1,"quantity":4},{"productId":2,"quantity":1},{"productId":3,"quantity":6}],"__v":0}

15:31:51.686 [main] DEBUG com.intuit.karate - request:
2 > GET https://fakestoreapi.com/carts
2 > Host: fakestoreapi.com
2 > Connection: Keep-Alive
2 > User-Agent: Apache-HttpClient/4.5.14 (Java/17.0.17)
2 > Accept-Encoding: gzip,deflate


15:31:52.105 [main] DEBUG com.intuit.karate - response time in milliseconds: 419
2 < 200
2 < Date: Tue, 02 Dec 2025 20:31:52 GMT
2 < Content-Type: application/json; charset=utf-8
2 < Transfer-Encoding: chunked
2 < Connection: keep-alive
2 < access-control-allow-origin: *
2 < etag: W/"3a8-j3C8983spvK8GpaSYa+SyYlAS2A"
2 < x-powered-by: Express
2 < cf-cache-status: DYNAMIC
2 < Nel: {"report_to":"cf-nel","success_fraction":0.0,"max_age":604800}
2 < Server-Timing: cfCacheStatus;desc="DYNAMIC"
2 < Server-Timing: cfEdge;dur=4,cfOrigin;dur=227
2 < Report-To: {"group":"cf-nel","max_age":604800,"endpoints":[{"url":"https://a.nel.cloudflare.com/report/v4?s=1gD1V%2F2Y78dUpxuPdu3zv4ehRq7s33sqagrg6Xpj2Ab235AeTE7ActvNg%2F4H0gPJp6vYpKt8YKTb8wd0ZpLOv2AJgruwPfg1J1Kk6jLQGp8%3D"}]}
2 < Server: cloudflare
2 < CF-RAY: 9a7d971f0ee18f56-MIA
2 < alt-svc: h3=":443"; ma=86400
[{"id":1,"userId":1,"date":"2020-03-02T00:00:00.000Z","products":[{"productId":1,"quantity":4},{"productId":2,"quantity":1},{"productId":3,"quantity":6}],"__v":0},{"id":2,"userId":1,"date":"2020-01-02T00:00:00.000Z","products":[{"productId":2,"quantity":4},{"productId":1,"quantity":10},{"productId":5,"quantity":2}],"__v":0},{"id":3,"userId":2,"date":"2020-03-01T00:00:00.000Z","products":[{"productId":1,"quantity":2},{"productId":9,"quantity":1}],"__v":0},{"id":4,"userId":3,"date":"2020-01-01T00:00:00.000Z","products":[{"productId":1,"quantity":4}],"__v":0},{"id":5,"userId":3,"date":"2020-03-01T00:00:00.000Z","products":[{"productId":7,"quantity":1},{"productId":8,"quantity":1}],"__v":0},{"id":6,"userId":4,"date":"2020-03-01T00:00:00.000Z","products":[{"productId":10,"quantity":2},{"productId":12,"quantity":3}],"__v":0},{"id":7,"userId":8,"date":"2020-03-01T00:00:00.000Z","products":[{"productId":18,"quantity":1}],"__v":0}]

15:31:52.107 [main] ERROR com.intuit.karate - classpath:examples/carts/carts.feature:114
Then status 400
status code was: 200, expected: 400, response time in milliseconds: 419, url: https://fakestoreapi.com/carts, response: 
[{"id":1,"userId":1,"date":"2020-03-02T00:00:00.000Z","products":[{"productId":1,"quantity":4},{"productId":2,"quantity":1},{"productId":3,"quantity":6}],"__v":0},{"id":2,"userId":1,"date":"2020-01-02T00:00:00.000Z","products":[{"productId":2,"quantity":4},{"productId":1,"quantity":10},{"productId":5,"quantity":2}],"__v":0},{"id":3,"userId":2,"date":"2020-03-01T00:00:00.000Z","products":[{"productId":1,"quantity":2},{"productId":9,"quantity":1}],"__v":0},{"id":4,"userId":3,"date":"2020-01-01T00:00:00.000Z","products":[{"productId":1,"quantity":4}],"__v":0},{"id":5,"userId":3,"date":"2020-03-01T00:00:00.000Z","products":[{"productId":7,"quantity":1},{"productId":8,"quantity":1}],"__v":0},{"id":6,"userId":4,"date":"2020-03-01T00:00:00.000Z","products":[{"productId":10,"quantity":2},{"productId":12,"quantity":3}],"__v":0},{"id":7,"userId":8,"date":"2020-03-01T00:00:00.000Z","products":[{"productId":18,"quantity":1}],"__v":0}]
classpath:examples/carts/carts.feature:114
---------------------------------------------------------
feature: classpath:examples/carts/carts.feature
scenarios: 14 | passed:  9 | failed:  5 | time: 6.1184
---------------------------------------------------------

Karate version: 1.4.1
======================================================
elapsed:   6.37 | threads:    1 | thread time: 6.12 
features:     1 | skipped:    0 | efficiency: 0.96
scenarios:   14 | passed:     9 | failed: 5
======================================================
>>> failed features:
status code was: 200, expected: 400, response time in milliseconds: 414, url: https://fakestoreapi.com/carts/100, response: 
null
classpath:examples/carts/carts.feature:80
status code was: 200, expected: 400, response time in milliseconds: 446, url: https://fakestoreapi.com/carts/500, response: 
null
classpath:examples/carts/carts.feature:86
status code was: 201, expected: 400, response time in milliseconds: 331, url: https://fakestoreapi.com/carts, response: 
{"id":11}
classpath:examples/carts/carts.feature:94
status code was: 201, expected: 400, response time in milliseconds: 331, url: https://fakestoreapi.com/carts, response: 
{"id":11}
classpath:examples/carts/carts.feature:102
status code was: 200, expected: 400, response time in milliseconds: 419, url: https://fakestoreapi.com/carts, response: 
[{"id":1,"userId":1,"date":"2020-03-02T00:00:00.000Z","products":[{"productId":1,"quantity":4},{"productId":2,"quantity":1},{"productId":3,"quantity":6}],"__v":0},{"id":2,"userId":1,"date":"2020-01-02T00:00:00.000Z","products":[{"productId":2,"quantity":4},{"productId":1,"quantity":10},{"productId":5,"quantity":2}],"__v":0},{"id":3,"userId":2,"date":"2020-03-01T00:00:00.000Z","products":[{"productId":1,"quantity":2},{"productId":9,"quantity":1}],"__v":0},{"id":4,"userId":3,"date":"2020-01-01T00:00:00.000Z","products":[{"productId":1,"quantity":4}],"__v":0},{"id":5,"userId":3,"date":"2020-03-01T00:00:00.000Z","products":[{"productId":7,"quantity":1},{"productId":8,"quantity":1}],"__v":0},{"id":6,"userId":4,"date":"2020-03-01T00:00:00.000Z","products":[{"productId":10,"quantity":2},{"productId":12,"quantity":3}],"__v":0},{"id":7,"userId":8,"date":"2020-03-01T00:00:00.000Z","products":[{"productId":18,"quantity":1}],"__v":0}]
classpath:examples/carts/carts.feature:114
<<<

HTML report: (paste into browser to view) | Karate version: 1.4.1
file:///C:/Users/Mairon/Documents/Karate%20automation/technical_test/target/karate-reports/karate-summary.html
===================================================================

]]></system-out>
  </testcase>
</testsuite>