<?xml version="1.0" encoding="UTF-8"?>
<testsuite xmlns:xsi="http://www.w3.org/2001/XMLSchema-instance" xsi:noNamespaceSchemaLocation="https://maven.apache.org/surefire/maven-surefire-plugin/xsd/surefire-test-report-3.0.xsd" version="3.0" name="examples.ExamplesTest" time="7.571" tests="1" errors="0" skipped="0" failures="1">
  <properties>
[...]
</properties>
  <testcase name="testParallel" classname="examples.ExamplesTest" time="7.571">
    <failure message="status code was: 200, expected: 400, response time in milliseconds: 422, url: https://fakestoreapi.com/carts/100, response: &#10;null&#10;classpath:examples/carts/carts.feature:80&#10;status code was: 200, expected: 400, response time in milliseconds: 426, url: https://fakestoreapi.com/carts/500, response: &#10;null&#10;classpath:examples/carts/carts.feature:86&#10;status code was: 201, expected: 400, response time in milliseconds: 341, url: https://fakestoreapi.com/carts, response: &#10;{&quot;id&quot;:11}&#10;classpath:examples/carts/carts.feature:94&#10;status code was: 201, expected: 400, response time in milliseconds: 336, url: https://fakestoreapi.com/carts, response: &#10;{&quot;id&quot;:11}&#10;classpath:examples/carts/carts.feature:102&#10;status code was: 200, expected: 400, response time in milliseconds: 437, url: https://fakestoreapi.com/carts, response: &#10;[{&quot;id&quot;:1,&quot;userId&quot;:1,&quot;date&quot;:&quot;2020-03-02T00:00:00.000Z&quot;,&quot;products&quot;:[{&quot;productId&quot;:1,&quot;quantity&quot;:4},{&quot;productId&quot;:2,&quot;quantity&quot;:1},{&quot;productId&quot;:3,&quot;quantity&quot;:6}],&quot;__v&quot;:0},{&quot;id&quot;:2,&quot;userId&quot;:1,&quot;date&quot;:&quot;2020-01-02T00:00:00.000Z&quot;,&quot;products&quot;:[{&quot;productId&quot;:2,&quot;quantity&quot;:4},{&quot;productId&quot;:1,&quot;quantity&quot;:10},{&quot;productId&quot;:5,&quot;quantity&quot;:2}],&quot;__v&quot;:0},{&quot;id&quot;:3,&quot;userId&quot;:2,&quot;date&quot;:&quot;2020-03-01T00:00:00.000Z&quot;,&quot;products&quot;:[{&quot;productId&quot;:1,&quot;quantity&quot;:2},{&quot;productId&quot;:9,&quot;quantity&quot;:1}],&quot;__v&quot;:0},{&quot;id&quot;:4,&quot;userId&quot;:3,&quot;date&quot;:&quot;2020-01-01T00:00:00.000Z&quot;,&quot;products&quot;:[{&quot;productId&quot;:1,&quot;quantity&quot;:4}],&quot;__v&quot;:0},{&quot;id&quot;:5,&quot;userId&quot;:3,&quot;date&quot;:&quot;2020-03-01T00:00:00.000Z&quot;,&quot;products&quot;:[{&quot;productId&quot;:7,&quot;quantity&quot;:1},{&quot;productId&quot;:8,&quot;quantity&quot;:1}],&quot;__v&quot;:0},{&quot;id&quot;:6,&quot;userId&quot;:4,&quot;date&quot;:&quot;2020-03-01T00:00:00.000Z&quot;,&quot;products&quot;:[{&quot;productId&quot;:10,&quot;quantity&quot;:2},{&quot;productId&quot;:12,&quot;quantity&quot;:3}],&quot;__v&quot;:0},{&quot;id&quot;:7,&quot;userId&quot;:8,&quot;date&quot;:&quot;2020-03-01T00:00:00.000Z&quot;,&quot;products&quot;:[{&quot;productId&quot;:18,&quot;quantity&quot;:1}],&quot;__v&quot;:0}]&#10;classpath:examples/carts/carts.feature:114&#10;status code was: 200, expected: 400, response time in milliseconds: 316, url: https://fakestoreapi.com/products/500, response: &#10;&#10;classpath:examples/products/products.feature:93&#10;status code was: 200, expected: 400, response time in milliseconds: 331, url: https://fakestoreapi.com/products/900, response: &#10;&#10;classpath:examples/products/products.feature:106&#10;status code was: 200, expected: 400, response time in milliseconds: 318, url: https://fakestoreapi.com/products/1, response: &#10;{&quot;id&quot;:1,&quot;title&quot;:&quot;Fjallraven - Foldsack No. 1 Backpack, Fits 15 Laptops&quot;,&quot;price&quot;:109.95,&quot;description&quot;:&quot;Your perfect pack for everyday use and walks in the forest. Stash your laptop (up to 15 inches) in the padded sleeve, your everyday&quot;,&quot;category&quot;:&quot;men&apos;s clothing&quot;,&quot;image&quot;:&quot;https://fakestoreapi.com/img/81fPKd-2AYL._AC_SL1500_t.png&quot;,&quot;rating&quot;:{&quot;rate&quot;:3.9,&quot;count&quot;:120}}&#10;classpath:examples/products/products.feature:113&#10;status code was: 200, expected: 400, response time in milliseconds: 324, url: https://fakestoreapi.com/products/1, response: &#10;{&quot;id&quot;:1,&quot;title&quot;:&quot;Fjallraven - Foldsack No. 1 Backpack, Fits 15 Laptops&quot;,&quot;price&quot;:109.95,&quot;description&quot;:&quot;Your perfect pack for everyday use and walks in the forest. Stash your laptop (up to 15 inches) in the padded sleeve, your everyday&quot;,&quot;category&quot;:&quot;men&apos;s clothing&quot;,&quot;image&quot;:&quot;https://fakestoreapi.com/img/81fPKd-2AYL._AC_SL1500_t.png&quot;,&quot;rating&quot;:{&quot;rate&quot;:3.9,&quot;count&quot;:120}}&#10;classpath:examples/products/products.feature:121&#10;status code was: 201, expected: 400, response time in milliseconds: 334, url: https://fakestoreapi.com/products, response: &#10;{&quot;id&quot;:21,&quot;title&quot;:&quot;Titulo nuevo&quot;,&quot;price&quot;:40000,&quot;description&quot;:&quot;Nueva descripción&quot;,&quot;image&quot;:&quot;example.com&quot;,&quot;category&quot;:&quot;Nueva categoría&quot;}&#10;classpath:examples/products/products.feature:139&#10;status code was: 200, expected: 400, response time in milliseconds: 436, url: https://fakestoreapi.com/carts/500, response: &#10;null&#10;classpath:examples/users/users.feature:66&#10;status code was: 201, expected: 400, response time in milliseconds: 445, url: https://fakestoreapi.com/users, response: &#10;{&quot;id&quot;:11}&#10;classpath:examples/users/users.feature:77&#10;status code was: 201, expected: 400, response time in milliseconds: 424, url: https://fakestoreapi.com/users, response: &#10;{&quot;id&quot;:1}&#10;classpath:examples/users/users.feature:88&#10;status code was: 201, expected: 400, response time in milliseconds: 424, url: https://fakestoreapi.com/users, response: &#10;{&quot;id&quot;:1}&#10;classpath:examples/users/users.feature:100&#10;status code was: 201, expected: 400, response time in milliseconds: 433, url: https://fakestoreapi.com/users, response: &#10;{&quot;id&quot;:11}&#10;classpath:examples/users/users.feature:112&#10;status code was: 200, expected: 400, response time in milliseconds: 434, url: https://fakestoreapi.com/users/5000, response: &#10;null&#10;classpath:examples/users/users.feature:118&#10;status code was: 200, expected: 400, response time in milliseconds: 427, url: https://fakestoreapi.com/users/6, response: &#10;{&quot;address&quot;:{&quot;geolocation&quot;:{&quot;lat&quot;:&quot;20.1677&quot;,&quot;long&quot;:&quot;-10.6789&quot;},&quot;city&quot;:&quot;el paso&quot;,&quot;street&quot;:&quot;prospect st&quot;,&quot;number&quot;:124,&quot;zipcode&quot;:&quot;12346-0456&quot;},&quot;id&quot;:6,&quot;email&quot;:&quot;david_r@gmail.com&quot;,&quot;username&quot;:&quot;david_r&quot;,&quot;password&quot;:&quot;3478*#54&quot;,&quot;name&quot;:{&quot;firstname&quot;:&quot;david&quot;,&quot;lastname&quot;:&quot;russell&quot;},&quot;phone&quot;:&quot;1-678-345-9856&quot;,&quot;__v&quot;:0}&#10;classpath:examples/users/users.feature:128 ==&gt; expected: &lt;0&gt; but was: &lt;17&gt;" type="org.opentest4j.AssertionFailedError"><![CDATA[org.opentest4j.AssertionFailedError: 
status code was: 200, expected: 400, response time in milliseconds: 422, url: https://fakestoreapi.com/carts/100, response: 
null
classpath:examples/carts/carts.feature:80
status code was: 200, expected: 400, response time in milliseconds: 426, url: https://fakestoreapi.com/carts/500, response: 
null
classpath:examples/carts/carts.feature:86
status code was: 201, expected: 400, response time in milliseconds: 341, url: https://fakestoreapi.com/carts, response: 
{"id":11}
classpath:examples/carts/carts.feature:94
status code was: 201, expected: 400, response time in milliseconds: 336, url: https://fakestoreapi.com/carts, response: 
{"id":11}
classpath:examples/carts/carts.feature:102
status code was: 200, expected: 400, response time in milliseconds: 437, url: https://fakestoreapi.com/carts, response: 
[{"id":1,"userId":1,"date":"2020-03-02T00:00:00.000Z","products":[{"productId":1,"quantity":4},{"productId":2,"quantity":1},{"productId":3,"quantity":6}],"__v":0},{"id":2,"userId":1,"date":"2020-01-02T00:00:00.000Z","products":[{"productId":2,"quantity":4},{"productId":1,"quantity":10},{"productId":5,"quantity":2}],"__v":0},{"id":3,"userId":2,"date":"2020-03-01T00:00:00.000Z","products":[{"productId":1,"quantity":2},{"productId":9,"quantity":1}],"__v":0},{"id":4,"userId":3,"date":"2020-01-01T00:00:00.000Z","products":[{"productId":1,"quantity":4}],"__v":0},{"id":5,"userId":3,"date":"2020-03-01T00:00:00.000Z","products":[{"productId":7,"quantity":1},{"productId":8,"quantity":1}],"__v":0},{"id":6,"userId":4,"date":"2020-03-01T00:00:00.000Z","products":[{"productId":10,"quantity":2},{"productId":12,"quantity":3}],"__v":0},{"id":7,"userId":8,"date":"2020-03-01T00:00:00.000Z","products":[{"productId":18,"quantity":1}],"__v":0}]
classpath:examples/carts/carts.feature:114
status code was: 200, expected: 400, response time in milliseconds: 316, url: https://fakestoreapi.com/products/500, response: 

classpath:examples/products/products.feature:93
status code was: 200, expected: 400, response time in milliseconds: 331, url: https://fakestoreapi.com/products/900, response: 

classpath:examples/products/products.feature:106
status code was: 200, expected: 400, response time in milliseconds: 318, url: https://fakestoreapi.com/products/1, response: 
{"id":1,"title":"Fjallraven - Foldsack No. 1 Backpack, Fits 15 Laptops","price":109.95,"description":"Your perfect pack for everyday use and walks in the forest. Stash your laptop (up to 15 inches) in the padded sleeve, your everyday","category":"men's clothing","image":"https://fakestoreapi.com/img/81fPKd-2AYL._AC_SL1500_t.png","rating":{"rate":3.9,"count":120}}
classpath:examples/products/products.feature:113
status code was: 200, expected: 400, response time in milliseconds: 324, url: https://fakestoreapi.com/products/1, response: 
{"id":1,"title":"Fjallraven - Foldsack No. 1 Backpack, Fits 15 Laptops","price":109.95,"description":"Your perfect pack for everyday use and walks in the forest. Stash your laptop (up to 15 inches) in the padded sleeve, your everyday","category":"men's clothing","image":"https://fakestoreapi.com/img/81fPKd-2AYL._AC_SL1500_t.png","rating":{"rate":3.9,"count":120}}
classpath:examples/products/products.feature:121
status code was: 201, expected: 400, response time in milliseconds: 334, url: https://fakestoreapi.com/products, response: 
{"id":21,"title":"Titulo nuevo","price":40000,"description":"Nueva descripción","image":"example.com","category":"Nueva categoría"}
classpath:examples/products/products.feature:139
status code was: 200, expected: 400, response time in milliseconds: 436, url: https://fakestoreapi.com/carts/500, response: 
null
classpath:examples/users/users.feature:66
status code was: 201, expected: 400, response time in milliseconds: 445, url: https://fakestoreapi.com/users, response: 
{"id":11}
classpath:examples/users/users.feature:77
status code was: 201, expected: 400, response time in milliseconds: 424, url: https://fakestoreapi.com/users, response: 
{"id":1}
classpath:examples/users/users.feature:88
status code was: 201, expected: 400, response time in milliseconds: 424, url: https://fakestoreapi.com/users, response: 
{"id":1}
classpath:examples/users/users.feature:100
status code was: 201, expected: 400, response time in milliseconds: 433, url: https://fakestoreapi.com/users, response: 
{"id":11}
classpath:examples/users/users.feature:112
status code was: 200, expected: 400, response time in milliseconds: 434, url: https://fakestoreapi.com/users/5000, response: 
null
classpath:examples/users/users.feature:118
status code was: 200, expected: 400, response time in milliseconds: 427, url: https://fakestoreapi.com/users/6, response: 
{"address":{"geolocation":{"lat":"20.1677","long":"-10.6789"},"city":"el paso","street":"prospect st","number":124,"zipcode":"12346-0456"},"id":6,"email":"david_r@gmail.com","username":"david_r","password":"3478*#54","name":{"firstname":"david","lastname":"russell"},"phone":"1-678-345-9856","__v":0}
classpath:examples/users/users.feature:128 ==> expected: <0> but was: <17>
	at org.junit.jupiter.api.AssertionFailureBuilder.build(AssertionFailureBuilder.java:151)
	at org.junit.jupiter.api.AssertionFailureBuilder.buildAndThrow(AssertionFailureBuilder.java:132)
	at org.junit.jupiter.api.AssertEquals.failNotEqual(AssertEquals.java:197)
	at org.junit.jupiter.api.AssertEquals.assertEquals(AssertEquals.java:150)
	at org.junit.jupiter.api.Assertions.assertEquals(Assertions.java:560)
	at examples.ExamplesTest.testParallel(ExamplesTest.java:15)
	at java.base/jdk.internal.reflect.NativeMethodAccessorImpl.invoke0(Native Method)
	at java.base/jdk.internal.reflect.NativeMethodAccessorImpl.invoke(NativeMethodAccessorImpl.java:77)
	at java.base/jdk.internal.reflect.DelegatingMethodAccessorImpl.invoke(DelegatingMethodAccessorImpl.java:43)
	at java.base/java.lang.reflect.Method.invoke(Method.java:569)
	at org.junit.platform.commons.util.ReflectionUtils.invokeMethod(ReflectionUtils.java:727)
	at org.junit.jupiter.engine.execution.MethodInvocation.proceed(MethodInvocation.java:60)
	at org.junit.jupiter.engine.execution.InvocationInterceptorChain$ValidatingInvocation.proceed(InvocationInterceptorChain.java:131)
	at org.junit.jupiter.engine.extension.TimeoutExtension.intercept(TimeoutExtension.java:156)
	at org.junit.jupiter.engine.extension.TimeoutExtension.interceptTestableMethod(TimeoutExtension.java:147)
	at org.junit.jupiter.engine.extension.TimeoutExtension.interceptTestMethod(TimeoutExtension.java:86)
	at org.junit.jupiter.engine.execution.InterceptingExecutableInvoker$ReflectiveInterceptorCall.lambda$ofVoidMethod$0(InterceptingExecutableInvoker.java:103)
	at org.junit.jupiter.engine.execution.InterceptingExecutableInvoker.lambda$invoke$0(InterceptingExecutableInvoker.java:93)
	at org.junit.jupiter.engine.execution.InvocationInterceptorChain$InterceptedInvocation.proceed(InvocationInterceptorChain.java:106)
	at org.junit.jupiter.engine.execution.InvocationInterceptorChain.proceed(InvocationInterceptorChain.java:64)
	at org.junit.jupiter.engine.execution.InvocationInterceptorChain.chainAndInvoke(InvocationInterceptorChain.java:45)
	at org.junit.jupiter.engine.execution.InvocationInterceptorChain.invoke(InvocationInterceptorChain.java:37)
	at org.junit.jupiter.engine.execution.InterceptingExecutableInvoker.invoke(InterceptingExecutableInvoker.java:92)
	at org.junit.jupiter.engine.execution.InterceptingExecutableInvoker.invoke(InterceptingExecutableInvoker.java:86)
	at org.junit.jupiter.engine.descriptor.TestMethodTestDescriptor.lambda$invokeTestMethod$7(TestMethodTestDescriptor.java:217)
	at org.junit.platform.engine.support.hierarchical.ThrowableCollector.execute(ThrowableCollector.java:73)
	at org.junit.jupiter.engine.descriptor.TestMethodTestDescriptor.invokeTestMethod(TestMethodTestDescriptor.java:213)
	at org.junit.jupiter.engine.descriptor.TestMethodTestDescriptor.execute(TestMethodTestDescriptor.java:138)
	at org.junit.jupiter.engine.descriptor.TestMethodTestDescriptor.execute(TestMethodTestDescriptor.java:68)
	at org.junit.platform.engine.support.hierarchical.NodeTestTask.lambda$executeRecursively$6(NodeTestTask.java:151)
	at org.junit.platform.engine.support.hierarchical.ThrowableCollector.execute(ThrowableCollector.java:73)
	at org.junit.platform.engine.support.hierarchical.NodeTestTask.lambda$executeRecursively$8(NodeTestTask.java:141)
	at org.junit.platform.engine.support.hierarchical.Node.around(Node.java:137)
	at org.junit.platform.engine.support.hierarchical.NodeTestTask.lambda$executeRecursively$9(NodeTestTask.java:139)
	at org.junit.platform.engine.support.hierarchical.ThrowableCollector.execute(ThrowableCollector.java:73)
	at org.junit.platform.engine.support.hierarchical.NodeTestTask.executeRecursively(NodeTestTask.java:138)
	at org.junit.platform.engine.support.hierarchical.NodeTestTask.execute(NodeTestTask.java:95)
	at java.base/java.util.ArrayList.forEach(ArrayList.java:1511)
	at org.junit.platform.engine.support.hierarchical.SameThreadHierarchicalTestExecutorService.invokeAll(SameThreadHierarchicalTestExecutorService.java:41)
	at org.junit.platform.engine.support.hierarchical.NodeTestTask.lambda$executeRecursively$6(NodeTestTask.java:155)
	at org.junit.platform.engine.support.hierarchical.ThrowableCollector.execute(ThrowableCollector.java:73)
	at org.junit.platform.engine.support.hierarchical.NodeTestTask.lambda$executeRecursively$8(NodeTestTask.java:141)
	at org.junit.platform.engine.support.hierarchical.Node.around(Node.java:137)
	at org.junit.platform.engine.support.hierarchical.NodeTestTask.lambda$executeRecursively$9(NodeTestTask.java:139)
	at org.junit.platform.engine.support.hierarchical.ThrowableCollector.execute(ThrowableCollector.java:73)
	at org.junit.platform.engine.support.hierarchical.NodeTestTask.executeRecursively(NodeTestTask.java:138)
	at org.junit.platform.engine.support.hierarchical.NodeTestTask.execute(NodeTestTask.java:95)
	at java.base/java.util.ArrayList.forEach(ArrayList.java:1511)
	at org.junit.platform.engine.support.hierarchical.SameThreadHierarchicalTestExecutorService.invokeAll(SameThreadHierarchicalTestExecutorService.java:41)
	at org.junit.platform.engine.support.hierarchical.NodeTestTask.lambda$executeRecursively$6(NodeTestTask.java:155)
	at org.junit.platform.engine.support.hierarchical.ThrowableCollector.execute(ThrowableCollector.java:73)
	at org.junit.platform.engine.support.hierarchical.NodeTestTask.lambda$executeRecursively$8(NodeTestTask.java:141)
	at org.junit.platform.engine.support.hierarchical.Node.around(Node.java:137)
	at org.junit.platform.engine.support.hierarchical.NodeTestTask.lambda$executeRecursively$9(NodeTestTask.java:139)
	at org.junit.platform.engine.support.hierarchical.ThrowableCollector.execute(ThrowableCollector.java:73)
	at org.junit.platform.engine.support.hierarchical.NodeTestTask.executeRecursively(NodeTestTask.java:138)
	at org.junit.platform.engine.support.hierarchical.NodeTestTask.execute(NodeTestTask.java:95)
	at org.junit.platform.engine.support.hierarchical.SameThreadHierarchicalTestExecutorService.submit(SameThreadHierarchicalTestExecutorService.java:35)
	at org.junit.platform.engine.support.hierarchical.HierarchicalTestExecutor.execute(HierarchicalTestExecutor.java:57)
	at org.junit.platform.engine.support.hierarchical.HierarchicalTestEngine.execute(HierarchicalTestEngine.java:54)
	at org.junit.platform.launcher.core.EngineExecutionOrchestrator.execute(EngineExecutionOrchestrator.java:147)
	at org.junit.platform.launcher.core.EngineExecutionOrchestrator.execute(EngineExecutionOrchestrator.java:127)
	at org.junit.platform.launcher.core.EngineExecutionOrchestrator.execute(EngineExecutionOrchestrator.java:90)
	at org.junit.platform.launcher.core.EngineExecutionOrchestrator.lambda$execute$0(EngineExecutionOrchestrator.java:55)
	at org.junit.platform.launcher.core.EngineExecutionOrchestrator.withInterceptedStreams(EngineExecutionOrchestrator.java:102)
	at org.junit.platform.launcher.core.EngineExecutionOrchestrator.execute(EngineExecutionOrchestrator.java:54)
	at org.junit.platform.launcher.core.DefaultLauncher.execute(DefaultLauncher.java:114)
	at org.junit.platform.launcher.core.DefaultLauncher.execute(DefaultLauncher.java:86)
	at org.junit.platform.launcher.core.DefaultLauncherSession$DelegatingLauncher.execute(DefaultLauncherSession.java:86)
	at org.apache.maven.surefire.junitplatform.LazyLauncher.execute(LazyLauncher.java:50)
	at org.apache.maven.surefire.junitplatform.JUnitPlatformProvider.execute(JUnitPlatformProvider.java:184)
	at org.apache.maven.surefire.junitplatform.JUnitPlatformProvider.invokeAllTests(JUnitPlatformProvider.java:148)
	at org.apache.maven.surefire.junitplatform.JUnitPlatformProvider.invoke(JUnitPlatformProvider.java:122)
	at org.apache.maven.surefire.booter.ForkedBooter.runSuitesInProcess(ForkedBooter.java:385)
	at org.apache.maven.surefire.booter.ForkedBooter.execute(ForkedBooter.java:162)
	at org.apache.maven.surefire.booter.ForkedBooter.run(ForkedBooter.java:507)
	at org.apache.maven.surefire.booter.ForkedBooter.main(ForkedBooter.java:495)
]]></failure>
    <system-out><![CDATA[15:31:52.592 [main] DEBUG com.intuit.karate.Suite - [config] classpath:karate-config.js
15:31:52.596 [main] INFO  com.intuit.karate.Suite - backed up existing 'target\karate-reports' dir to: target\karate-reports_1764707512593
15:31:52.598 [main] DEBUG com.intuit.karate.Suite - waiting for 4 features to complete
15:31:52.611 [pool-2-thread-2] INFO  com.intuit.karate - karate.env system property was: null 
15:31:52.611 [pool-2-thread-1] INFO  com.intuit.karate - karate.env system property was: null 
15:31:52.614 [pool-2-thread-3] INFO  com.intuit.karate - karate.env system property was: null 
15:31:52.616 [pool-2-thread-2] DEBUG com.intuit.karate - request:
1 > POST https://fakestoreapi.com/auth/login
1 > Content-Type: application/json; charset=UTF-8
1 > Content-Length: 41
1 > Host: fakestoreapi.com
1 > Connection: Keep-Alive
1 > User-Agent: Apache-HttpClient/4.5.14 (Java/17.0.17)
1 > Accept-Encoding: gzip,deflate
{"username":"johnd","password":"m38rmF$"}

15:31:52.616 [pool-2-thread-1] DEBUG com.intuit.karate - request:
1 > POST https://fakestoreapi.com/auth/login
1 > Content-Type: application/json; charset=UTF-8
1 > Content-Length: 41
1 > Host: fakestoreapi.com
1 > Connection: Keep-Alive
1 > User-Agent: Apache-HttpClient/4.5.14 (Java/17.0.17)
1 > Accept-Encoding: gzip,deflate
{"username":"johnd","password":"m38rmF$"}

15:31:52.617 [pool-2-thread-3] DEBUG com.intuit.karate - request:
1 > POST https://fakestoreapi.com/auth/login
1 > Content-Type: application/json; charset=UTF-8
1 > Content-Length: 41
1 > Host: fakestoreapi.com
1 > Connection: Keep-Alive
1 > User-Agent: Apache-HttpClient/4.5.14 (Java/17.0.17)
1 > Accept-Encoding: gzip,deflate
{"username":"johnd","password":"m38rmF$"}

15:31:53.042 [pool-2-thread-2] DEBUG com.intuit.karate - response time in milliseconds: 424
1 < 201
1 < Date: Tue, 02 Dec 2025 20:31:53 GMT
1 < Content-Type: application/json; charset=utf-8
1 < Content-Length: 148
1 < Connection: keep-alive
1 < access-control-allow-origin: *
1 < etag: W/"94-jkfLLE+GRWeUaU03dN/9Ne37/G0"
1 < x-powered-by: Express
1 < cf-cache-status: DYNAMIC
1 < Nel: {"report_to":"cf-nel","success_fraction":0.0,"max_age":604800}
1 < Server-Timing: cfCacheStatus;desc="DYNAMIC"
1 < Server-Timing: cfEdge;dur=8,cfOrigin;dur=220
1 < Report-To: {"group":"cf-nel","max_age":604800,"endpoints":[{"url":"https://a.nel.cloudflare.com/report/v4?s=iF0YDNmUAtb7paueaMmmJHlXOlw9OPo79wiuRYVLj%2BkKL%2F9AfQfo8yfRV7Jhj2chfrEggXYE8N6JtxEKruZHB1yBPdP6CcBRo8NF1OlqxS4%3D"}]}
1 < Server: cloudflare
1 < CF-RAY: 9a7d9724df9c6c1b-MIA
1 < alt-svc: h3=":443"; ma=86400
{"token":"eyJhbGciOiJIUzI1NiIsInR5cCI6IkpXVCJ9.eyJzdWIiOjEsInVzZXIiOiJqb2huZCIsImlhdCI6MTc2NDcwNzUxM30.zulvorp5goa5fCzS-ap9llAoNuF1ZTb5iQ2Yczm9Nrw"}

15:31:53.043 [pool-2-thread-2] INFO  com.intuit.karate - [print] {
  "token": "eyJhbGciOiJIUzI1NiIsInR5cCI6IkpXVCJ9.eyJzdWIiOjEsInVzZXIiOiJqb2huZCIsImlhdCI6MTc2NDcwNzUxM30.zulvorp5goa5fCzS-ap9llAoNuF1ZTb5iQ2Yczm9Nrw"
}
 
15:31:53.046 [pool-2-thread-2] INFO  com.intuit.karate - karate.env system property was: null 
15:31:53.047 [pool-2-thread-2] DEBUG com.intuit.karate - request:
1 > POST https://fakestoreapi.com/auth/login
1 > Content-Type: application/json; charset=UTF-8
1 > Content-Length: 46
1 > Host: fakestoreapi.com
1 > Connection: Keep-Alive
1 > User-Agent: Apache-HttpClient/4.5.14 (Java/17.0.17)
1 > Accept-Encoding: gzip,deflate
{"username":"invalido","password":"invalido!"}

15:31:53.057 [pool-2-thread-3] DEBUG com.intuit.karate - response time in milliseconds: 439
1 < 201
1 < Date: Tue, 02 Dec 2025 20:31:53 GMT
1 < Content-Type: application/json; charset=utf-8
1 < Content-Length: 148
1 < Connection: keep-alive
1 < access-control-allow-origin: *
1 < etag: W/"94-jkfLLE+GRWeUaU03dN/9Ne37/G0"
1 < x-powered-by: Express
1 < cf-cache-status: DYNAMIC
1 < Nel: {"report_to":"cf-nel","success_fraction":0.0,"max_age":604800}
1 < Server-Timing: cfCacheStatus;desc="DYNAMIC"
1 < Server-Timing: cfEdge;dur=8,cfOrigin;dur=226
1 < Report-To: {"group":"cf-nel","max_age":604800,"endpoints":[{"url":"https://a.nel.cloudflare.com/report/v4?s=G4Szi2Vwl8kAy%2BmnNCqMVAAdClkA5uW4nB%2B1Ns7vz3z0vVBYMsL4UDpYG27XUvHz6vdL0xXFy0gYGazsiwy9A1Y9umNAS7abtP3lyXZXfkc%3D"}]}
1 < Server: cloudflare
1 < CF-RAY: 9a7d9724e9dd9ac0-MIA
1 < alt-svc: h3=":443"; ma=86400
{"token":"eyJhbGciOiJIUzI1NiIsInR5cCI6IkpXVCJ9.eyJzdWIiOjEsInVzZXIiOiJqb2huZCIsImlhdCI6MTc2NDcwNzUxM30.zulvorp5goa5fCzS-ap9llAoNuF1ZTb5iQ2Yczm9Nrw"}

15:31:53.058 [pool-2-thread-3] INFO  com.intuit.karate - [print] {
  "token": "eyJhbGciOiJIUzI1NiIsInR5cCI6IkpXVCJ9.eyJzdWIiOjEsInVzZXIiOiJqb2huZCIsImlhdCI6MTc2NDcwNzUxM30.zulvorp5goa5fCzS-ap9llAoNuF1ZTb5iQ2Yczm9Nrw"
}
 
15:31:53.061 [pool-2-thread-3] INFO  com.intuit.karate - karate.env system property was: null 
15:31:53.067 [pool-2-thread-3] DEBUG com.intuit.karate - request:
1 > POST https://fakestoreapi.com/auth/login
1 > Content-Type: application/json; charset=UTF-8
1 > Content-Length: 43
1 > Host: fakestoreapi.com
1 > Connection: Keep-Alive
1 > User-Agent: Apache-HttpClient/4.5.14 (Java/17.0.17)
1 > Accept-Encoding: gzip,deflate
{"username":"johnd","password":"invalido!"}

15:31:53.090 [pool-2-thread-1] DEBUG com.intuit.karate - response time in milliseconds: 473
1 < 201
1 < Date: Tue, 02 Dec 2025 20:31:53 GMT
1 < Content-Type: application/json; charset=utf-8
1 < Content-Length: 148
1 < Connection: keep-alive
1 < access-control-allow-origin: *
1 < etag: W/"94-jkfLLE+GRWeUaU03dN/9Ne37/G0"
1 < x-powered-by: Express
1 < cf-cache-status: DYNAMIC
1 < Nel: {"report_to":"cf-nel","success_fraction":0.0,"max_age":604800}
1 < Server-Timing: cfCacheStatus;desc="DYNAMIC"
1 < Server-Timing: cfEdge;dur=14,cfOrigin;dur=246
1 < Report-To: {"group":"cf-nel","max_age":604800,"endpoints":[{"url":"https://a.nel.cloudflare.com/report/v4?s=T9yCHYEtMk5CNjUMaqjiPvY0jEebiPEhM8yMAyP8LmM%2BNphBx%2FnqqKbnWkONAHSW3PEmP8wXpGuDzxVLO%2BKWS4%2FPOfHJpUHBt4MCzIpTfKM%3D"}]}
1 < Server: cloudflare
1 < CF-RAY: 9a7d9724ede3b9d5-MIA
1 < alt-svc: h3=":443"; ma=86400
{"token":"eyJhbGciOiJIUzI1NiIsInR5cCI6IkpXVCJ9.eyJzdWIiOjEsInVzZXIiOiJqb2huZCIsImlhdCI6MTc2NDcwNzUxM30.zulvorp5goa5fCzS-ap9llAoNuF1ZTb5iQ2Yczm9Nrw"}

15:31:53.092 [pool-2-thread-1] INFO  com.intuit.karate - [print] {
  "token": "eyJhbGciOiJIUzI1NiIsInR5cCI6IkpXVCJ9.eyJzdWIiOjEsInVzZXIiOiJqb2huZCIsImlhdCI6MTc2NDcwNzUxM30.zulvorp5goa5fCzS-ap9llAoNuF1ZTb5iQ2Yczm9Nrw"
}
 
15:31:53.097 [pool-2-thread-1] INFO  com.intuit.karate - karate.env system property was: null 
15:31:53.099 [pool-2-thread-1] DEBUG com.intuit.karate - request:
1 > POST https://fakestoreapi.com/auth/login
1 > Content-Type: application/json; charset=UTF-8
1 > Content-Length: 2
1 > Host: fakestoreapi.com
1 > Connection: Keep-Alive
1 > User-Agent: Apache-HttpClient/4.5.14 (Java/17.0.17)
1 > Accept-Encoding: gzip,deflate
{}

15:31:53.427 [pool-2-thread-1] DEBUG com.intuit.karate - response time in milliseconds: 327
1 < 400
1 < Date: Tue, 02 Dec 2025 20:31:53 GMT
1 < Content-Type: text/html; charset=utf-8
1 < Content-Length: 53
1 < Connection: keep-alive
1 < access-control-allow-origin: *
1 < etag: W/"35-rdWdMc+5t+Ebsw3LCVarsmPsFiQ"
1 < x-powered-by: Express
1 < cf-cache-status: DYNAMIC
1 < Nel: {"report_to":"cf-nel","success_fraction":0.0,"max_age":604800}
1 < Server-Timing: cfCacheStatus;desc="DYNAMIC"
1 < Server-Timing: cfEdge;dur=4,cfOrigin;dur=129
1 < Report-To: {"group":"cf-nel","max_age":604800,"endpoints":[{"url":"https://a.nel.cloudflare.com/report/v4?s=1KtnrFheKBZFSp1%2FiSKgbpASu2za7VuC1b2scgEC2OuiAsxb3spqVBENdbKPaSphyEVApxFw4Tu0M6Sy7ylfIOBVEJ90yjBf5tY0x%2BLc5pg%3D"}]}
1 < Server: cloudflare
1 < CF-RAY: 9a7d9727dd6433e0-MIA
1 < alt-svc: h3=":443"; ma=86400
username and password are not provided in JSON format

15:31:53.428 [pool-2-thread-1] INFO  com.intuit.karate - [print] username and password are not provided in JSON format 
15:31:53.430 [pool-2-thread-1] INFO  com.intuit.karate - karate.env system property was: null 
15:31:53.432 [pool-2-thread-1] DEBUG com.intuit.karate - request:
1 > POST https://fakestoreapi.com/auth/login
1 > Content-Type: application/json; charset=UTF-8
1 > Content-Length: 44
1 > Host: fakestoreapi.com
1 > Connection: Keep-Alive
1 > User-Agent: Apache-HttpClient/4.5.14 (Java/17.0.17)
1 > Accept-Encoding: gzip,deflate
{ "username": "johnd", "password": m38rmF$ }

15:31:53.485 [pool-2-thread-2] DEBUG com.intuit.karate - response time in milliseconds: 437
1 < 401
1 < Date: Tue, 02 Dec 2025 20:31:53 GMT
1 < Content-Type: text/html; charset=utf-8
1 < Content-Length: 33
1 < Connection: keep-alive
1 < access-control-allow-origin: *
1 < etag: W/"21-kqEUlF5d6RRpf3XO8rj97canyAM"
1 < x-powered-by: Express
1 < cf-cache-status: DYNAMIC
1 < Nel: {"report_to":"cf-nel","success_fraction":0.0,"max_age":604800}
1 < Server-Timing: cfCacheStatus;desc="DYNAMIC"
1 < Server-Timing: cfEdge;dur=4,cfOrigin;dur=245
1 < Report-To: {"group":"cf-nel","max_age":604800,"endpoints":[{"url":"https://a.nel.cloudflare.com/report/v4?s=OyH8HajocgOItF0vQwd1V8SGv7w4c9vlVyoApGKvjsasTO8KoJDa7olxvc7jlV5hhbgv%2BWIz9X6BhCz39Y%2BZ7kii4BeutmD5vYkszdOBMjo%3D"}]}
1 < Server: cloudflare
1 < CF-RAY: 9a7d97277a8c1bc6-MIA
1 < alt-svc: h3=":443"; ma=86400
username or password is incorrect

15:31:53.486 [pool-2-thread-2] INFO  com.intuit.karate - [print] username or password is incorrect 
15:31:53.489 [pool-2-thread-2] INFO  com.intuit.karate - karate.env system property was: null 
15:31:53.491 [pool-2-thread-2] DEBUG com.intuit.karate - request:
1 > GET https://fakestoreapi.com/carts
1 > Host: fakestoreapi.com
1 > Connection: Keep-Alive
1 > User-Agent: Apache-HttpClient/4.5.14 (Java/17.0.17)
1 > Accept-Encoding: gzip,deflate


15:31:53.754 [pool-2-thread-3] DEBUG com.intuit.karate - response time in milliseconds: 687
1 < 401
1 < Date: Tue, 02 Dec 2025 20:31:54 GMT
1 < Content-Type: text/html; charset=utf-8
1 < Content-Length: 33
1 < Connection: keep-alive
1 < access-control-allow-origin: *
1 < etag: W/"21-kqEUlF5d6RRpf3XO8rj97canyAM"
1 < x-powered-by: Express
1 < cf-cache-status: DYNAMIC
1 < Nel: {"report_to":"cf-nel","success_fraction":0.0,"max_age":604800}
1 < Server-Timing: cfCacheStatus;desc="DYNAMIC"
1 < Server-Timing: cfEdge;dur=9,cfOrigin;dur=491
1 < Report-To: {"group":"cf-nel","max_age":604800,"endpoints":[{"url":"https://a.nel.cloudflare.com/report/v4?s=jtHWCZDrEIzHq7LZGVFIcBaibO3tL81XE9j4HxDP67oeC2E20AKKPZVZuza2%2BVONrGsrlFLzkw4g8aAGZnaB5OGm812%2B7b81uzb9Oiqv4kE%3D"}]}
1 < Server: cloudflare
1 < CF-RAY: 9a7d97279dbc74c6-MIA
1 < alt-svc: h3=":443"; ma=86400
username or password is incorrect

15:31:53.755 [pool-2-thread-3] INFO  com.intuit.karate - [print] username or password is incorrect 
15:31:53.757 [pool-2-thread-1] DEBUG com.intuit.karate - response time in milliseconds: 324
1 < 400
1 < Date: Tue, 02 Dec 2025 20:31:54 GMT
1 < Content-Type: text/html; charset=utf-8
1 < Transfer-Encoding: chunked
1 < Connection: keep-alive
1 < access-control-allow-origin: *
1 < content-security-policy: default-src 'none'
1 < x-content-type-options: nosniff
1 < x-powered-by: Express
1 < cf-cache-status: DYNAMIC
1 < Nel: {"report_to":"cf-nel","success_fraction":0.0,"max_age":604800}
1 < Server-Timing: cfCacheStatus;desc="DYNAMIC"
1 < Server-Timing: cfEdge;dur=5,cfOrigin;dur=123
1 < Report-To: {"group":"cf-nel","max_age":604800,"endpoints":[{"url":"https://a.nel.cloudflare.com/report/v4?s=07gCf4dHRSVgXERxjOuSl3V2zeYkBX5KeD6dNJYm%2FIG2KmWeOUCrZ1gZ717oT%2BFOize%2BPmpv7FimNWanUuw%2BYBtTHauJcj4p0eKFrj2ekmU%3D"}]}
1 < Server: cloudflare
1 < CF-RAY: 9a7d9729e9cce710-MIA
1 < alt-svc: h3=":443"; ma=86400
<!DOCTYPE html>
<html lang="en">
<head>
<meta charset="utf-8">
<title>Error</title>
</head>
<body>
<pre>Bad Request</pre>
<script defer src="https://static.cloudflareinsights.com/beacon.min.js/vcd15cbe7772f49c399c6a5babf22c1241717689176015" integrity="sha512-ZpsOmlRQV6y907TI0dKBHq9Md29nnaEIPlkf84rnaERnq6zvWvPUqr2ft8M1aS28oN72PdrCzSjY4U6VaAw1EQ==" data-cf-beacon='{"version":"2024.11.0","token":"329b29d772ea4dc784f67579bb41165d","r":1,"server_timing":{"name":{"cfCacheStatus":true,"cfEdge":true,"cfExtPri":true,"cfL4":true,"cfOrigin":true,"cfSpeedBrain":true},"location_startswith":null}}' crossorigin="anonymous"></script>
<script>(function(){function c(){var b=a.contentDocument||a.contentWindow.document;if(b){var d=b.createElement('script');d.innerHTML="window.__CF$cv$params={r:'9a7d9729e9cce710',t:'MTc2NDcwNzUxMw=='};var a=document.createElement('script');a.src='/cdn-cgi/challenge-platform/scripts/jsd/main.js';document.getElementsByTagName('head')[0].appendChild(a);";b.getElementsByTagName('head')[0].appendChild(d)}}if(document.body){var a=document.createElement('iframe');a.height=1;a.width=1;a.style.position='absolute';a.style.top=0;a.style.left=0;a.style.border='none';a.style.visibility='hidden';document.body.appendChild(a);if('loading'!==document.readyState)c();else if(window.addEventListener)document.addEventListener('DOMContentLoaded',c);else{var e=document.onreadystatechange||function(){};document.onreadystatechange=function(b){e(b);'loading'!==document.readyState&&(document.onreadystatechange=e,c())}}}})();</script></body>
</html>


15:31:53.758 [pool-2-thread-1] INFO  com.intuit.karate - [print] <!DOCTYPE html>
<html lang="en">
<head>
<meta charset="utf-8">
<title>Error</title>
</head>
<body>
<pre>Bad Request</pre>
<script defer src="https://static.cloudflareinsights.com/beacon.min.js/vcd15cbe7772f49c399c6a5babf22c1241717689176015" integrity="sha512-ZpsOmlRQV6y907TI0dKBHq9Md29nnaEIPlkf84rnaERnq6zvWvPUqr2ft8M1aS28oN72PdrCzSjY4U6VaAw1EQ==" data-cf-beacon='{"version":"2024.11.0","token":"329b29d772ea4dc784f67579bb41165d","r":1,"server_timing":{"name":{"cfCacheStatus":true,"cfEdge":true,"cfExtPri":true,"cfL4":true,"cfOrigin":true,"cfSpeedBrain":true},"location_startswith":null}}' crossorigin="anonymous"></script>
<script>(function(){function c(){var b=a.contentDocument||a.contentWindow.document;if(b){var d=b.createElement('script');d.innerHTML="window.__CF$cv$params={r:'9a7d9729e9cce710',t:'MTc2NDcwNzUxMw=='};var a=document.createElement('script');a.src='/cdn-cgi/challenge-platform/scripts/jsd/main.js';document.getElementsByTagName('head')[0].appendChild(a);";b.getElementsByTagName('head')[0].appendChild(d)}}if(document.body){var a=document.createElement('iframe');a.height=1;a.width=1;a.style.position='absolute';a.style.top=0;a.style.left=0;a.style.border='none';a.style.visibility='hidden';document.body.appendChild(a);if('loading'!==document.readyState)c();else if(window.addEventListener)document.addEventListener('DOMContentLoaded',c);else{var e=document.onreadystatechange||function(){};document.onreadystatechange=function(b){e(b);'loading'!==document.readyState&&(document.onreadystatechange=e,c())}}}})();</script></body>
</html>
 
15:31:53.759 [pool-2-thread-3] INFO  com.intuit.karate - karate.env system property was: null 
15:31:53.760 [pool-2-thread-1] INFO  com.intuit.karate - karate.env system property was: null 
15:31:53.761 [pool-2-thread-1] DEBUG com.intuit.karate - request:
1 > GET https://fakestoreapi.com/carts/1
1 > Host: fakestoreapi.com
1 > Connection: Keep-Alive
1 > User-Agent: Apache-HttpClient/4.5.14 (Java/17.0.17)
1 > Accept-Encoding: gzip,deflate


15:31:53.761 [pool-2-thread-3] DEBUG com.intuit.karate - request:
1 > GET https://fakestoreapi.com/carts/1
1 > Host: fakestoreapi.com
1 > Connection: Keep-Alive
1 > User-Agent: Apache-HttpClient/4.5.14 (Java/17.0.17)
1 > Accept-Encoding: gzip,deflate


---------------------------------------------------------
feature: classpath:examples/auth/auth.feature
scenarios:  7 | passed:  7 | failed:  0 | time: 3.1460
---------------------------------------------------------

15:31:53.897 [pool-3-thread-1] INFO  com.intuit.karate.Suite - <<pass>> feature 1 of 4 (3 remaining) classpath:examples/auth/auth.feature
15:31:53.920 [pool-2-thread-2] DEBUG com.intuit.karate - response time in milliseconds: 428
1 < 200
1 < Date: Tue, 02 Dec 2025 20:31:54 GMT
1 < Content-Type: application/json; charset=utf-8
1 < Transfer-Encoding: chunked
1 < Connection: keep-alive
1 < access-control-allow-origin: *
1 < etag: W/"3a8-j3C8983spvK8GpaSYa+SyYlAS2A"
1 < x-powered-by: Express
1 < cf-cache-status: DYNAMIC
1 < Nel: {"report_to":"cf-nel","success_fraction":0.0,"max_age":604800}
1 < Server-Timing: cfCacheStatus;desc="DYNAMIC"
1 < Server-Timing: cfEdge;dur=5,cfOrigin;dur=231
1 < Report-To: {"group":"cf-nel","max_age":604800,"endpoints":[{"url":"https://a.nel.cloudflare.com/report/v4?s=VxOcGPqPjh4UVPfWHndQKbBbnvxSFaX2oWMFePwfw2aWXgG2nQ%2BOteofbOzkkIVVhFlJY7dBujZ3I%2FhyQ9f08M5V1UF32YiC6IihjTkHhdk%3D"}]}
1 < Server: cloudflare
1 < CF-RAY: 9a7d972a48bec717-MIA
1 < alt-svc: h3=":443"; ma=86400
[{"id":1,"userId":1,"date":"2020-03-02T00:00:00.000Z","products":[{"productId":1,"quantity":4},{"productId":2,"quantity":1},{"productId":3,"quantity":6}],"__v":0},{"id":2,"userId":1,"date":"2020-01-02T00:00:00.000Z","products":[{"productId":2,"quantity":4},{"productId":1,"quantity":10},{"productId":5,"quantity":2}],"__v":0},{"id":3,"userId":2,"date":"2020-03-01T00:00:00.000Z","products":[{"productId":1,"quantity":2},{"productId":9,"quantity":1}],"__v":0},{"id":4,"userId":3,"date":"2020-01-01T00:00:00.000Z","products":[{"productId":1,"quantity":4}],"__v":0},{"id":5,"userId":3,"date":"2020-03-01T00:00:00.000Z","products":[{"productId":7,"quantity":1},{"productId":8,"quantity":1}],"__v":0},{"id":6,"userId":4,"date":"2020-03-01T00:00:00.000Z","products":[{"productId":10,"quantity":2},{"productId":12,"quantity":3}],"__v":0},{"id":7,"userId":8,"date":"2020-03-01T00:00:00.000Z","products":[{"productId":18,"quantity":1}],"__v":0}]

15:31:53.921 [pool-2-thread-2] INFO  com.intuit.karate - [print] [
  {
    "id": 1,
    "userId": 1,
    "date": "2020-03-02T00:00:00.000Z",
    "products": [
      {
        "productId": 1,
        "quantity": 4
      },
      {
        "productId": 2,
        "quantity": 1
      },
      {
        "productId": 3,
        "quantity": 6
      }
    ],
    "__v": 0
  },
  {
    "id": 2,
    "userId": 1,
    "date": "2020-01-02T00:00:00.000Z",
    "products": [
      {
        "productId": 2,
        "quantity": 4
      },
      {
        "productId": 1,
        "quantity": 10
      },
      {
        "productId": 5,
        "quantity": 2
      }
    ],
    "__v": 0
  },
  {
    "id": 3,
    "userId": 2,
    "date": "2020-03-01T00:00:00.000Z",
    "products": [
      {
        "productId": 1,
        "quantity": 2
      },
      {
        "productId": 9,
        "quantity": 1
      }
    ],
    "__v": 0
  },
  {
    "id": 4,
    "userId": 3,
    "date": "2020-01-01T00:00:00.000Z",
    "products": [
      {
        "productId": 1,
        "quantity": 4
      }
    ],
    "__v": 0
  },
  {
    "id": 5,
    "userId": 3,
    "date": "2020-03-01T00:00:00.000Z",
    "products": [
      {
        "productId": 7,
        "quantity": 1
      },
      {
        "productId": 8,
        "quantity": 1
      }
    ],
    "__v": 0
  },
  {
    "id": 6,
    "userId": 4,
    "date": "2020-03-01T00:00:00.000Z",
    "products": [
      {
        "productId": 10,
        "quantity": 2
      },
      {
        "productId": 12,
        "quantity": 3
      }
    ],
    "__v": 0
  },
  {
    "id": 7,
    "userId": 8,
    "date": "2020-03-01T00:00:00.000Z",
    "products": [
      {
        "productId": 18,
        "quantity": 1
      }
    ],
    "__v": 0
  }
]
 
15:31:53.925 [pool-2-thread-2] INFO  com.intuit.karate - karate.env system property was: null 
15:31:53.927 [pool-2-thread-2] DEBUG com.intuit.karate - request:
1 > GET https://fakestoreapi.com/carts/2
1 > Host: fakestoreapi.com
1 > Connection: Keep-Alive
1 > User-Agent: Apache-HttpClient/4.5.14 (Java/17.0.17)
1 > Accept-Encoding: gzip,deflate


15:31:54.195 [pool-2-thread-1] DEBUG com.intuit.karate - response time in milliseconds: 432
1 < 200
1 < Date: Tue, 02 Dec 2025 20:31:54 GMT
1 < Content-Type: application/json; charset=utf-8
1 < Transfer-Encoding: chunked
1 < Connection: keep-alive
1 < access-control-allow-origin: *
1 < etag: W/"a1-wvAyaNKAHffOoZd5/I4wHuNFvSs"
1 < x-powered-by: Express
1 < cf-cache-status: DYNAMIC
1 < Nel: {"report_to":"cf-nel","success_fraction":0.0,"max_age":604800}
1 < Server-Timing: cfCacheStatus;desc="DYNAMIC"
1 < Server-Timing: cfEdge;dur=4,cfOrigin;dur=225
1 < Report-To: {"group":"cf-nel","max_age":604800,"endpoints":[{"url":"https://a.nel.cloudflare.com/report/v4?s=IrhvMex4ZJqksr1mbsiRBxfbj4oOYi74YVtsRE%2BCNeAlbUbbfYfN3WexnnvT993dPu2Xe9D5hwck%2Bn7AEpn%2BknzHEG2P8RXI9%2F%2F%2FWaMn%2FmE%3D"}]}
1 < Server: cloudflare
1 < CF-RAY: 9a7d972c0adcadba-MIA
1 < alt-svc: h3=":443"; ma=86400
{"id":1,"userId":1,"date":"2020-03-02T00:00:00.000Z","products":[{"productId":1,"quantity":4},{"productId":2,"quantity":1},{"productId":3,"quantity":6}],"__v":0}

15:31:54.197 [pool-2-thread-1] INFO  com.intuit.karate - [print] 1 
15:31:54.201 [pool-2-thread-1] INFO  com.intuit.karate - karate.env system property was: null 
15:31:54.204 [pool-2-thread-1] DEBUG com.intuit.karate - request:
1 > POST https://fakestoreapi.com/carts
1 > Host: fakestoreapi.com
1 > Connection: Keep-Alive
1 > User-Agent: Apache-HttpClient/4.5.14 (Java/17.0.17)
1 > Accept-Encoding: gzip,deflate


15:31:54.212 [pool-2-thread-3] DEBUG com.intuit.karate - response time in milliseconds: 450
1 < 200
1 < Date: Tue, 02 Dec 2025 20:31:54 GMT
1 < Content-Type: application/json; charset=utf-8
1 < Transfer-Encoding: chunked
1 < Connection: keep-alive
1 < access-control-allow-origin: *
1 < etag: W/"a1-wvAyaNKAHffOoZd5/I4wHuNFvSs"
1 < x-powered-by: Express
1 < cf-cache-status: DYNAMIC
1 < Nel: {"report_to":"cf-nel","success_fraction":0.0,"max_age":604800}
1 < Server-Timing: cfCacheStatus;desc="DYNAMIC"
1 < Server-Timing: cfEdge;dur=6,cfOrigin;dur=230
1 < Report-To: {"group":"cf-nel","max_age":604800,"endpoints":[{"url":"https://a.nel.cloudflare.com/report/v4?s=0t8ChvM8xyEG%2FyFw4CDvqH4MGtUMns2i%2Be35TsFUIVSQ%2B1Eh7vaj%2BDx1cJFprwysK1ljM6cb%2FJrZSKQJq1L5aiAvOag%2BeLKRw34VciQG7qg%3D"}]}
1 < Server: cloudflare
1 < CF-RAY: 9a7d972c18e8a581-MIA
1 < alt-svc: h3=":443"; ma=86400
{"id":1,"userId":1,"date":"2020-03-02T00:00:00.000Z","products":[{"productId":1,"quantity":4},{"productId":2,"quantity":1},{"productId":3,"quantity":6}],"__v":0}

15:31:54.213 [pool-2-thread-3] INFO  com.intuit.karate - [print] {
  "id": 1,
  "userId": 1,
  "date": "2020-03-02T00:00:00.000Z",
  "products": [
    {
      "productId": 1,
      "quantity": 4
    },
    {
      "productId": 2,
      "quantity": 1
    },
    {
      "productId": 3,
      "quantity": 6
    }
  ],
  "__v": 0
}
 
15:31:54.215 [pool-2-thread-3] INFO  com.intuit.karate - karate.env system property was: null 
15:31:54.218 [pool-2-thread-3] DEBUG com.intuit.karate - request:
1 > POST https://fakestoreapi.com/carts/1
1 > Host: fakestoreapi.com
1 > Connection: Keep-Alive
1 > User-Agent: Apache-HttpClient/4.5.14 (Java/17.0.17)
1 > Accept-Encoding: gzip,deflate


15:31:54.363 [pool-2-thread-2] DEBUG com.intuit.karate - response time in milliseconds: 435
1 < 200
1 < Date: Tue, 02 Dec 2025 20:31:54 GMT
1 < Content-Type: application/json; charset=utf-8
1 < Transfer-Encoding: chunked
1 < Connection: keep-alive
1 < access-control-allow-origin: *
1 < etag: W/"a2-iVKAFZNDVn5u19OI7Bz+kha8xjg"
1 < x-powered-by: Express
1 < cf-cache-status: DYNAMIC
1 < Nel: {"report_to":"cf-nel","success_fraction":0.0,"max_age":604800}
1 < Server-Timing: cfCacheStatus;desc="DYNAMIC"
1 < Server-Timing: cfEdge;dur=4,cfOrigin;dur=226
1 < Report-To: {"group":"cf-nel","max_age":604800,"endpoints":[{"url":"https://a.nel.cloudflare.com/report/v4?s=%2FRujxYcR9pM%2B0w%2FekOW0u7mBgyZ3NdVAVxku9zZZLn7k8bSUbtRLBy2pydNuFqpSt3A2XjnK6AbL1zWP3SQieUHfoq%2FJ2jPy5VdIUiWiy4U%3D"}]}
1 < Server: cloudflare
1 < CF-RAY: 9a7d972d1e9da274-MIA
1 < alt-svc: h3=":443"; ma=86400
{"id":2,"userId":1,"date":"2020-01-02T00:00:00.000Z","products":[{"productId":2,"quantity":4},{"productId":1,"quantity":10},{"productId":5,"quantity":2}],"__v":0}

15:31:54.364 [pool-2-thread-2] INFO  com.intuit.karate - [print] {
  "id": 2,
  "userId": 1,
  "date": "2020-01-02T00:00:00.000Z",
  "products": [
    {
      "productId": 2,
      "quantity": 4
    },
    {
      "productId": 1,
      "quantity": 10
    },
    {
      "productId": 5,
      "quantity": 2
    }
  ],
  "__v": 0
}
 
15:31:54.366 [pool-2-thread-2] INFO  com.intuit.karate - karate.env system property was: null 
15:31:54.369 [pool-2-thread-2] DEBUG com.intuit.karate - request:
1 > PUT https://fakestoreapi.com/carts/2
1 > Host: fakestoreapi.com
1 > Connection: Keep-Alive
1 > User-Agent: Apache-HttpClient/4.5.14 (Java/17.0.17)
1 > Accept-Encoding: gzip,deflate


15:31:54.544 [pool-2-thread-1] DEBUG com.intuit.karate - response time in milliseconds: 340
1 < 201
1 < Date: Tue, 02 Dec 2025 20:31:54 GMT
1 < Content-Type: application/json; charset=utf-8
1 < Content-Length: 9
1 < Connection: keep-alive
1 < access-control-allow-origin: *
1 < etag: W/"9-hVv0cNJophUD7CGn+ZqXp8tVGo0"
1 < x-powered-by: Express
1 < cf-cache-status: DYNAMIC
1 < Nel: {"report_to":"cf-nel","success_fraction":0.0,"max_age":604800}
1 < Server-Timing: cfCacheStatus;desc="DYNAMIC"
1 < Server-Timing: cfEdge;dur=5,cfOrigin;dur=123
1 < Report-To: {"group":"cf-nel","max_age":604800,"endpoints":[{"url":"https://a.nel.cloudflare.com/report/v4?s=hTvEA9px2ODFQ%2FxCBhTtKsvBmUGSPHuUc07fupnFCu4bFxCrJTUaR6Gpuatqciq8ebAZiT%2BpDkZ28T1X3wznLQbmKGbBGZT9TV3NAcWDB98%3D"}]}
1 < Server: cloudflare
1 < CF-RAY: 9a7d972edc6437a4-MIA
1 < alt-svc: h3=":443"; ma=86400
{"id":11}

15:31:54.545 [pool-2-thread-1] INFO  com.intuit.karate - [print] {
  "id": 11
}
 
15:31:54.547 [pool-2-thread-1] INFO  com.intuit.karate - karate.env system property was: null 
15:31:54.549 [pool-2-thread-1] DEBUG com.intuit.karate - request:
1 > PUT https://fakestoreapi.com/carts/2
1 > Host: fakestoreapi.com
1 > Connection: Keep-Alive
1 > User-Agent: Apache-HttpClient/4.5.14 (Java/17.0.17)
1 > Accept-Encoding: gzip,deflate


15:31:54.563 [pool-2-thread-3] DEBUG com.intuit.karate - response time in milliseconds: 344
1 < 404
1 < Date: Tue, 02 Dec 2025 20:31:54 GMT
1 < Content-Type: text/html; charset=utf-8
1 < Transfer-Encoding: chunked
1 < Connection: keep-alive
1 < access-control-allow-origin: *
1 < content-security-policy: default-src 'none'
1 < x-content-type-options: nosniff
1 < x-powered-by: Express
1 < cf-cache-status: DYNAMIC
1 < Nel: {"report_to":"cf-nel","success_fraction":0.0,"max_age":604800}
1 < Server-Timing: cfCacheStatus;desc="DYNAMIC"
1 < Server-Timing: cfEdge;dur=5,cfOrigin;dur=126
1 < Report-To: {"group":"cf-nel","max_age":604800,"endpoints":[{"url":"https://a.nel.cloudflare.com/report/v4?s=w1xLRPQ6hIZTJFsQeSr48Vi%2F2cuGhmEFQT%2FN3hEnIg2EygFlW%2F2b4xRSfIAx4mPk0X5grFT6Gy8%2B91bfpo6kf9OoxHVmnlgBcXtr7MnBUHM%3D"}]}
1 < Server: cloudflare
1 < CF-RAY: 9a7d972efff8cb53-MIA
1 < alt-svc: h3=":443"; ma=86400
<!DOCTYPE html>
<html lang="en">
<head>
<meta charset="utf-8">
<title>Error</title>
</head>
<body>
<pre>Cannot POST /carts/1</pre>
<script>(function(){function c(){var b=a.contentDocument||a.contentWindow.document;if(b){var d=b.createElement('script');d.innerHTML="window.__CF$cv$params={r:'9a7d972efff8cb53',t:'MTc2NDcwNzUxNA=='};var a=document.createElement('script');a.src='/cdn-cgi/challenge-platform/scripts/jsd/main.js';document.getElementsByTagName('head')[0].appendChild(a);";b.getElementsByTagName('head')[0].appendChild(d)}}if(document.body){var a=document.createElement('iframe');a.height=1;a.width=1;a.style.position='absolute';a.style.top=0;a.style.left=0;a.style.border='none';a.style.visibility='hidden';document.body.appendChild(a);if('loading'!==document.readyState)c();else if(window.addEventListener)document.addEventListener('DOMContentLoaded',c);else{var e=document.onreadystatechange||function(){};document.onreadystatechange=function(b){e(b);'loading'!==document.readyState&&(document.onreadystatechange=e,c())}}}})();</script><script defer src="https://static.cloudflareinsights.com/beacon.min.js/vcd15cbe7772f49c399c6a5babf22c1241717689176015" integrity="sha512-ZpsOmlRQV6y907TI0dKBHq9Md29nnaEIPlkf84rnaERnq6zvWvPUqr2ft8M1aS28oN72PdrCzSjY4U6VaAw1EQ==" data-cf-beacon='{"version":"2024.11.0","token":"329b29d772ea4dc784f67579bb41165d","r":1,"server_timing":{"name":{"cfCacheStatus":true,"cfEdge":true,"cfExtPri":true,"cfL4":true,"cfOrigin":true,"cfSpeedBrain":true},"location_startswith":null}}' crossorigin="anonymous"></script>
</body>
</html>


15:31:54.564 [pool-2-thread-3] INFO  com.intuit.karate - [print] <!DOCTYPE html>
<html lang="en">
<head>
<meta charset="utf-8">
<title>Error</title>
</head>
<body>
<pre>Cannot POST /carts/1</pre>
<script>(function(){function c(){var b=a.contentDocument||a.contentWindow.document;if(b){var d=b.createElement('script');d.innerHTML="window.__CF$cv$params={r:'9a7d972efff8cb53',t:'MTc2NDcwNzUxNA=='};var a=document.createElement('script');a.src='/cdn-cgi/challenge-platform/scripts/jsd/main.js';document.getElementsByTagName('head')[0].appendChild(a);";b.getElementsByTagName('head')[0].appendChild(d)}}if(document.body){var a=document.createElement('iframe');a.height=1;a.width=1;a.style.position='absolute';a.style.top=0;a.style.left=0;a.style.border='none';a.style.visibility='hidden';document.body.appendChild(a);if('loading'!==document.readyState)c();else if(window.addEventListener)document.addEventListener('DOMContentLoaded',c);else{var e=document.onreadystatechange||function(){};document.onreadystatechange=function(b){e(b);'loading'!==document.readyState&&(document.onreadystatechange=e,c())}}}})();</script><script defer src="https://static.cloudflareinsights.com/beacon.min.js/vcd15cbe7772f49c399c6a5babf22c1241717689176015" integrity="sha512-ZpsOmlRQV6y907TI0dKBHq9Md29nnaEIPlkf84rnaERnq6zvWvPUqr2ft8M1aS28oN72PdrCzSjY4U6VaAw1EQ==" data-cf-beacon='{"version":"2024.11.0","token":"329b29d772ea4dc784f67579bb41165d","r":1,"server_timing":{"name":{"cfCacheStatus":true,"cfEdge":true,"cfExtPri":true,"cfL4":true,"cfOrigin":true,"cfSpeedBrain":true},"location_startswith":null}}' crossorigin="anonymous"></script>
</body>
</html>
 
15:31:54.565 [pool-2-thread-3] INFO  com.intuit.karate - karate.env system property was: null 
15:31:54.567 [pool-2-thread-3] DEBUG com.intuit.karate - request:
1 > DELETE https://fakestoreapi.com/carts/2
1 > Host: fakestoreapi.com
1 > Connection: Keep-Alive
1 > User-Agent: Apache-HttpClient/4.5.14 (Java/17.0.17)
1 > Accept-Encoding: gzip,deflate


15:31:54.702 [pool-2-thread-2] DEBUG com.intuit.karate - response time in milliseconds: 333
1 < 200
1 < Date: Tue, 02 Dec 2025 20:31:54 GMT
1 < Content-Type: application/json; charset=utf-8
1 < Transfer-Encoding: chunked
1 < Connection: keep-alive
1 < access-control-allow-origin: *
1 < etag: W/"8-M1u4Sc28uxk+zyXJvSTJaEkyIGw"
1 < x-powered-by: Express
1 < cf-cache-status: DYNAMIC
1 < Nel: {"report_to":"cf-nel","success_fraction":0.0,"max_age":604800}
1 < Server-Timing: cfCacheStatus;desc="DYNAMIC"
1 < Server-Timing: cfEdge;dur=5,cfOrigin;dur=125
1 < Report-To: {"group":"cf-nel","max_age":604800,"endpoints":[{"url":"https://a.nel.cloudflare.com/report/v4?s=eVJGN55otRNgkmTogmjYBZpDtdTmiNysRzTvAtnThDqPo5QHmqC9RTrEOrxPLFnfbLNVNnW8wdiQPfTOmceFl1nhgeWthfN%2BGwhYhUWklgU%3D"}]}
1 < Server: cloudflare
1 < CF-RAY: 9a7d972fdea431de-MIA
1 < alt-svc: h3=":443"; ma=86400
{"id":2}

15:31:54.703 [pool-2-thread-2] INFO  com.intuit.karate - [print] {
  "id": 2
}
 
15:31:54.706 [pool-2-thread-2] INFO  com.intuit.karate - karate.env system property was: null 
15:31:54.707 [pool-2-thread-2] DEBUG com.intuit.karate - request:
1 > GET https://fakestoreapi.com/carts/100
1 > Host: fakestoreapi.com
1 > Connection: Keep-Alive
1 > User-Agent: Apache-HttpClient/4.5.14 (Java/17.0.17)
1 > Accept-Encoding: gzip,deflate


15:31:54.880 [pool-2-thread-1] DEBUG com.intuit.karate - response time in milliseconds: 330
1 < 200
1 < Date: Tue, 02 Dec 2025 20:31:55 GMT
1 < Content-Type: application/json; charset=utf-8
1 < Transfer-Encoding: chunked
1 < Connection: keep-alive
1 < access-control-allow-origin: *
1 < etag: W/"8-M1u4Sc28uxk+zyXJvSTJaEkyIGw"
1 < x-powered-by: Express
1 < cf-cache-status: DYNAMIC
1 < Nel: {"report_to":"cf-nel","success_fraction":0.0,"max_age":604800}
1 < Server-Timing: cfCacheStatus;desc="DYNAMIC"
1 < Server-Timing: cfEdge;dur=9,cfOrigin;dur=124
1 < Report-To: {"group":"cf-nel","max_age":604800,"endpoints":[{"url":"https://a.nel.cloudflare.com/report/v4?s=8cDavh2goSXphQUbFq5pxNBZibeZatjziQk1KvDXDbITVl0qpgh0YwRRuhaS%2FQqOY7CiDalTR96oPUNbtiGMGMXFUsirdSV1iLi5t4ezgM4%3D"}]}
1 < Server: cloudflare
1 < CF-RAY: 9a7d9730e8e3db15-MIA
1 < alt-svc: h3=":443"; ma=86400
{"id":2}

15:31:54.881 [pool-2-thread-1] INFO  com.intuit.karate - [print] {
  "id": 2
}
 
15:31:54.883 [pool-2-thread-1] INFO  com.intuit.karate - karate.env system property was: null 
15:31:54.884 [pool-2-thread-1] DEBUG com.intuit.karate - request:
1 > DELETE https://fakestoreapi.com/carts/500
1 > Host: fakestoreapi.com
1 > Connection: Keep-Alive
1 > User-Agent: Apache-HttpClient/4.5.14 (Java/17.0.17)
1 > Accept-Encoding: gzip,deflate


15:31:54.990 [pool-2-thread-3] DEBUG com.intuit.karate - response time in milliseconds: 423
1 < 200
1 < Date: Tue, 02 Dec 2025 20:31:55 GMT
1 < Content-Type: application/json; charset=utf-8
1 < Transfer-Encoding: chunked
1 < Connection: keep-alive
1 < access-control-allow-origin: *
1 < etag: W/"a2-iVKAFZNDVn5u19OI7Bz+kha8xjg"
1 < x-powered-by: Express
1 < cf-cache-status: DYNAMIC
1 < Nel: {"report_to":"cf-nel","success_fraction":0.0,"max_age":604800}
1 < Server-Timing: cfCacheStatus;desc="DYNAMIC"
1 < Server-Timing: cfEdge;dur=5,cfOrigin;dur=227
1 < Report-To: {"group":"cf-nel","max_age":604800,"endpoints":[{"url":"https://a.nel.cloudflare.com/report/v4?s=69xTNrbw5eUOHW9gPJcQrREbAEfPAKT3J58jNLaM1HnRkSUTWwqbsPS3qcCsTMQwQqAW2SaBdPVJZ9P7K2EcJ1D9NfOe9JyD2jRf2Opb4yc%3D"}]}
1 < Server: cloudflare
1 < CF-RAY: 9a7d9730fbcc749e-MIA
1 < alt-svc: h3=":443"; ma=86400
{"id":2,"userId":1,"date":"2020-01-02T00:00:00.000Z","products":[{"productId":2,"quantity":4},{"productId":1,"quantity":10},{"productId":5,"quantity":2}],"__v":0}

15:31:54.992 [pool-2-thread-3] INFO  com.intuit.karate - [print] {
  "id": 2,
  "userId": 1,
  "date": "2020-01-02T00:00:00.000Z",
  "products": [
    {
      "productId": 2,
      "quantity": 4
    },
    {
      "productId": 1,
      "quantity": 10
    },
    {
      "productId": 5,
      "quantity": 2
    }
  ],
  "__v": 0
}
 
15:31:54.994 [pool-2-thread-3] INFO  com.intuit.karate - karate.env system property was: null 
15:31:54.996 [pool-2-thread-3] DEBUG com.intuit.karate - request:
1 > POST https://fakestoreapi.com/carts
1 > Host: fakestoreapi.com
1 > Connection: Keep-Alive
1 > User-Agent: Apache-HttpClient/4.5.14 (Java/17.0.17)
1 > Accept-Encoding: gzip,deflate


15:31:55.129 [pool-2-thread-2] DEBUG com.intuit.karate - response time in milliseconds: 422
1 < 200
1 < Date: Tue, 02 Dec 2025 20:31:55 GMT
1 < Content-Type: application/json; charset=utf-8
1 < Transfer-Encoding: chunked
1 < Connection: keep-alive
1 < access-control-allow-origin: *
1 < etag: W/"4-K+iMpCQsduglOsYkdIUQZQMtaDM"
1 < x-powered-by: Express
1 < cf-cache-status: DYNAMIC
1 < Nel: {"report_to":"cf-nel","success_fraction":0.0,"max_age":604800}
1 < Server-Timing: cfCacheStatus;desc="DYNAMIC"
1 < Server-Timing: cfEdge;dur=7,cfOrigin;dur=224
1 < Report-To: {"group":"cf-nel","max_age":604800,"endpoints":[{"url":"https://a.nel.cloudflare.com/report/v4?s=Rcg5WXhRSDSJBpnhG8d7ZE9cOEaLP2OSXn6Gl4aV9pyI9RpPPFMYmKhsmgFFW6C%2BHeYP949g61ERjOs9va3tKKFDV3VA%2B4K3VjA0NblZGEg%3D"}]}
1 < Server: cloudflare
1 < CF-RAY: 9a7d9731d8fd64ac-MIA
1 < alt-svc: h3=":443"; ma=86400
null

15:31:55.130 [pool-2-thread-2] ERROR com.intuit.karate - classpath:examples/carts/carts.feature:80
Then status 400
status code was: 200, expected: 400, response time in milliseconds: 422, url: https://fakestoreapi.com/carts/100, response: 
null
classpath:examples/carts/carts.feature:80
15:31:55.132 [pool-2-thread-2] INFO  com.intuit.karate - karate.env system property was: null 
15:31:55.134 [pool-2-thread-2] DEBUG com.intuit.karate - request:
1 > POST https://fakestoreapi.com/carts
1 > Host: fakestoreapi.com
1 > Connection: Keep-Alive
1 > User-Agent: Apache-HttpClient/4.5.14 (Java/17.0.17)
1 > Accept-Encoding: gzip,deflate


15:31:55.311 [pool-2-thread-1] DEBUG com.intuit.karate - response time in milliseconds: 426
1 < 200
1 < Date: Tue, 02 Dec 2025 20:31:55 GMT
1 < Content-Type: application/json; charset=utf-8
1 < Transfer-Encoding: chunked
1 < Connection: keep-alive
1 < access-control-allow-origin: *
1 < etag: W/"4-K+iMpCQsduglOsYkdIUQZQMtaDM"
1 < x-powered-by: Express
1 < cf-cache-status: DYNAMIC
1 < Nel: {"report_to":"cf-nel","success_fraction":0.0,"max_age":604800}
1 < Server-Timing: cfCacheStatus;desc="DYNAMIC"
1 < Server-Timing: cfEdge;dur=4,cfOrigin;dur=222
1 < Report-To: {"group":"cf-nel","max_age":604800,"endpoints":[{"url":"https://a.nel.cloudflare.com/report/v4?s=21fCZIbXcMHCVlciWCrRm6bP9UFzsBGNaMUj8ptetjwhY3ASve5UlOwDRaQhdnRZ6NZsbPsXSplRf5lVJIt9%2F98FWdEXHL40hIYXVYSjBBI%3D"}]}
1 < Server: cloudflare
1 < CF-RAY: 9a7d97330d93f50c-MIA
1 < alt-svc: h3=":443"; ma=86400
null

15:31:55.311 [pool-2-thread-1] ERROR com.intuit.karate - classpath:examples/carts/carts.feature:86
Then status 400
status code was: 200, expected: 400, response time in milliseconds: 426, url: https://fakestoreapi.com/carts/500, response: 
null
classpath:examples/carts/carts.feature:86
15:31:55.313 [pool-2-thread-1] INFO  com.intuit.karate - karate.env system property was: null 
15:31:55.314 [pool-2-thread-1] DEBUG com.intuit.karate - request:
1 > GET https://fakestoreapi.com/carts/1
1 > Host: fakestoreapi.com
1 > Connection: Keep-Alive
1 > User-Agent: Apache-HttpClient/4.5.14 (Java/17.0.17)
1 > Accept-Encoding: gzip,deflate


15:31:55.337 [pool-2-thread-3] DEBUG com.intuit.karate - response time in milliseconds: 341
1 < 201
1 < Date: Tue, 02 Dec 2025 20:31:55 GMT
1 < Content-Type: application/json; charset=utf-8
1 < Content-Length: 9
1 < Connection: keep-alive
1 < access-control-allow-origin: *
1 < etag: W/"9-hVv0cNJophUD7CGn+ZqXp8tVGo0"
1 < x-powered-by: Express
1 < cf-cache-status: DYNAMIC
1 < Nel: {"report_to":"cf-nel","success_fraction":0.0,"max_age":604800}
1 < Server-Timing: cfCacheStatus;desc="DYNAMIC"
1 < Server-Timing: cfEdge;dur=3,cfOrigin;dur=133
1 < Report-To: {"group":"cf-nel","max_age":604800,"endpoints":[{"url":"https://a.nel.cloudflare.com/report/v4?s=Ilqe3127%2BrSuz7rvpCDxVwcM9QYXZ9nouyMzk8vEul1k%2FZWqsNd39w%2FxkBiXEY8dHubDKym%2FNWABVXJ9SpZ1rNpIyZECjftMWM%2FLPeQ8SnQ%3D"}]}
1 < Server: cloudflare
1 < CF-RAY: 9a7d9733caecdd66-MIA
1 < alt-svc: h3=":443"; ma=86400
{"id":11}

15:31:55.338 [pool-2-thread-3] ERROR com.intuit.karate - classpath:examples/carts/carts.feature:94
Then status 400
status code was: 201, expected: 400, response time in milliseconds: 341, url: https://fakestoreapi.com/carts, response: 
{"id":11}
classpath:examples/carts/carts.feature:94
15:31:55.340 [pool-2-thread-3] INFO  com.intuit.karate - karate.env system property was: null 
15:31:55.341 [pool-2-thread-3] DEBUG com.intuit.karate - request:
1 > GET https://fakestoreapi.com/products
1 > Host: fakestoreapi.com
1 > Connection: Keep-Alive
1 > User-Agent: Apache-HttpClient/4.5.14 (Java/17.0.17)
1 > Accept-Encoding: gzip,deflate


15:31:55.472 [pool-2-thread-2] DEBUG com.intuit.karate - response time in milliseconds: 336
1 < 201
1 < Date: Tue, 02 Dec 2025 20:31:55 GMT
1 < Content-Type: application/json; charset=utf-8
1 < Content-Length: 9
1 < Connection: keep-alive
1 < access-control-allow-origin: *
1 < etag: W/"9-hVv0cNJophUD7CGn+ZqXp8tVGo0"
1 < x-powered-by: Express
1 < cf-cache-status: DYNAMIC
1 < Nel: {"report_to":"cf-nel","success_fraction":0.0,"max_age":604800}
1 < Server-Timing: cfCacheStatus;desc="DYNAMIC"
1 < Server-Timing: cfEdge;dur=4,cfOrigin;dur=123
1 < Report-To: {"group":"cf-nel","max_age":604800,"endpoints":[{"url":"https://a.nel.cloudflare.com/report/v4?s=wV7%2BBuEO%2BO1GsOOwSzMG%2FRB9mJ7MWnsRu5FkJ%2BM0onhNp5abMOUsaJ0OO29ykcoa12lQGBQAr1JyTn7XjFILuP2iExCBoVnQBbmlVPrbpOA%3D"}]}
1 < Server: cloudflare
1 < CF-RAY: 9a7d9734aba57a7d-MIA
1 < alt-svc: h3=":443"; ma=86400
{"id":11}

15:31:55.472 [pool-2-thread-2] ERROR com.intuit.karate - classpath:examples/carts/carts.feature:102
Then status 400
status code was: 201, expected: 400, response time in milliseconds: 336, url: https://fakestoreapi.com/carts, response: 
{"id":11}
classpath:examples/carts/carts.feature:102
15:31:55.474 [pool-2-thread-2] INFO  com.intuit.karate - karate.env system property was: null 
15:31:55.478 [pool-2-thread-2] DEBUG com.intuit.karate - request:
1 > POST https://fakestoreapi.com/products
1 > Content-Type: application/json; charset=UTF-8
1 > Content-Length: 254
1 > Host: fakestoreapi.com
1 > Connection: Keep-Alive
1 > User-Agent: Apache-HttpClient/4.5.14 (Java/17.0.17)
1 > Accept-Encoding: gzip,deflate
{"title":"Nuevo producto creado","price":75000,"description":"Nueva descripción creada","category":"Nueva categoria","image":"https:\/\/img.freepik.com\/vector-premium\/icono-diseno-color-tiempo-prueba-movil_362714-11841.jpg?semt=ais_hybrid&w=740&q=80"}

15:31:55.670 [pool-2-thread-3] DEBUG com.intuit.karate - response time in milliseconds: 328
1 < 200
1 < Date: Tue, 02 Dec 2025 20:31:55 GMT
1 < Content-Type: application/json; charset=utf-8
1 < Transfer-Encoding: chunked
1 < Connection: keep-alive
1 < access-control-allow-origin: *
1 < etag: W/"2990-lZ2o94A2EDKiYW3/6/3oI74HHkw"
1 < x-powered-by: Express
1 < cf-cache-status: DYNAMIC
1 < Nel: {"report_to":"cf-nel","success_fraction":0.0,"max_age":604800}
1 < Server-Timing: cfCacheStatus;desc="DYNAMIC"
1 < Server-Timing: cfEdge;dur=3,cfOrigin;dur=124
1 < Report-To: {"group":"cf-nel","max_age":604800,"endpoints":[{"url":"https://a.nel.cloudflare.com/report/v4?s=lB6TaH3zJcG0KvZp6a%2Fw7o%2B1gXnf7U0y3cKEc4Xemk2Kpls8DMclcQ57IHBteV84PosQnYN3wnA5N2n9%2BXrv7rb5JHNgny%2BhVzncU2IWf4A%3D"}]}
1 < Server: cloudflare
1 < CF-RAY: 9a7d9735dba9cedc-MIA
1 < alt-svc: h3=":443"; ma=86400
[{"id":1,"title":"Fjallraven - Foldsack No. 1 Backpack, Fits 15 Laptops","price":109.95,"description":"Your perfect pack for everyday use and walks in the forest. Stash your laptop (up to 15 inches) in the padded sleeve, your everyday","category":"men's clothing","image":"https://fakestoreapi.com/img/81fPKd-2AYL._AC_SL1500_t.png","rating":{"rate":3.9,"count":120}},{"id":2,"title":"Mens Casual Premium Slim Fit T-Shirts ","price":22.3,"description":"Slim-fitting style, contrast raglan long sleeve, three-button henley placket, light weight & soft fabric for breathable and comfortable wearing. And Solid stitched shirts with round neck made for durability and a great fit for casual fashion wear and diehard baseball fans. The Henley style round neckline includes a three-button placket.","category":"men's clothing","image":"https://fakestoreapi.com/img/71-3HjGNDUL._AC_SY879._SX._UX._SY._UY_t.png","rating":{"rate":4.1,"count":259}},{"id":3,"title":"Mens Cotton Jacket","price":55.99,"description":"great outerwear jackets for Spring/Autumn/Winter, suitable for many occasions, such as working, hiking, camping, mountain/rock climbing, cycling, traveling or other outdoors. Good gift choice for you or your family member. A warm hearted love to Father, husband or son in this thanksgiving or Christmas Day.","category":"men's clothing","image":"https://fakestoreapi.com/img/71li-ujtlUL._AC_UX679_t.png","rating":{"rate":4.7,"count":500}},{"id":4,"title":"Mens Casual Slim Fit","price":15.99,"description":"The color could be slightly different between on the screen and in practice. / Please note that body builds vary by person, therefore, detailed size information should be reviewed below on the product description.","category":"men's clothing","image":"https://fakestoreapi.com/img/71YXzeOuslL._AC_UY879_t.png","rating":{"rate":2.1,"count":430}},{"id":5,"title":"John Hardy Women's Legends Naga Gold & Silver Dragon Station Chain Bracelet","price":695,"description":"From our Legends Collection, the Naga was inspired by the mythical water dragon that protects the ocean's pearl. Wear facing inward to be bestowed with love and abundance, or outward for protection.","category":"jewelery","image":"https://fakestoreapi.com/img/71pWzhdJNwL._AC_UL640_QL65_ML3_t.png","rating":{"rate":4.6,"count":400}},{"id":6,"title":"Solid Gold Petite Micropave ","price":168,"description":"Satisfaction Guaranteed. Return or exchange any order within 30 days.Designed and sold by Hafeez Center in the United States. Satisfaction Guaranteed. Return or exchange any order within 30 days.","category":"jewelery","image":"https://fakestoreapi.com/img/61sbMiUnoGL._AC_UL640_QL65_ML3_t.png","rating":{"rate":3.9,"count":70}},{"id":7,"title":"White Gold Plated Princess","price":9.99,"description":"Classic Created Wedding Engagement Solitaire Diamond Promise Ring for Her. Gifts to spoil your love more for Engagement, Wedding, Anniversary, Valentine's Day...","category":"jewelery","image":"https://fakestoreapi.com/img/71YAIFU48IL._AC_UL640_QL65_ML3_t.png","rating":{"rate":3,"count":400}},{"id":8,"title":"Pierced Owl Rose Gold Plated Stainless Steel Double","price":10.99,"description":"Rose Gold Plated Double Flared Tunnel Plug Earrings. Made of 316L Stainless Steel","category":"jewelery","image":"https://fakestoreapi.com/img/51UDEzMJVpL._AC_UL640_QL65_ML3_t.png","rating":{"rate":1.9,"count":100}},{"id":9,"title":"WD 2TB Elements Portable External Hard Drive - USB 3.0 ","price":64,"description":"USB 3.0 and USB 2.0 Compatibility Fast data transfers Improve PC Performance High Capacity; Compatibility Formatted NTFS for Windows 10, Windows 8.1, Windows 7; Reformatting may be required for other operating systems; Compatibility may vary depending on user’s hardware configuration and operating system","category":"electronics","image":"https://fakestoreapi.com/img/61IBBVJvSDL._AC_SY879_t.png","rating":{"rate":3.3,"count":203}},{"id":10,"title":"SanDisk SSD PLUS 1TB Internal SSD - SATA III 6 Gb/s","price":109,"description":"Easy upgrade for faster boot up, shutdown, application load and response (As compared to 5400 RPM SATA 2.5” hard drive; Based on published specifications and internal benchmarking tests using PCMark vantage scores) Boosts burst write performance, making it ideal for typical PC workloads The perfect balance of performance and reliability Read/write speeds of up to 535MB/s/450MB/s (Based on internal testing; Performance may vary depending upon drive capacity, host device, OS and application.)","category":"electronics","image":"https://fakestoreapi.com/img/61U7T1koQqL._AC_SX679_t.png","rating":{"rate":2.9,"count":470}},{"id":11,"title":"Silicon Power 256GB SSD 3D NAND A55 SLC Cache Performance Boost SATA III 2.5","price":109,"description":"3D NAND flash are applied to deliver high transfer speeds Remarkable transfer speeds that enable faster bootup and improved overall system performance. The advanced SLC Cache Technology allows performance boost and longer lifespan 7mm slim design suitable for Ultrabooks and Ultra-slim notebooks. Supports TRIM command, Garbage Collection technology, RAID, and ECC (Error Checking & Correction) to provide the optimized performance and enhanced reliability.","category":"electronics","image":"https://fakestoreapi.com/img/71kWymZ+c+L._AC_SX679_t.png","rating":{"rate":4.8,"count":319}},{"id":12,"title":"WD 4TB Gaming Drive Works with Playstation 4 Portable External Hard Drive","price":114,"description":"Expand your PS4 gaming experience, Play anywhere Fast and easy, setup Sleek design with high capacity, 3-year manufacturer's limited warranty","category":"electronics","image":"https://fakestoreapi.com/img/61mtL65D4cL._AC_SX679_t.png","rating":{"rate":4.8,"count":400}},{"id":13,"title":"Acer SB220Q bi 21.5 inches Full HD (1920 x 1080) IPS Ultra-Thin","price":599,"description":"21. 5 inches Full HD (1920 x 1080) widescreen IPS display And Radeon free Sync technology. No compatibility for VESA Mount Refresh Rate: 75Hz - Using HDMI port Zero-frame design | ultra-thin | 4ms response time | IPS panel Aspect ratio - 16: 9. Color Supported - 16. 7 million colors. Brightness - 250 nit Tilt angle -5 degree to 15 degree. Horizontal viewing angle-178 degree. Vertical viewing angle-178 degree 75 hertz","category":"electronics","image":"https://fakestoreapi.com/img/81QpkIctqPL._AC_SX679_t.png","rating":{"rate":2.9,"count":250}},{"id":14,"title":"Samsung 49-Inch CHG90 144Hz Curved Gaming Monitor (LC49HG90DMNXZA) – Super Ultrawide Screen QLED ","price":999.99,"description":"49 INCH SUPER ULTRAWIDE 32:9 CURVED GAMING MONITOR with dual 27 inch screen side by side QUANTUM DOT (QLED) TECHNOLOGY, HDR support and factory calibration provides stunningly realistic and accurate color and contrast 144HZ HIGH REFRESH RATE and 1ms ultra fast response time work to eliminate motion blur, ghosting, and reduce input lag","category":"electronics","image":"https://fakestoreapi.com/img/81Zt42ioCgL._AC_SX679_t.png","rating":{"rate":2.2,"count":140}},{"id":15,"title":"BIYLACLESEN Women's 3-in-1 Snowboard Jacket Winter Coats","price":56.99,"description":"Note:The Jackets is US standard size, Please choose size as your usual wear Material: 100% Polyester; Detachable Liner Fabric: Warm Fleece. Detachable Functional Liner: Skin Friendly, Lightweigt and Warm.Stand Collar Liner jacket, keep you warm in cold weather. Zippered Pockets: 2 Zippered Hand Pockets, 2 Zippered Pockets on Chest (enough to keep cards or keys)and 1 Hidden Pocket Inside.Zippered Hand Pockets and Hidden Pocket keep your things secure. Humanized Design: Adjustable and Detachable Hood and Adjustable cuff to prevent the wind and water,for a comfortable fit. 3 in 1 Detachable Design provide more convenience, you can separate the coat and inner as needed, or wear it together. It is suitable for different season and help you adapt to different climates","category":"women's clothing","image":"https://fakestoreapi.com/img/51Y5NI-I5jL._AC_UX679_t.png","rating":{"rate":2.6,"count":235}},{"id":16,"title":"Lock and Love Women's Removable Hooded Faux Leather Moto Biker Jacket","price":29.95,"description":"100% POLYURETHANE(shell) 100% POLYESTER(lining) 75% POLYESTER 25% COTTON (SWEATER), Faux leather material for style and comfort / 2 pockets of front, 2-For-One Hooded denim style faux leather jacket, Button detail on waist / Detail stitching at sides, HAND WASH ONLY / DO NOT BLEACH / LINE DRY / DO NOT IRON","category":"women's clothing","image":"https://fakestoreapi.com/img/81XH0e8fefL._AC_UY879_t.png","rating":{"rate":2.9,"count":340}},{"id":17,"title":"Rain Jacket Women Windbreaker Striped Climbing Raincoats","price":39.99,"description":"Lightweight perfet for trip or casual wear---Long sleeve with hooded, adjustable drawstring waist design. Button and zipper front closure raincoat, fully stripes Lined and The Raincoat has 2 side pockets are a good size to hold all kinds of things, it covers the hips, and the hood is generous but doesn't overdo it.Attached Cotton Lined Hood with Adjustable Drawstrings give it a real styled look.","category":"women's clothing","image":"https://fakestoreapi.com/img/71HblAHs5xL._AC_UY879_-2t.png","rating":{"rate":3.8,"count":679}},{"id":18,"title":"MBJ Women's Solid Short Sleeve Boat Neck V ","price":9.85,"description":"95% RAYON 5% SPANDEX, Made in USA or Imported, Do Not Bleach, Lightweight fabric with great stretch for comfort, Ribbed on sleeves and neckline / Double stitching on bottom hem","category":"women's clothing","image":"https://fakestoreapi.com/img/71z3kpMAYsL._AC_UY879_t.png","rating":{"rate":4.7,"count":130}},{"id":19,"title":"Opna Women's Short Sleeve Moisture","price":7.95,"description":"100% Polyester, Machine wash, 100% cationic polyester interlock, Machine Wash & Pre Shrunk for a Great Fit, Lightweight, roomy and highly breathable with moisture wicking fabric which helps to keep moisture away, Soft Lightweight Fabric with comfortable V-neck collar and a slimmer fit, delivers a sleek, more feminine silhouette and Added Comfort","category":"women's clothing","image":"https://fakestoreapi.com/img/51eg55uWmdL._AC_UX679_t.png","rating":{"rate":4.5,"count":146}},{"id":20,"title":"DANVOUY Womens T Shirt Casual Cotton Short","price":12.99,"description":"95%Cotton,5%Spandex, Features: Casual, Short Sleeve, Letter Print,V-Neck,Fashion Tees, The fabric is soft and has some stretch., Occasion: Casual/Office/Beach/School/Home/Street. Season: Spring,Summer,Autumn,Winter.","category":"women's clothing","image":"https://fakestoreapi.com/img/61pHAEJ4NML._AC_UX679_t.png","rating":{"rate":3.6,"count":145}}]

15:31:55.676 [pool-2-thread-3] INFO  com.intuit.karate - [print] [
  {
    "id": 1,
    "title": "Fjallraven - Foldsack No. 1 Backpack, Fits 15 Laptops",
    "price": 109.95,
    "description": "Your perfect pack for everyday use and walks in the forest. Stash your laptop (up to 15 inches) in the padded sleeve, your everyday",
    "category": "men's clothing",
    "image": "https://fakestoreapi.com/img/81fPKd-2AYL._AC_SL1500_t.png",
    "rating": {
      "rate": 3.9,
      "count": 120
    }
  },
  {
    "id": 2,
    "title": "Mens Casual Premium Slim Fit T-Shirts ",
    "price": 22.3,
    "description": "Slim-fitting style, contrast raglan long sleeve, three-button henley placket, light weight & soft fabric for breathable and comfortable wearing. And Solid stitched shirts with round neck made for durability and a great fit for casual fashion wear and diehard baseball fans. The Henley style round neckline includes a three-button placket.",
    "category": "men's clothing",
    "image": "https://fakestoreapi.com/img/71-3HjGNDUL._AC_SY879._SX._UX._SY._UY_t.png",
    "rating": {
      "rate": 4.1,
      "count": 259
    }
  },
  {
    "id": 3,
    "title": "Mens Cotton Jacket",
    "price": 55.99,
    "description": "great outerwear jackets for Spring/Autumn/Winter, suitable for many occasions, such as working, hiking, camping, mountain/rock climbing, cycling, traveling or other outdoors. Good gift choice for you or your family member. A warm hearted love to Father, husband or son in this thanksgiving or Christmas Day.",
    "category": "men's clothing",
    "image": "https://fakestoreapi.com/img/71li-ujtlUL._AC_UX679_t.png",
    "rating": {
      "rate": 4.7,
      "count": 500
    }
  },
  {
    "id": 4,
    "title": "Mens Casual Slim Fit",
    "price": 15.99,
    "description": "The color could be slightly different between on the screen and in practice. / Please note that body builds vary by person, therefore, detailed size information should be reviewed below on the product description.",
    "category": "men's clothing",
    "image": "https://fakestoreapi.com/img/71YXzeOuslL._AC_UY879_t.png",
    "rating": {
      "rate": 2.1,
      "count": 430
    }
  },
  {
    "id": 5,
    "title": "John Hardy Women's Legends Naga Gold & Silver Dragon Station Chain Bracelet",
    "price": 695,
    "description": "From our Legends Collection, the Naga was inspired by the mythical water dragon that protects the ocean's pearl. Wear facing inward to be bestowed with love and abundance, or outward for protection.",
    "category": "jewelery",
    "image": "https://fakestoreapi.com/img/71pWzhdJNwL._AC_UL640_QL65_ML3_t.png",
    "rating": {
      "rate": 4.6,
      "count": 400
    }
  },
  {
    "id": 6,
    "title": "Solid Gold Petite Micropave ",
    "price": 168,
    "description": "Satisfaction Guaranteed. Return or exchange any order within 30 days.Designed and sold by Hafeez Center in the United States. Satisfaction Guaranteed. Return or exchange any order within 30 days.",
    "category": "jewelery",
    "image": "https://fakestoreapi.com/img/61sbMiUnoGL._AC_UL640_QL65_ML3_t.png",
    "rating": {
      "rate": 3.9,
      "count": 70
    }
  },
  {
    "id": 7,
    "title": "White Gold Plated Princess",
    "price": 9.99,
    "description": "Classic Created Wedding Engagement Solitaire Diamond Promise Ring for Her. Gifts to spoil your love more for Engagement, Wedding, Anniversary, Valentine's Day...",
    "category": "jewelery",
    "image": "https://fakestoreapi.com/img/71YAIFU48IL._AC_UL640_QL65_ML3_t.png",
    "rating": {
      "rate": 3,
      "count": 400
    }
  },
  {
    "id": 8,
    "title": "Pierced Owl Rose Gold Plated Stainless Steel Double",
    "price": 10.99,
    "description": "Rose Gold Plated Double Flared Tunnel Plug Earrings. Made of 316L Stainless Steel",
    "category": "jewelery",
    "image": "https://fakestoreapi.com/img/51UDEzMJVpL._AC_UL640_QL65_ML3_t.png",
    "rating": {
      "rate": 1.9,
      "count": 100
    }
  },
  {
    "id": 9,
    "title": "WD 2TB Elements Portable External Hard Drive - USB 3.0 ",
    "price": 64,
    "description": "USB 3.0 and USB 2.0 Compatibility Fast data transfers Improve PC Performance High Capacity; Compatibility Formatted NTFS for Windows 10, Windows 8.1, Windows 7; Reformatting may be required for other operating systems; Compatibility may vary depending on user\u2019s hardware configuration and operating system",
    "category": "electronics",
    "image": "https://fakestoreapi.com/img/61IBBVJvSDL._AC_SY879_t.png",
    "rating": {
      "rate": 3.3,
      "count": 203
    }
  },
  {
    "id": 10,
    "title": "SanDisk SSD PLUS 1TB Internal SSD - SATA III 6 Gb/s",
    "price": 109,
    "description": "Easy upgrade for faster boot up, shutdown, application load and response (As compared to 5400 RPM SATA 2.5\u201D hard drive; Based on published specifications and internal benchmarking tests using PCMark vantage scores) Boosts burst write performance, making it ideal for typical PC workloads The perfect balance of performance and reliability Read/write speeds of up to 535MB/s/450MB/s (Based on internal testing; Performance may vary depending upon drive capacity, host device, OS and application.)",
    "category": "electronics",
    "image": "https://fakestoreapi.com/img/61U7T1koQqL._AC_SX679_t.png",
    "rating": {
      "rate": 2.9,
      "count": 470
    }
  },
  {
    "id": 11,
    "title": "Silicon Power 256GB SSD 3D NAND A55 SLC Cache Performance Boost SATA III 2.5",
    "price": 109,
    "description": "3D NAND flash are applied to deliver high transfer speeds Remarkable transfer speeds that enable faster bootup and improved overall system performance. The advanced SLC Cache Technology allows performance boost and longer lifespan 7mm slim design suitable for Ultrabooks and Ultra-slim notebooks. Supports TRIM command, Garbage Collection technology, RAID, and ECC (Error Checking & Correction) to provide the optimized performance and enhanced reliability.",
    "category": "electronics",
    "image": "https://fakestoreapi.com/img/71kWymZ+c+L._AC_SX679_t.png",
    "rating": {
      "rate": 4.8,
      "count": 319
    }
  },
  {
    "id": 12,
    "title": "WD 4TB Gaming Drive Works with Playstation 4 Portable External Hard Drive",
    "price": 114,
    "description": "Expand your PS4 gaming experience, Play anywhere Fast and easy, setup Sleek design with high capacity, 3-year manufacturer's limited warranty",
    "category": "electronics",
    "image": "https://fakestoreapi.com/img/61mtL65D4cL._AC_SX679_t.png",
    "rating": {
      "rate": 4.8,
      "count": 400
    }
  },
  {
    "id": 13,
    "title": "Acer SB220Q bi 21.5 inches Full HD (1920 x 1080) IPS Ultra-Thin",
    "price": 599,
[...]
1 < Content-Type: application/json; charset=utf-8
1 < Transfer-Encoding: chunked
1 < Connection: keep-alive
1 < access-control-allow-origin: *
1 < etag: W/"12d-rQ3vazNILlcEdp3VtaYW0Rr1+SY"
1 < x-powered-by: Express
1 < cf-cache-status: DYNAMIC
1 < Nel: {"report_to":"cf-nel","success_fraction":0.0,"max_age":604800}
1 < Server-Timing: cfCacheStatus;desc="DYNAMIC"
1 < Server-Timing: cfEdge;dur=3,cfOrigin;dur=221
1 < Report-To: {"group":"cf-nel","max_age":604800,"endpoints":[{"url":"https://a.nel.cloudflare.com/report/v4?s=W9HpRahn3b8rO3gbX9RIczvAiojA1vEi1lIvp50P0Zo5F7Rz5d6S0YkX6%2FwAv3ijpHVnbK89Rp%2FUn%2FTZZhOGOdRmHd6f9UghRnR6Bal4yFA%3D"}]}
1 < Server: cloudflare
1 < CF-RAY: 9a7d9747c86938d3-MIA
1 < alt-svc: h3=":443"; ma=86400
{"address":{"geolocation":{"lat":"-37.3159","long":"81.1496"},"city":"kilcoole","street":"Lovers Ln","number":7267,"zipcode":"12926-3874"},"id":2,"email":"morrison@gmail.com","username":"mor_2314","password":"83r5^_","name":{"firstname":"david","lastname":"morrison"},"phone":"1-570-236-7033","__v":0}

15:31:58.630 [pool-2-thread-2] INFO  com.intuit.karate - [print] {
  "address": {
    "geolocation": {
      "lat": "-37.3159",
      "long": "81.1496"
    },
    "city": "kilcoole",
    "street": "Lovers Ln",
    "number": 7267,
    "zipcode": "12926-3874"
  },
  "id": 2,
  "email": "morrison@gmail.com",
  "username": "mor_2314",
  "password": "83r5^_",
  "name": {
    "firstname": "david",
    "lastname": "morrison"
  },
  "phone": "1-570-236-7033",
  "__v": 0
}
 
15:31:58.632 [pool-2-thread-2] INFO  com.intuit.karate - karate.env system property was: null 
15:31:58.634 [pool-2-thread-2] DEBUG com.intuit.karate - request:
1 > POST https://fakestoreapi.com/users
1 > Content-Type: application/json; charset=UTF-8
1 > Content-Length: 253
1 > Host: fakestoreapi.com
1 > Connection: Keep-Alive
1 > User-Agent: Apache-HttpClient/4.5.14 (Java/17.0.17)
1 > Accept-Encoding: gzip,deflate
{"email":"test@mail.com","username":"mairons","password":"pass123","name":{"firstname":"john","lastname":"doe"},"address":{"geolocation":{"lat":"1","long":"2"},"city":"Bogota","street":"Calle falsa","number":123,"zipcode":"11111"},"phone":"123-456-789"}

15:31:58.822 [pool-2-thread-1] DEBUG com.intuit.karate - response time in milliseconds: 429
2 < 200
2 < Date: Tue, 02 Dec 2025 20:31:59 GMT
2 < Content-Type: application/json; charset=utf-8
2 < Transfer-Encoding: chunked
2 < Connection: keep-alive
2 < access-control-allow-origin: *
2 < etag: W/"4-K+iMpCQsduglOsYkdIUQZQMtaDM"
2 < x-powered-by: Express
2 < cf-cache-status: DYNAMIC
2 < Nel: {"report_to":"cf-nel","success_fraction":0.0,"max_age":604800}
2 < Server-Timing: cfCacheStatus;desc="DYNAMIC"
2 < Server-Timing: cfEdge;dur=2,cfOrigin;dur=220
2 < Report-To: {"group":"cf-nel","max_age":604800,"endpoints":[{"url":"https://a.nel.cloudflare.com/report/v4?s=zFDRY1CVQHCLyBDXMLCq7Qo3qCo71HPLHfPWlABy6QQSrg5Z9d0dhYVRQ3DTOkk2kDY97ebvxPyOiwvrs%2FyFhzRYx3LE61W1j71tWZU8XfY%3D"}]}
2 < Server: cloudflare
2 < CF-RAY: 9a7d97490d33b249-MIA
2 < alt-svc: h3=":443"; ma=86400
null

15:31:58.823 [pool-2-thread-1] INFO  com.intuit.karate - [print] null 
15:31:58.825 [pool-2-thread-1] INFO  com.intuit.karate - karate.env system property was: null 
15:31:58.827 [pool-2-thread-1] DEBUG com.intuit.karate - request:
1 > POST https://fakestoreapi.com/users
1 > Host: fakestoreapi.com
1 > Connection: Keep-Alive
1 > User-Agent: Apache-HttpClient/4.5.14 (Java/17.0.17)
1 > Accept-Encoding: gzip,deflate


15:31:58.890 [pool-2-thread-3] DEBUG com.intuit.karate - response time in milliseconds: 436
1 < 200
1 < Date: Tue, 02 Dec 2025 20:31:59 GMT
1 < Content-Type: application/json; charset=utf-8
1 < Transfer-Encoding: chunked
1 < Connection: keep-alive
1 < access-control-allow-origin: *
1 < etag: W/"4-K+iMpCQsduglOsYkdIUQZQMtaDM"
1 < x-powered-by: Express
1 < cf-cache-status: DYNAMIC
1 < Nel: {"report_to":"cf-nel","success_fraction":0.0,"max_age":604800}
1 < Server-Timing: cfCacheStatus;desc="DYNAMIC"
1 < Server-Timing: cfEdge;dur=5,cfOrigin;dur=226
1 < Report-To: {"group":"cf-nel","max_age":604800,"endpoints":[{"url":"https://a.nel.cloudflare.com/report/v4?s=a3Eh11%2BoA2Ldb%2BtRndbeTqDZhEf9Ca6wQqiybGAqO8mE2%2B9FBHkfN8%2F4x81Y0deDz%2F9OUVlilYPI7GGRxN2gBX2LHOM%2F2gE%2BgB7rZBgOagU%3D"}]}
1 < Server: cloudflare
1 < CF-RAY: 9a7d97495e8e257d-MIA
1 < alt-svc: h3=":443"; ma=86400
null

15:31:58.890 [pool-2-thread-3] ERROR com.intuit.karate - classpath:examples/users/users.feature:66
Then status 400
status code was: 200, expected: 400, response time in milliseconds: 436, url: https://fakestoreapi.com/carts/500, response: 
null
classpath:examples/users/users.feature:66
15:31:58.892 [pool-2-thread-3] INFO  com.intuit.karate - karate.env system property was: null 
15:31:58.894 [pool-2-thread-3] DEBUG com.intuit.karate - request:
1 > POST https://fakestoreapi.com/users
1 > Host: fakestoreapi.com
1 > Connection: Keep-Alive
1 > User-Agent: Apache-HttpClient/4.5.14 (Java/17.0.17)
1 > Accept-Encoding: gzip,deflate


15:31:59.080 [pool-2-thread-2] DEBUG com.intuit.karate - response time in milliseconds: 445
1 < 201
1 < Date: Tue, 02 Dec 2025 20:31:59 GMT
1 < Content-Type: application/json; charset=utf-8
1 < Content-Length: 9
1 < Connection: keep-alive
1 < access-control-allow-origin: *
1 < etag: W/"9-hVv0cNJophUD7CGn+ZqXp8tVGo0"
1 < x-powered-by: Express
1 < cf-cache-status: DYNAMIC
1 < Nel: {"report_to":"cf-nel","success_fraction":0.0,"max_age":604800}
1 < Server-Timing: cfCacheStatus;desc="DYNAMIC"
1 < Server-Timing: cfEdge;dur=5,cfOrigin;dur=230
1 < Report-To: {"group":"cf-nel","max_age":604800,"endpoints":[{"url":"https://a.nel.cloudflare.com/report/v4?s=3fTovPouH5rROBitToA6vqYHHf%2FjHHNOqd%2BqxcOCAcQudzelmcPIkgl67Vs2%2By3dzY%2FiCDK%2BWL29oUQAd6obwDy1pcYxqYU%2Bm8bL1Wevz9w%3D"}]}
1 < Server: cloudflare
1 < CF-RAY: 9a7d974a8ac2a515-MIA
1 < alt-svc: h3=":443"; ma=86400
{"id":11}

15:31:59.081 [pool-2-thread-2] ERROR com.intuit.karate - classpath:examples/users/users.feature:77
Then status 400
status code was: 201, expected: 400, response time in milliseconds: 445, url: https://fakestoreapi.com/users, response: 
{"id":11}
classpath:examples/users/users.feature:77
15:31:59.082 [pool-2-thread-2] INFO  com.intuit.karate - karate.env system property was: null 
15:31:59.085 [pool-2-thread-2] DEBUG com.intuit.karate - request:
1 > POST https://fakestoreapi.com/users
1 > Host: fakestoreapi.com
1 > Connection: Keep-Alive
1 > User-Agent: Apache-HttpClient/4.5.14 (Java/17.0.17)
1 > Accept-Encoding: gzip,deflate


15:31:59.251 [pool-2-thread-1] DEBUG com.intuit.karate - response time in milliseconds: 424
1 < 201
1 < Date: Tue, 02 Dec 2025 20:31:59 GMT
1 < Content-Type: application/json; charset=utf-8
1 < Content-Length: 8
1 < Connection: keep-alive
1 < access-control-allow-origin: *
1 < etag: W/"8-h5EdGu1QmHe4OkjsU292jNzSLfE"
1 < x-powered-by: Express
1 < cf-cache-status: DYNAMIC
1 < Nel: {"report_to":"cf-nel","success_fraction":0.0,"max_age":604800}
1 < Server-Timing: cfCacheStatus;desc="DYNAMIC"
1 < Server-Timing: cfEdge;dur=6,cfOrigin;dur=225
1 < Report-To: {"group":"cf-nel","max_age":604800,"endpoints":[{"url":"https://a.nel.cloudflare.com/report/v4?s=F69Rie%2Fqxkgtzgn1leEHE4g5xzUO3N2y3LHGE5lNO2SvaveaRQdct%2BW0dHj6gKj8jH1AbVIT480iRcVO53ZIben5ECJyY4PCUqeZffLmF3k%3D"}]}
1 < Server: cloudflare
1 < CF-RAY: 9a7d974bae309aec-MIA
1 < alt-svc: h3=":443"; ma=86400
{"id":1}

15:31:59.252 [pool-2-thread-1] ERROR com.intuit.karate - classpath:examples/users/users.feature:88
Then status 400
status code was: 201, expected: 400, response time in milliseconds: 424, url: https://fakestoreapi.com/users, response: 
{"id":1}
classpath:examples/users/users.feature:88
15:31:59.253 [pool-2-thread-1] INFO  com.intuit.karate - karate.env system property was: null 
15:31:59.254 [pool-2-thread-1] DEBUG com.intuit.karate - request:
1 > DELETE https://fakestoreapi.com/users/5000
1 > Host: fakestoreapi.com
1 > Connection: Keep-Alive
1 > User-Agent: Apache-HttpClient/4.5.14 (Java/17.0.17)
1 > Accept-Encoding: gzip,deflate


15:31:59.319 [pool-2-thread-3] DEBUG com.intuit.karate - response time in milliseconds: 424
1 < 201
1 < Date: Tue, 02 Dec 2025 20:31:59 GMT
1 < Content-Type: application/json; charset=utf-8
1 < Content-Length: 8
1 < Connection: keep-alive
1 < access-control-allow-origin: *
1 < etag: W/"8-h5EdGu1QmHe4OkjsU292jNzSLfE"
1 < x-powered-by: Express
1 < cf-cache-status: DYNAMIC
1 < Nel: {"report_to":"cf-nel","success_fraction":0.0,"max_age":604800}
1 < Server-Timing: cfCacheStatus;desc="DYNAMIC"
1 < Server-Timing: cfEdge;dur=1,cfOrigin;dur=220
1 < Report-To: {"group":"cf-nel","max_age":604800,"endpoints":[{"url":"https://a.nel.cloudflare.com/report/v4?s=NHuJXJAvqwnwE8V1K5%2BIUOy2sTVkW1kErsseE3YT6Ost5y2wd2jCc7tbfClsRhwsPS3m3iHZqrXuKhhE%2FVPidBwiV2toGX5hDgLF7%2BbSPxc%3D"}]}
1 < Server: cloudflare
1 < CF-RAY: 9a7d974c1a8538d3-MIA
1 < alt-svc: h3=":443"; ma=86400
{"id":1}

15:31:59.320 [pool-2-thread-3] ERROR com.intuit.karate - classpath:examples/users/users.feature:100
Then status 400
status code was: 201, expected: 400, response time in milliseconds: 424, url: https://fakestoreapi.com/users, response: 
{"id":1}
classpath:examples/users/users.feature:100
15:31:59.322 [pool-2-thread-3] INFO  com.intuit.karate - karate.env system property was: null 
15:31:59.324 [pool-2-thread-3] DEBUG com.intuit.karate - request:
1 > DELETE https://fakestoreapi.com/users/6
1 > Content-Type: application/json; charset=UTF-8
1 > Content-Length: 262
1 > Host: fakestoreapi.com
1 > Connection: Keep-Alive
1 > User-Agent: Apache-HttpClient/4.5.14 (Java/17.0.17)
1 > Accept-Encoding: gzip,deflate
{"email":"test@mail.com","username":"testuser","password":"pass123","name":{"firstname":"john","lastname":"doe"},"address":{"geolocation":{"lat":"1","long":"2"},"city":"Bogota","street":"Calle falsa","number":123,"zipcode":"11111"},"phone":"123-456-789","id":50}

15:31:59.519 [pool-2-thread-2] DEBUG com.intuit.karate - response time in milliseconds: 433
1 < 201
1 < Date: Tue, 02 Dec 2025 20:31:59 GMT
1 < Content-Type: application/json; charset=utf-8
1 < Content-Length: 9
1 < Connection: keep-alive
1 < access-control-allow-origin: *
1 < etag: W/"9-hVv0cNJophUD7CGn+ZqXp8tVGo0"
1 < x-powered-by: Express
1 < cf-cache-status: DYNAMIC
1 < Nel: {"report_to":"cf-nel","success_fraction":0.0,"max_age":604800}
1 < Server-Timing: cfCacheStatus;desc="DYNAMIC"
1 < Server-Timing: cfEdge;dur=5,cfOrigin;dur=226
1 < Report-To: {"group":"cf-nel","max_age":604800,"endpoints":[{"url":"https://a.nel.cloudflare.com/report/v4?s=B%2B8HaqTuufQG9RjbdCDd0Hje0OmEcg7YRpStdi8XyjI5r4sPD2BoOysRViEkPQ0AFUFhisSBf%2BGGdetGsmBs32zhwXdzhy34P0fjsB6GUhM%3D"}]}
1 < Server: cloudflare
1 < CF-RAY: 9a7d974d4e74a53f-MIA
1 < alt-svc: h3=":443"; ma=86400
{"id":11}

15:31:59.519 [pool-2-thread-2] ERROR com.intuit.karate - classpath:examples/users/users.feature:112
Then status 400
status code was: 201, expected: 400, response time in milliseconds: 433, url: https://fakestoreapi.com/users, response: 
{"id":11}
classpath:examples/users/users.feature:112
15:31:59.688 [pool-2-thread-1] DEBUG com.intuit.karate - response time in milliseconds: 434
1 < 200
1 < Date: Tue, 02 Dec 2025 20:31:59 GMT
1 < Content-Type: application/json; charset=utf-8
1 < Transfer-Encoding: chunked
1 < Connection: keep-alive
1 < access-control-allow-origin: *
1 < etag: W/"4-K+iMpCQsduglOsYkdIUQZQMtaDM"
1 < x-powered-by: Express
1 < cf-cache-status: DYNAMIC
1 < Nel: {"report_to":"cf-nel","success_fraction":0.0,"max_age":604800}
1 < Server-Timing: cfCacheStatus;desc="DYNAMIC"
1 < Server-Timing: cfEdge;dur=2,cfOrigin;dur=223
1 < Report-To: {"group":"cf-nel","max_age":604800,"endpoints":[{"url":"https://a.nel.cloudflare.com/report/v4?s=SOGMoEDLBk07eqYOkrVfsQBdbskEljystJQUvF93Hs2U9AJLNol44dWHGNK%2BK9iels3NBeZ9c2PeX5FWX%2FRlwHbA5s1D4hFfVpXiLlGHTK0%3D"}]}
1 < Server: cloudflare
1 < CF-RAY: 9a7d974e6a0ed8af-MIA
1 < alt-svc: h3=":443"; ma=86400
null

15:31:59.689 [pool-2-thread-1] ERROR com.intuit.karate - classpath:examples/users/users.feature:118
Then status 400
status code was: 200, expected: 400, response time in milliseconds: 434, url: https://fakestoreapi.com/users/5000, response: 
null
classpath:examples/users/users.feature:118
15:31:59.752 [pool-2-thread-3] DEBUG com.intuit.karate - response time in milliseconds: 427
1 < 200
1 < Date: Tue, 02 Dec 2025 20:32:00 GMT
1 < Content-Type: application/json; charset=utf-8
1 < Transfer-Encoding: chunked
1 < Connection: keep-alive
1 < access-control-allow-origin: *
1 < etag: W/"12c-qh6raI/EWS3a5DDlu8tTdvjmcN0"
1 < x-powered-by: Express
1 < cf-cache-status: DYNAMIC
1 < Nel: {"report_to":"cf-nel","success_fraction":0.0,"max_age":604800}
1 < Server-Timing: cfCacheStatus;desc="DYNAMIC"
1 < Server-Timing: cfEdge;dur=5,cfOrigin;dur=225
1 < Report-To: {"group":"cf-nel","max_age":604800,"endpoints":[{"url":"https://a.nel.cloudflare.com/report/v4?s=ksZvTTB2DDxrNQ8gUlRKXldm0j3u7Bz1GGceVc8q8AQ%2FHkFEQbGkYlZIycIvkesJEUc9UkRCpEbVGhVBJzq1PCOfeC3kaw7D%2FZ1P6BMM4Kc%3D"}]}
1 < Server: cloudflare
1 < CF-RAY: 9a7d974ecba4cf39-MIA
1 < alt-svc: h3=":443"; ma=86400
{"address":{"geolocation":{"lat":"20.1677","long":"-10.6789"},"city":"el paso","street":"prospect st","number":124,"zipcode":"12346-0456"},"id":6,"email":"david_r@gmail.com","username":"david_r","password":"3478*#54","name":{"firstname":"david","lastname":"russell"},"phone":"1-678-345-9856","__v":0}

15:31:59.753 [pool-2-thread-3] ERROR com.intuit.karate - classpath:examples/users/users.feature:128
Then status 400
status code was: 200, expected: 400, response time in milliseconds: 427, url: https://fakestoreapi.com/users/6, response: 
{"address":{"geolocation":{"lat":"20.1677","long":"-10.6789"},"city":"el paso","street":"prospect st","number":124,"zipcode":"12346-0456"},"id":6,"email":"david_r@gmail.com","username":"david_r","password":"3478*#54","name":{"firstname":"david","lastname":"russell"},"phone":"1-678-345-9856","__v":0}
classpath:examples/users/users.feature:128
---------------------------------------------------------
feature: classpath:examples/users/users.feature
scenarios: 13 | passed:  6 | failed:  7 | time: 6.2338
---------------------------------------------------------

15:31:59.829 [pool-3-thread-1] INFO  com.intuit.karate.Suite - <<fail>> feature 4 of 4 (0 remaining) classpath:examples/users/users.feature
Karate version: 1.4.1
======================================================
elapsed:   7.48 | threads:    3 | thread time: 21.01 
features:     4 | skipped:    0 | efficiency: 0.94
scenarios:   48 | passed:    31 | failed: 17
======================================================
>>> failed features:
status code was: 200, expected: 400, response time in milliseconds: 422, url: https://fakestoreapi.com/carts/100, response: 
null
classpath:examples/carts/carts.feature:80
status code was: 200, expected: 400, response time in milliseconds: 426, url: https://fakestoreapi.com/carts/500, response: 
null
classpath:examples/carts/carts.feature:86
status code was: 201, expected: 400, response time in milliseconds: 341, url: https://fakestoreapi.com/carts, response: 
{"id":11}
classpath:examples/carts/carts.feature:94
status code was: 201, expected: 400, response time in milliseconds: 336, url: https://fakestoreapi.com/carts, response: 
{"id":11}
classpath:examples/carts/carts.feature:102
status code was: 200, expected: 400, response time in milliseconds: 437, url: https://fakestoreapi.com/carts, response: 
[{"id":1,"userId":1,"date":"2020-03-02T00:00:00.000Z","products":[{"productId":1,"quantity":4},{"productId":2,"quantity":1},{"productId":3,"quantity":6}],"__v":0},{"id":2,"userId":1,"date":"2020-01-02T00:00:00.000Z","products":[{"productId":2,"quantity":4},{"productId":1,"quantity":10},{"productId":5,"quantity":2}],"__v":0},{"id":3,"userId":2,"date":"2020-03-01T00:00:00.000Z","products":[{"productId":1,"quantity":2},{"productId":9,"quantity":1}],"__v":0},{"id":4,"userId":3,"date":"2020-01-01T00:00:00.000Z","products":[{"productId":1,"quantity":4}],"__v":0},{"id":5,"userId":3,"date":"2020-03-01T00:00:00.000Z","products":[{"productId":7,"quantity":1},{"productId":8,"quantity":1}],"__v":0},{"id":6,"userId":4,"date":"2020-03-01T00:00:00.000Z","products":[{"productId":10,"quantity":2},{"productId":12,"quantity":3}],"__v":0},{"id":7,"userId":8,"date":"2020-03-01T00:00:00.000Z","products":[{"productId":18,"quantity":1}],"__v":0}]
classpath:examples/carts/carts.feature:114
status code was: 200, expected: 400, response time in milliseconds: 316, url: https://fakestoreapi.com/products/500, response: 

classpath:examples/products/products.feature:93
status code was: 200, expected: 400, response time in milliseconds: 331, url: https://fakestoreapi.com/products/900, response: 

classpath:examples/products/products.feature:106
status code was: 200, expected: 400, response time in milliseconds: 318, url: https://fakestoreapi.com/products/1, response: 
{"id":1,"title":"Fjallraven - Foldsack No. 1 Backpack, Fits 15 Laptops","price":109.95,"description":"Your perfect pack for everyday use and walks in the forest. Stash your laptop (up to 15 inches) in the padded sleeve, your everyday","category":"men's clothing","image":"https://fakestoreapi.com/img/81fPKd-2AYL._AC_SL1500_t.png","rating":{"rate":3.9,"count":120}}
classpath:examples/products/products.feature:113
status code was: 200, expected: 400, response time in milliseconds: 324, url: https://fakestoreapi.com/products/1, response: 
{"id":1,"title":"Fjallraven - Foldsack No. 1 Backpack, Fits 15 Laptops","price":109.95,"description":"Your perfect pack for everyday use and walks in the forest. Stash your laptop (up to 15 inches) in the padded sleeve, your everyday","category":"men's clothing","image":"https://fakestoreapi.com/img/81fPKd-2AYL._AC_SL1500_t.png","rating":{"rate":3.9,"count":120}}
classpath:examples/products/products.feature:121
status code was: 201, expected: 400, response time in milliseconds: 334, url: https://fakestoreapi.com/products, response: 
{"id":21,"title":"Titulo nuevo","price":40000,"description":"Nueva descripción","image":"example.com","category":"Nueva categoría"}
classpath:examples/products/products.feature:139
status code was: 200, expected: 400, response time in milliseconds: 436, url: https://fakestoreapi.com/carts/500, response: 
null
classpath:examples/users/users.feature:66
status code was: 201, expected: 400, response time in milliseconds: 445, url: https://fakestoreapi.com/users, response: 
{"id":11}
classpath:examples/users/users.feature:77
status code was: 201, expected: 400, response time in milliseconds: 424, url: https://fakestoreapi.com/users, response: 
{"id":1}
classpath:examples/users/users.feature:88
status code was: 201, expected: 400, response time in milliseconds: 424, url: https://fakestoreapi.com/users, response: 
{"id":1}
classpath:examples/users/users.feature:100
status code was: 201, expected: 400, response time in milliseconds: 433, url: https://fakestoreapi.com/users, response: 
{"id":11}
classpath:examples/users/users.feature:112
status code was: 200, expected: 400, response time in milliseconds: 434, url: https://fakestoreapi.com/users/5000, response: 
null
classpath:examples/users/users.feature:118
status code was: 200, expected: 400, response time in milliseconds: 427, url: https://fakestoreapi.com/users/6, response: 
{"address":{"geolocation":{"lat":"20.1677","long":"-10.6789"},"city":"el paso","street":"prospect st","number":124,"zipcode":"12346-0456"},"id":6,"email":"david_r@gmail.com","username":"david_r","password":"3478*#54","name":{"firstname":"david","lastname":"russell"},"phone":"1-678-345-9856","__v":0}
classpath:examples/users/users.feature:128
<<<

HTML report: (paste into browser to view) | Karate version: 1.4.1
file:///C:/Users/Mairon/Documents/Karate%20automation/technical_test/target/karate-reports/karate-summary.html
===================================================================

]]></system-out>
  </testcase>
</testsuite>